2025-01-11 19:53:11,227	[INFO]	[algo_reco.train]	[log.py:50] 
2025-01-11 19:53:11,228	[INFO]	[algo_reco.train]	[log.py:50] 
2025-01-11 19:53:11,228	[INFO]	[algo_reco.train]	[log.py:50] 
2025-01-11 19:53:11,228	[INFO]	[algo_reco.train]	[log.py:50] 
2025-01-11 19:53:11,228	[INFO]	[algo_reco.train]	[log.py:50] 
2025-01-11 19:53:11,228	[INFO]	[algo_reco.train]	[log.py:51] ========== new log ==========
2025-01-11 19:53:11,228	[DEBUG]	[algo_reco.train]	[log.py:52] logfile is [/root/develop/news_summarization_data_pyramid/logs/t5_pegasus/250111195311.train.one_stage.log]
2025-01-11 19:53:11,228	[INFO]	[algo_reco.train]	[log.py:60] init logger done
2025-01-11 19:53:11,228	[INFO]	[algo_reco.train]	[log.py:61] 
2025-01-11 19:53:11,228	[DEBUG]	[algo_reco.train]	[t5_pegasus_finetune.py:309] ===== input args =====
2025-01-11 19:53:11,228	[DEBUG]	[algo_reco.train]	[t5_pegasus_finetune.py:311] train_data: data/THUCNews/abstractive_pseudo_summary_datasets_zhipu.train.txt
2025-01-11 19:53:11,228	[DEBUG]	[algo_reco.train]	[t5_pegasus_finetune.py:311] dev_data: data/THUCNews/abstractive_pseudo_summary_datasets_zhipu.test.txt
2025-01-11 19:53:11,228	[DEBUG]	[algo_reco.train]	[t5_pegasus_finetune.py:311] pretrain_model: /root/develop/news_summarization_data_pyramid/model/chinese_t5_pegasus_base_torch
2025-01-11 19:53:11,228	[DEBUG]	[algo_reco.train]	[t5_pegasus_finetune.py:311] model_dir: /root/develop/news_summarization_data_pyramid/model/saved_model
2025-01-11 19:53:11,228	[DEBUG]	[algo_reco.train]	[t5_pegasus_finetune.py:311] model_specific_dir: t5_pegasus
2025-01-11 19:53:11,228	[DEBUG]	[algo_reco.train]	[t5_pegasus_finetune.py:311] num_epoch: 20
2025-01-11 19:53:11,228	[DEBUG]	[algo_reco.train]	[t5_pegasus_finetune.py:311] batch_size: 4
2025-01-11 19:53:11,228	[DEBUG]	[algo_reco.train]	[t5_pegasus_finetune.py:311] lr: 0.0002
2025-01-11 19:53:11,228	[DEBUG]	[algo_reco.train]	[t5_pegasus_finetune.py:311] data_parallel: False
2025-01-11 19:53:11,228	[DEBUG]	[algo_reco.train]	[t5_pegasus_finetune.py:311] max_len: 1024
2025-01-11 19:53:11,228	[DEBUG]	[algo_reco.train]	[t5_pegasus_finetune.py:311] max_len_generate: 150
2025-01-11 19:53:11,228	[DEBUG]	[algo_reco.train]	[t5_pegasus_finetune.py:311] length_penalty: 1.2
2025-01-11 19:53:11,228	[DEBUG]	[algo_reco.train]	[t5_pegasus_finetune.py:311] stage: one_stage
2025-01-11 19:53:11,228	[DEBUG]	[algo_reco.train]	[t5_pegasus_finetune.py:312] 
2025-01-11 19:54:01,816	[INFO]	[algo_reco.train]	[t5_pegasus_finetune.py:244] Iter 0:  Training Loss: 30.733522415161133
2025-01-11 19:54:23,553	[INFO]	[algo_reco.train]	[t5_pegasus_finetune.py:244] Iter 100:  Training Loss: 5.775171756744385
