2025-01-11 17:34:51,513	[INFO]	[algo_reco.train]	[log.py:50] 
2025-01-11 17:34:51,514	[INFO]	[algo_reco.train]	[log.py:50] 
2025-01-11 17:34:51,514	[INFO]	[algo_reco.train]	[log.py:50] 
2025-01-11 17:34:51,514	[INFO]	[algo_reco.train]	[log.py:50] 
2025-01-11 17:34:51,514	[INFO]	[algo_reco.train]	[log.py:50] 
2025-01-11 17:34:51,514	[INFO]	[algo_reco.train]	[log.py:51] ========== new log ==========
2025-01-11 17:34:51,514	[DEBUG]	[algo_reco.train]	[log.py:52] logfile is [/root/develop/news_summarization_data_pyramid/logs/t5_pegasus/250111173451.train.log]
2025-01-11 17:34:51,514	[INFO]	[algo_reco.train]	[log.py:60] init logger done
2025-01-11 17:34:51,514	[INFO]	[algo_reco.train]	[log.py:61] 
2025-01-11 17:34:51,514	[DEBUG]	[algo_reco.train]	[t5_pegasus_finetune.py:300] ===== input args =====
2025-01-11 17:34:51,514	[DEBUG]	[algo_reco.train]	[t5_pegasus_finetune.py:302] train_data: data/THUCNews/companies_news_info_v2.train.txt
2025-01-11 17:34:51,514	[DEBUG]	[algo_reco.train]	[t5_pegasus_finetune.py:302] dev_data: data/THUCNews/companies_news_info_v2.train.txt
2025-01-11 17:34:51,514	[DEBUG]	[algo_reco.train]	[t5_pegasus_finetune.py:302] pretrain_model: /root/develop/news_summarization_data_pyramid/model/chinese_t5_pegasus_base_torch
2025-01-11 17:34:51,514	[DEBUG]	[algo_reco.train]	[t5_pegasus_finetune.py:302] model_dir: /root/develop/news_summarization_data_pyramid/model/saved_model
2025-01-11 17:34:51,514	[DEBUG]	[algo_reco.train]	[t5_pegasus_finetune.py:302] model_specific_dir: t5_pegasus
2025-01-11 17:34:51,514	[DEBUG]	[algo_reco.train]	[t5_pegasus_finetune.py:302] num_epoch: 20
2025-01-11 17:34:51,514	[DEBUG]	[algo_reco.train]	[t5_pegasus_finetune.py:302] batch_size: 8
2025-01-11 17:34:51,514	[DEBUG]	[algo_reco.train]	[t5_pegasus_finetune.py:302] lr: 0.0002
2025-01-11 17:34:51,514	[DEBUG]	[algo_reco.train]	[t5_pegasus_finetune.py:302] data_parallel: False
2025-01-11 17:34:51,514	[DEBUG]	[algo_reco.train]	[t5_pegasus_finetune.py:302] max_len: 512
2025-01-11 17:34:51,514	[DEBUG]	[algo_reco.train]	[t5_pegasus_finetune.py:302] max_len_generate: 40
2025-01-11 17:34:51,515	[DEBUG]	[algo_reco.train]	[t5_pegasus_finetune.py:303] 
2025-01-11 17:34:59,855	[INFO]	[algo_reco.train]	[t5_pegasus_finetune.py:239] Iter 0:  Training Loss: 2.709686517715454
2025-01-11 17:35:18,791	[INFO]	[algo_reco.train]	[t5_pegasus_finetune.py:268] Validation Loss: {'rouge-1': 0.5986949645182046, 'rouge-2': 0.4626900170216667, 'rouge-l': 0.5626054419119964}
2025-01-11 17:35:20,807	[INFO]	[algo_reco.train]	[t5_pegasus_finetune.py:239] Iter 0:  Training Loss: 1.4407025575637817
2025-01-11 17:35:38,543	[INFO]	[algo_reco.train]	[t5_pegasus_finetune.py:268] Validation Loss: {'rouge-1': 0.6296424175156352, 'rouge-2': 0.5097878675039685, 'rouge-l': 0.5990976045160173}
2025-01-11 17:35:40,515	[INFO]	[algo_reco.train]	[t5_pegasus_finetune.py:239] Iter 0:  Training Loss: 0.8656226396560669
2025-01-11 17:35:57,939	[INFO]	[algo_reco.train]	[t5_pegasus_finetune.py:268] Validation Loss: {'rouge-1': 0.6693055885009503, 'rouge-2': 0.5636693545133713, 'rouge-l': 0.6495156981951418}
2025-01-11 17:35:59,859	[INFO]	[algo_reco.train]	[t5_pegasus_finetune.py:239] Iter 0:  Training Loss: 0.5963759422302246
2025-01-11 17:36:17,430	[INFO]	[algo_reco.train]	[t5_pegasus_finetune.py:268] Validation Loss: {'rouge-1': 0.6894893819680963, 'rouge-2': 0.5963444149938403, 'rouge-l': 0.6700457704448144}
2025-01-11 17:36:19,320	[INFO]	[algo_reco.train]	[t5_pegasus_finetune.py:239] Iter 0:  Training Loss: 0.4385504424571991
2025-01-11 17:36:36,978	[INFO]	[algo_reco.train]	[t5_pegasus_finetune.py:268] Validation Loss: {'rouge-1': 0.7189744751886581, 'rouge-2': 0.6362247247685245, 'rouge-l': 0.7109337939472353}
2025-01-11 17:36:38,971	[INFO]	[algo_reco.train]	[t5_pegasus_finetune.py:239] Iter 0:  Training Loss: 0.44352126121520996
2025-01-11 17:37:03,172	[INFO]	[algo_reco.train]	[t5_pegasus_finetune.py:268] Validation Loss: {'rouge-1': 0.7377099072529149, 'rouge-2': 0.6628931134950775, 'rouge-l': 0.7303997202391772}
2025-01-11 17:37:05,268	[INFO]	[algo_reco.train]	[t5_pegasus_finetune.py:239] Iter 0:  Training Loss: 0.2873251438140869
2025-01-11 17:37:22,700	[INFO]	[algo_reco.train]	[t5_pegasus_finetune.py:268] Validation Loss: {'rouge-1': 0.7490404510932679, 'rouge-2': 0.6750503739623036, 'rouge-l': 0.7421300209863912}
2025-01-11 17:37:24,759	[INFO]	[algo_reco.train]	[t5_pegasus_finetune.py:239] Iter 0:  Training Loss: 0.22009587287902832
2025-01-11 17:37:42,368	[INFO]	[algo_reco.train]	[t5_pegasus_finetune.py:268] Validation Loss: {'rouge-1': 0.7530349028089941, 'rouge-2': 0.6846554131356348, 'rouge-l': 0.7486546266502021}
2025-01-11 17:37:44,389	[INFO]	[algo_reco.train]	[t5_pegasus_finetune.py:239] Iter 0:  Training Loss: 0.22107549011707306
2025-01-11 17:38:02,128	[INFO]	[algo_reco.train]	[t5_pegasus_finetune.py:268] Validation Loss: {'rouge-1': 0.7640082547468434, 'rouge-2': 0.7010768135626547, 'rouge-l': 0.7630211373160005}
2025-01-11 17:38:03,953	[INFO]	[algo_reco.train]	[t5_pegasus_finetune.py:239] Iter 0:  Training Loss: 0.09823334217071533
2025-01-11 17:38:21,451	[INFO]	[algo_reco.train]	[t5_pegasus_finetune.py:268] Validation Loss: {'rouge-1': 0.7636358743995032, 'rouge-2': 0.700558781959261, 'rouge-l': 0.7624623320354875}
2025-01-11 17:38:21,557	[INFO]	[algo_reco.train]	[t5_pegasus_finetune.py:239] Iter 0:  Training Loss: 0.09748070687055588
2025-01-11 17:38:39,112	[INFO]	[algo_reco.train]	[t5_pegasus_finetune.py:268] Validation Loss: {'rouge-1': 0.7647899945192256, 'rouge-2': 0.7016530454878074, 'rouge-l': 0.763422816622786}
2025-01-11 17:38:41,160	[INFO]	[algo_reco.train]	[t5_pegasus_finetune.py:239] Iter 0:  Training Loss: 0.15284107625484467
2025-01-11 17:38:59,158	[INFO]	[algo_reco.train]	[t5_pegasus_finetune.py:268] Validation Loss: {'rouge-1': 0.7660740086888717, 'rouge-2': 0.704220606918424, 'rouge-l': 0.7656005723969056}
2025-01-11 17:39:01,702	[INFO]	[algo_reco.train]	[t5_pegasus_finetune.py:239] Iter 0:  Training Loss: 0.16825202107429504
2025-01-11 17:39:19,950	[INFO]	[algo_reco.train]	[t5_pegasus_finetune.py:268] Validation Loss: {'rouge-1': 0.7694349575384883, 'rouge-2': 0.7079600662109781, 'rouge-l': 0.7689744347357574}
2025-01-11 17:39:23,519	[INFO]	[algo_reco.train]	[t5_pegasus_finetune.py:239] Iter 0:  Training Loss: 0.06898549944162369
2025-01-11 17:39:41,049	[INFO]	[algo_reco.train]	[t5_pegasus_finetune.py:268] Validation Loss: {'rouge-1': 0.7676536828210607, 'rouge-2': 0.7050236544979016, 'rouge-l': 0.7670942491622074}
2025-01-11 17:39:41,152	[INFO]	[algo_reco.train]	[t5_pegasus_finetune.py:239] Iter 0:  Training Loss: 0.07989073544740677
2025-01-11 17:39:58,692	[INFO]	[algo_reco.train]	[t5_pegasus_finetune.py:268] Validation Loss: {'rouge-1': 0.7506174134103037, 'rouge-2': 0.6772051248243992, 'rouge-l': 0.7470890425364896}
2025-01-11 17:39:58,796	[INFO]	[algo_reco.train]	[t5_pegasus_finetune.py:239] Iter 0:  Training Loss: 0.3810440003871918
2025-01-11 17:40:16,367	[INFO]	[algo_reco.train]	[t5_pegasus_finetune.py:268] Validation Loss: {'rouge-1': 0.7676310087002223, 'rouge-2': 0.7051735415871908, 'rouge-l': 0.766662316877872}
2025-01-11 17:40:16,471	[INFO]	[algo_reco.train]	[t5_pegasus_finetune.py:239] Iter 0:  Training Loss: 0.06664372980594635
2025-01-11 17:40:34,059	[INFO]	[algo_reco.train]	[t5_pegasus_finetune.py:268] Validation Loss: {'rouge-1': 0.7660429868371412, 'rouge-2': 0.7035964980623128, 'rouge-l': 0.7650469970832487}
2025-01-11 17:40:34,162	[INFO]	[algo_reco.train]	[t5_pegasus_finetune.py:239] Iter 0:  Training Loss: 0.059357598423957825
2025-01-11 17:40:51,755	[INFO]	[algo_reco.train]	[t5_pegasus_finetune.py:268] Validation Loss: {'rouge-1': 0.765284176224029, 'rouge-2': 0.7044965241242771, 'rouge-l': 0.7649102785079231}
2025-01-11 17:40:51,859	[INFO]	[algo_reco.train]	[t5_pegasus_finetune.py:239] Iter 0:  Training Loss: 0.011828119866549969
2025-01-11 17:41:09,377	[INFO]	[algo_reco.train]	[t5_pegasus_finetune.py:268] Validation Loss: {'rouge-1': 0.7693380447089221, 'rouge-2': 0.7076175223670773, 'rouge-l': 0.7684981637682121}
2025-01-11 17:41:09,482	[INFO]	[algo_reco.train]	[t5_pegasus_finetune.py:239] Iter 0:  Training Loss: 0.03999947011470795
2025-01-11 17:41:27,424	[INFO]	[algo_reco.train]	[t5_pegasus_finetune.py:268] Validation Loss: {'rouge-1': 0.7683580280816356, 'rouge-2': 0.70783487897301, 'rouge-l': 0.7679841303655297}
