2025-01-11 19:24:56,224	[INFO]	[algo_reco.train]	[log.py:50] 
2025-01-11 19:24:56,225	[INFO]	[algo_reco.train]	[log.py:50] 
2025-01-11 19:24:56,225	[INFO]	[algo_reco.train]	[log.py:50] 
2025-01-11 19:24:56,225	[INFO]	[algo_reco.train]	[log.py:50] 
2025-01-11 19:24:56,225	[INFO]	[algo_reco.train]	[log.py:50] 
2025-01-11 19:24:56,225	[INFO]	[algo_reco.train]	[log.py:51] ========== new log ==========
2025-01-11 19:24:56,225	[DEBUG]	[algo_reco.train]	[log.py:52] logfile is [/root/develop/news_summarization_data_pyramid/logs/t5_pegasus/250111192456.train.one_stage.log]
2025-01-11 19:24:56,225	[INFO]	[algo_reco.train]	[log.py:60] init logger done
2025-01-11 19:24:56,225	[INFO]	[algo_reco.train]	[log.py:61] 
2025-01-11 19:24:56,225	[DEBUG]	[algo_reco.train]	[t5_pegasus_finetune.py:304] ===== input args =====
2025-01-11 19:24:56,225	[DEBUG]	[algo_reco.train]	[t5_pegasus_finetune.py:306] train_data: data/THUCNews/abstractive_pseudo_summary_datasets_zhipu.train.txt
2025-01-11 19:24:56,225	[DEBUG]	[algo_reco.train]	[t5_pegasus_finetune.py:306] dev_data: data/THUCNews/abstractive_pseudo_summary_datasets_zhipu.test.txt
2025-01-11 19:24:56,225	[DEBUG]	[algo_reco.train]	[t5_pegasus_finetune.py:306] pretrain_model: /root/develop/news_summarization_data_pyramid/model/chinese_t5_pegasus_base_torch
2025-01-11 19:24:56,225	[DEBUG]	[algo_reco.train]	[t5_pegasus_finetune.py:306] model_dir: /root/develop/news_summarization_data_pyramid/model/saved_model
2025-01-11 19:24:56,225	[DEBUG]	[algo_reco.train]	[t5_pegasus_finetune.py:306] model_specific_dir: t5_pegasus
2025-01-11 19:24:56,225	[DEBUG]	[algo_reco.train]	[t5_pegasus_finetune.py:306] num_epoch: 20
2025-01-11 19:24:56,225	[DEBUG]	[algo_reco.train]	[t5_pegasus_finetune.py:306] batch_size: 8
2025-01-11 19:24:56,225	[DEBUG]	[algo_reco.train]	[t5_pegasus_finetune.py:306] lr: 0.0002
2025-01-11 19:24:56,225	[DEBUG]	[algo_reco.train]	[t5_pegasus_finetune.py:306] data_parallel: False
2025-01-11 19:24:56,225	[DEBUG]	[algo_reco.train]	[t5_pegasus_finetune.py:306] max_len: 1024
2025-01-11 19:24:56,225	[DEBUG]	[algo_reco.train]	[t5_pegasus_finetune.py:306] max_len_generate: 150
2025-01-11 19:24:56,225	[DEBUG]	[algo_reco.train]	[t5_pegasus_finetune.py:306] length_penalty: 1.2
2025-01-11 19:24:56,225	[DEBUG]	[algo_reco.train]	[t5_pegasus_finetune.py:306] stage: one_stage
2025-01-11 19:24:56,225	[DEBUG]	[algo_reco.train]	[t5_pegasus_finetune.py:307] 
