2025-02-17 16:19:39,249	[INFO]	[algo_reco.train]	[log.py:50] 
2025-02-17 16:19:39,249	[INFO]	[algo_reco.train]	[log.py:50] 
2025-02-17 16:19:39,249	[INFO]	[algo_reco.train]	[log.py:50] 
2025-02-17 16:19:39,249	[INFO]	[algo_reco.train]	[log.py:50] 
2025-02-17 16:19:39,249	[INFO]	[algo_reco.train]	[log.py:50] 
2025-02-17 16:19:39,249	[INFO]	[algo_reco.train]	[log.py:51] ========== new log ==========
2025-02-17 16:19:39,250	[DEBUG]	[algo_reco.train]	[log.py:52] logfile is [/root/news_summarization_data_pyramid/logs/t5_pegasus/v1.first_stage.train.250217161939.log]
2025-02-17 16:19:39,250	[INFO]	[algo_reco.train]	[log.py:60] init logger done
2025-02-17 16:19:39,250	[INFO]	[algo_reco.train]	[log.py:61] 
2025-02-17 16:19:39,250	[DEBUG]	[algo_reco.train]	[t5_pegasus_finetune.first_stage.py:305] ===== input args =====
2025-02-17 16:19:39,250	[DEBUG]	[algo_reco.train]	[t5_pegasus_finetune.first_stage.py:307] train_data: data/THUCNews/abstractive_pseudo_summary_datasets_zhipu.general_data.train.txt
2025-02-17 16:19:39,250	[DEBUG]	[algo_reco.train]	[t5_pegasus_finetune.first_stage.py:307] dev_data: data/THUCNews/abstractive_pseudo_summary_datasets_zhipu.general_data.test.txt
2025-02-17 16:19:39,250	[DEBUG]	[algo_reco.train]	[t5_pegasus_finetune.first_stage.py:307] pretrain_model: /root/news_summarization_data_pyramid/model/chinese_t5_pegasus_base_torch
2025-02-17 16:19:39,250	[DEBUG]	[algo_reco.train]	[t5_pegasus_finetune.first_stage.py:307] model_dir: /root/news_summarization_data_pyramid/model/saved_model
2025-02-17 16:19:39,250	[DEBUG]	[algo_reco.train]	[t5_pegasus_finetune.first_stage.py:307] model_specific_dir: t5_pegasus
2025-02-17 16:19:39,250	[DEBUG]	[algo_reco.train]	[t5_pegasus_finetune.first_stage.py:307] num_epoch: 20
2025-02-17 16:19:39,250	[DEBUG]	[algo_reco.train]	[t5_pegasus_finetune.first_stage.py:307] batch_size: 4
2025-02-17 16:19:39,250	[DEBUG]	[algo_reco.train]	[t5_pegasus_finetune.first_stage.py:307] lr: 0.0002
2025-02-17 16:19:39,250	[DEBUG]	[algo_reco.train]	[t5_pegasus_finetune.first_stage.py:307] data_parallel: False
2025-02-17 16:19:39,250	[DEBUG]	[algo_reco.train]	[t5_pegasus_finetune.first_stage.py:307] max_len: 512
2025-02-17 16:19:39,250	[DEBUG]	[algo_reco.train]	[t5_pegasus_finetune.first_stage.py:307] max_len_generate: 64
2025-02-17 16:19:39,250	[DEBUG]	[algo_reco.train]	[t5_pegasus_finetune.first_stage.py:307] length_penalty: 1.2
2025-02-17 16:19:39,250	[DEBUG]	[algo_reco.train]	[t5_pegasus_finetune.first_stage.py:307] version: v1
2025-02-17 16:19:39,250	[DEBUG]	[algo_reco.train]	[t5_pegasus_finetune.first_stage.py:307] stage: first_stage
2025-02-17 16:19:39,250	[DEBUG]	[algo_reco.train]	[t5_pegasus_finetune.first_stage.py:308] 
2025-02-17 16:25:55,976	[INFO]	[algo_reco.train]	[t5_pegasus_finetune.first_stage.py:239] Iter 0:  Training Loss: 34.443477630615234
2025-02-17 16:26:12,880	[INFO]	[algo_reco.train]	[t5_pegasus_finetune.first_stage.py:239] Iter 100:  Training Loss: 7.174172878265381
2025-02-17 16:26:29,842	[INFO]	[algo_reco.train]	[t5_pegasus_finetune.first_stage.py:239] Iter 200:  Training Loss: 5.87731409072876
2025-02-17 16:26:46,518	[INFO]	[algo_reco.train]	[t5_pegasus_finetune.first_stage.py:239] Iter 300:  Training Loss: 5.872344970703125
2025-02-17 16:27:03,316	[INFO]	[algo_reco.train]	[t5_pegasus_finetune.first_stage.py:239] Iter 400:  Training Loss: 4.090775966644287
2025-02-17 16:27:20,085	[INFO]	[algo_reco.train]	[t5_pegasus_finetune.first_stage.py:239] Iter 500:  Training Loss: 4.599891662597656
2025-02-17 16:27:36,851	[INFO]	[algo_reco.train]	[t5_pegasus_finetune.first_stage.py:239] Iter 600:  Training Loss: 3.8473126888275146
2025-02-17 16:27:53,480	[INFO]	[algo_reco.train]	[t5_pegasus_finetune.first_stage.py:239] Iter 700:  Training Loss: 3.68127703666687
2025-02-17 16:28:10,594	[INFO]	[algo_reco.train]	[t5_pegasus_finetune.first_stage.py:239] Iter 800:  Training Loss: 3.738224983215332
2025-02-17 16:28:27,433	[INFO]	[algo_reco.train]	[t5_pegasus_finetune.first_stage.py:239] Iter 900:  Training Loss: 2.326052188873291
2025-02-17 16:28:44,321	[INFO]	[algo_reco.train]	[t5_pegasus_finetune.first_stage.py:239] Iter 1000:  Training Loss: 3.687441110610962
2025-02-17 16:29:01,171	[INFO]	[algo_reco.train]	[t5_pegasus_finetune.first_stage.py:239] Iter 1100:  Training Loss: 2.5912387371063232
2025-02-17 16:29:18,124	[INFO]	[algo_reco.train]	[t5_pegasus_finetune.first_stage.py:239] Iter 1200:  Training Loss: 2.25262188911438
2025-02-17 16:29:35,122	[INFO]	[algo_reco.train]	[t5_pegasus_finetune.first_stage.py:239] Iter 1300:  Training Loss: 3.40071702003479
2025-02-17 16:29:52,063	[INFO]	[algo_reco.train]	[t5_pegasus_finetune.first_stage.py:239] Iter 1400:  Training Loss: 3.2062926292419434
2025-02-17 16:30:09,153	[INFO]	[algo_reco.train]	[t5_pegasus_finetune.first_stage.py:239] Iter 1500:  Training Loss: 2.589104175567627
2025-02-17 16:30:26,491	[INFO]	[algo_reco.train]	[t5_pegasus_finetune.first_stage.py:239] Iter 1600:  Training Loss: 3.0019893646240234
2025-02-17 16:30:43,322	[INFO]	[algo_reco.train]	[t5_pegasus_finetune.first_stage.py:239] Iter 1700:  Training Loss: 3.006983995437622
2025-02-17 16:31:00,304	[INFO]	[algo_reco.train]	[t5_pegasus_finetune.first_stage.py:239] Iter 1800:  Training Loss: 2.3813605308532715
2025-02-17 16:31:17,070	[INFO]	[algo_reco.train]	[t5_pegasus_finetune.first_stage.py:239] Iter 1900:  Training Loss: 2.646815776824951
2025-02-17 16:31:33,957	[INFO]	[algo_reco.train]	[t5_pegasus_finetune.first_stage.py:239] Iter 2000:  Training Loss: 2.4885413646698
2025-02-17 16:31:50,773	[INFO]	[algo_reco.train]	[t5_pegasus_finetune.first_stage.py:239] Iter 2100:  Training Loss: 2.1932528018951416
2025-02-17 16:32:07,569	[INFO]	[algo_reco.train]	[t5_pegasus_finetune.first_stage.py:239] Iter 2200:  Training Loss: 2.9777374267578125
2025-02-17 16:32:24,286	[INFO]	[algo_reco.train]	[t5_pegasus_finetune.first_stage.py:239] Iter 2300:  Training Loss: 2.331939220428467
2025-02-17 16:32:41,009	[INFO]	[algo_reco.train]	[t5_pegasus_finetune.first_stage.py:239] Iter 2400:  Training Loss: 2.4393491744995117
2025-02-17 16:32:57,638	[INFO]	[algo_reco.train]	[t5_pegasus_finetune.first_stage.py:239] Iter 2500:  Training Loss: 2.9682772159576416
2025-02-17 16:33:14,350	[INFO]	[algo_reco.train]	[t5_pegasus_finetune.first_stage.py:239] Iter 2600:  Training Loss: 2.7918291091918945
2025-02-17 16:33:30,931	[INFO]	[algo_reco.train]	[t5_pegasus_finetune.first_stage.py:239] Iter 2700:  Training Loss: 2.9451777935028076
2025-02-17 16:33:47,529	[INFO]	[algo_reco.train]	[t5_pegasus_finetune.first_stage.py:239] Iter 2800:  Training Loss: 2.746072292327881
2025-02-17 16:34:04,221	[INFO]	[algo_reco.train]	[t5_pegasus_finetune.first_stage.py:239] Iter 2900:  Training Loss: 2.695375680923462
2025-02-17 16:34:20,784	[INFO]	[algo_reco.train]	[t5_pegasus_finetune.first_stage.py:239] Iter 3000:  Training Loss: 2.1669082641601562
2025-02-17 16:34:37,465	[INFO]	[algo_reco.train]	[t5_pegasus_finetune.first_stage.py:239] Iter 3100:  Training Loss: 2.0294387340545654
2025-02-17 16:34:54,085	[INFO]	[algo_reco.train]	[t5_pegasus_finetune.first_stage.py:239] Iter 3200:  Training Loss: 3.1131629943847656
2025-02-17 16:35:10,538	[INFO]	[algo_reco.train]	[t5_pegasus_finetune.first_stage.py:239] Iter 3300:  Training Loss: 2.077519178390503
2025-02-17 16:35:27,009	[INFO]	[algo_reco.train]	[t5_pegasus_finetune.first_stage.py:239] Iter 3400:  Training Loss: 2.7133803367614746
2025-02-17 16:35:43,486	[INFO]	[algo_reco.train]	[t5_pegasus_finetune.first_stage.py:239] Iter 3500:  Training Loss: 2.3143675327301025
2025-02-17 16:35:59,989	[INFO]	[algo_reco.train]	[t5_pegasus_finetune.first_stage.py:239] Iter 3600:  Training Loss: 1.90186607837677
2025-02-17 16:36:16,623	[INFO]	[algo_reco.train]	[t5_pegasus_finetune.first_stage.py:239] Iter 3700:  Training Loss: 2.288357973098755
2025-02-17 16:36:33,183	[INFO]	[algo_reco.train]	[t5_pegasus_finetune.first_stage.py:239] Iter 3800:  Training Loss: 2.1409082412719727
2025-02-17 16:36:49,475	[INFO]	[algo_reco.train]	[t5_pegasus_finetune.first_stage.py:239] Iter 3900:  Training Loss: 1.7699594497680664
2025-02-17 16:37:05,684	[INFO]	[algo_reco.train]	[t5_pegasus_finetune.first_stage.py:239] Iter 4000:  Training Loss: 2.1655313968658447
2025-02-17 16:37:21,991	[INFO]	[algo_reco.train]	[t5_pegasus_finetune.first_stage.py:239] Iter 4100:  Training Loss: 2.4180243015289307
2025-02-17 16:37:38,611	[INFO]	[algo_reco.train]	[t5_pegasus_finetune.first_stage.py:239] Iter 4200:  Training Loss: 2.274587631225586
2025-02-17 16:37:55,210	[INFO]	[algo_reco.train]	[t5_pegasus_finetune.first_stage.py:239] Iter 4300:  Training Loss: 1.8378592729568481
2025-02-17 16:38:11,624	[INFO]	[algo_reco.train]	[t5_pegasus_finetune.first_stage.py:239] Iter 4400:  Training Loss: 2.1458137035369873
2025-02-17 16:38:28,129	[INFO]	[algo_reco.train]	[t5_pegasus_finetune.first_stage.py:239] Iter 4500:  Training Loss: 2.3671505451202393
2025-02-17 16:38:44,704	[INFO]	[algo_reco.train]	[t5_pegasus_finetune.first_stage.py:239] Iter 4600:  Training Loss: 1.8943202495574951
2025-02-17 16:39:00,990	[INFO]	[algo_reco.train]	[t5_pegasus_finetune.first_stage.py:239] Iter 4700:  Training Loss: 2.319507598876953
2025-02-17 16:39:17,420	[INFO]	[algo_reco.train]	[t5_pegasus_finetune.first_stage.py:239] Iter 4800:  Training Loss: 2.5275890827178955
2025-02-17 16:39:33,913	[INFO]	[algo_reco.train]	[t5_pegasus_finetune.first_stage.py:239] Iter 4900:  Training Loss: 2.867495536804199
2025-02-17 16:39:50,318	[INFO]	[algo_reco.train]	[t5_pegasus_finetune.first_stage.py:239] Iter 5000:  Training Loss: 1.9070953130722046
2025-02-17 16:40:06,895	[INFO]	[algo_reco.train]	[t5_pegasus_finetune.first_stage.py:239] Iter 5100:  Training Loss: 1.7793221473693848
2025-02-17 16:40:23,523	[INFO]	[algo_reco.train]	[t5_pegasus_finetune.first_stage.py:239] Iter 5200:  Training Loss: 2.7724640369415283
2025-02-17 16:40:40,038	[INFO]	[algo_reco.train]	[t5_pegasus_finetune.first_stage.py:239] Iter 5300:  Training Loss: 2.4786882400512695
2025-02-17 16:40:56,735	[INFO]	[algo_reco.train]	[t5_pegasus_finetune.first_stage.py:239] Iter 5400:  Training Loss: 3.3980166912078857
2025-02-17 16:41:13,233	[INFO]	[algo_reco.train]	[t5_pegasus_finetune.first_stage.py:239] Iter 5500:  Training Loss: 2.522555351257324
2025-02-17 16:41:29,683	[INFO]	[algo_reco.train]	[t5_pegasus_finetune.first_stage.py:239] Iter 5600:  Training Loss: 1.8406479358673096
2025-02-17 16:41:46,121	[INFO]	[algo_reco.train]	[t5_pegasus_finetune.first_stage.py:239] Iter 5700:  Training Loss: 2.1290900707244873
2025-02-17 16:42:02,904	[INFO]	[algo_reco.train]	[t5_pegasus_finetune.first_stage.py:239] Iter 5800:  Training Loss: 2.7433810234069824
2025-02-17 16:42:19,486	[INFO]	[algo_reco.train]	[t5_pegasus_finetune.first_stage.py:239] Iter 5900:  Training Loss: 2.3916311264038086
2025-02-17 16:42:36,053	[INFO]	[algo_reco.train]	[t5_pegasus_finetune.first_stage.py:239] Iter 6000:  Training Loss: 2.045226812362671
2025-02-17 16:42:52,719	[INFO]	[algo_reco.train]	[t5_pegasus_finetune.first_stage.py:239] Iter 6100:  Training Loss: 2.2397327423095703
2025-02-17 16:43:09,331	[INFO]	[algo_reco.train]	[t5_pegasus_finetune.first_stage.py:239] Iter 6200:  Training Loss: 2.092278242111206
2025-02-17 16:43:25,919	[INFO]	[algo_reco.train]	[t5_pegasus_finetune.first_stage.py:239] Iter 6300:  Training Loss: 2.1376519203186035
2025-02-17 16:43:42,529	[INFO]	[algo_reco.train]	[t5_pegasus_finetune.first_stage.py:239] Iter 6400:  Training Loss: 1.6639885902404785
2025-02-17 16:43:59,193	[INFO]	[algo_reco.train]	[t5_pegasus_finetune.first_stage.py:239] Iter 6500:  Training Loss: 1.5574629306793213
2025-02-17 16:44:15,768	[INFO]	[algo_reco.train]	[t5_pegasus_finetune.first_stage.py:239] Iter 6600:  Training Loss: 2.4093778133392334
2025-02-17 16:44:32,385	[INFO]	[algo_reco.train]	[t5_pegasus_finetune.first_stage.py:239] Iter 6700:  Training Loss: 2.304431676864624
2025-02-17 16:44:48,856	[INFO]	[algo_reco.train]	[t5_pegasus_finetune.first_stage.py:239] Iter 6800:  Training Loss: 1.8779653310775757
2025-02-17 16:45:05,428	[INFO]	[algo_reco.train]	[t5_pegasus_finetune.first_stage.py:239] Iter 6900:  Training Loss: 1.5776599645614624
2025-02-17 16:45:21,951	[INFO]	[algo_reco.train]	[t5_pegasus_finetune.first_stage.py:239] Iter 7000:  Training Loss: 1.8915172815322876
2025-02-17 16:45:38,656	[INFO]	[algo_reco.train]	[t5_pegasus_finetune.first_stage.py:239] Iter 7100:  Training Loss: 2.5509085655212402
2025-02-17 16:45:55,200	[INFO]	[algo_reco.train]	[t5_pegasus_finetune.first_stage.py:239] Iter 7200:  Training Loss: 2.062653064727783
2025-02-17 16:46:11,848	[INFO]	[algo_reco.train]	[t5_pegasus_finetune.first_stage.py:239] Iter 7300:  Training Loss: 2.316086769104004
2025-02-17 16:46:28,555	[INFO]	[algo_reco.train]	[t5_pegasus_finetune.first_stage.py:239] Iter 7400:  Training Loss: 2.073248863220215
2025-02-17 16:46:45,300	[INFO]	[algo_reco.train]	[t5_pegasus_finetune.first_stage.py:239] Iter 7500:  Training Loss: 1.5390340089797974
2025-02-17 16:47:01,872	[INFO]	[algo_reco.train]	[t5_pegasus_finetune.first_stage.py:239] Iter 7600:  Training Loss: 1.7077722549438477
2025-02-17 16:47:18,579	[INFO]	[algo_reco.train]	[t5_pegasus_finetune.first_stage.py:239] Iter 7700:  Training Loss: 2.0990066528320312
2025-02-17 16:47:35,196	[INFO]	[algo_reco.train]	[t5_pegasus_finetune.first_stage.py:239] Iter 7800:  Training Loss: 2.114093542098999
2025-02-17 16:47:51,892	[INFO]	[algo_reco.train]	[t5_pegasus_finetune.first_stage.py:239] Iter 7900:  Training Loss: 1.4597158432006836
2025-02-17 16:48:08,685	[INFO]	[algo_reco.train]	[t5_pegasus_finetune.first_stage.py:239] Iter 8000:  Training Loss: 1.9156746864318848
2025-02-17 16:48:25,201	[INFO]	[algo_reco.train]	[t5_pegasus_finetune.first_stage.py:239] Iter 8100:  Training Loss: 1.9806604385375977
2025-02-17 16:48:41,707	[INFO]	[algo_reco.train]	[t5_pegasus_finetune.first_stage.py:239] Iter 8200:  Training Loss: 1.6630586385726929
2025-02-17 16:48:58,398	[INFO]	[algo_reco.train]	[t5_pegasus_finetune.first_stage.py:239] Iter 8300:  Training Loss: 1.571553349494934
2025-02-17 16:49:15,005	[INFO]	[algo_reco.train]	[t5_pegasus_finetune.first_stage.py:239] Iter 8400:  Training Loss: 1.7854975461959839
2025-02-17 16:49:31,566	[INFO]	[algo_reco.train]	[t5_pegasus_finetune.first_stage.py:239] Iter 8500:  Training Loss: 1.4510682821273804
2025-02-17 16:49:48,114	[INFO]	[algo_reco.train]	[t5_pegasus_finetune.first_stage.py:239] Iter 8600:  Training Loss: 1.4293264150619507
2025-02-17 16:50:04,456	[INFO]	[algo_reco.train]	[t5_pegasus_finetune.first_stage.py:239] Iter 8700:  Training Loss: 2.120912790298462
2025-02-17 16:50:21,037	[INFO]	[algo_reco.train]	[t5_pegasus_finetune.first_stage.py:239] Iter 8800:  Training Loss: 2.247328042984009
2025-02-17 16:50:37,564	[INFO]	[algo_reco.train]	[t5_pegasus_finetune.first_stage.py:239] Iter 8900:  Training Loss: 2.312797784805298
2025-02-17 16:50:53,990	[INFO]	[algo_reco.train]	[t5_pegasus_finetune.first_stage.py:239] Iter 9000:  Training Loss: 2.3330111503601074
2025-02-17 16:51:10,621	[INFO]	[algo_reco.train]	[t5_pegasus_finetune.first_stage.py:239] Iter 9100:  Training Loss: 2.3715298175811768
2025-02-17 16:51:27,335	[INFO]	[algo_reco.train]	[t5_pegasus_finetune.first_stage.py:239] Iter 9200:  Training Loss: 2.0138566493988037
2025-02-17 16:51:44,118	[INFO]	[algo_reco.train]	[t5_pegasus_finetune.first_stage.py:239] Iter 9300:  Training Loss: 2.2346370220184326
2025-02-17 16:52:00,733	[INFO]	[algo_reco.train]	[t5_pegasus_finetune.first_stage.py:239] Iter 9400:  Training Loss: 2.046107530593872
2025-02-17 16:52:17,291	[INFO]	[algo_reco.train]	[t5_pegasus_finetune.first_stage.py:239] Iter 9500:  Training Loss: 2.0815484523773193
2025-02-17 16:52:33,976	[INFO]	[algo_reco.train]	[t5_pegasus_finetune.first_stage.py:239] Iter 9600:  Training Loss: 1.8728426694869995
2025-02-17 16:52:50,628	[INFO]	[algo_reco.train]	[t5_pegasus_finetune.first_stage.py:239] Iter 9700:  Training Loss: 1.870950698852539
2025-02-17 16:53:07,053	[INFO]	[algo_reco.train]	[t5_pegasus_finetune.first_stage.py:239] Iter 9800:  Training Loss: 2.254179000854492
2025-02-17 16:53:23,554	[INFO]	[algo_reco.train]	[t5_pegasus_finetune.first_stage.py:239] Iter 9900:  Training Loss: 2.250260591506958
2025-02-17 16:53:40,102	[INFO]	[algo_reco.train]	[t5_pegasus_finetune.first_stage.py:239] Iter 10000:  Training Loss: 1.8391412496566772
2025-02-17 16:53:56,499	[INFO]	[algo_reco.train]	[t5_pegasus_finetune.first_stage.py:239] Iter 10100:  Training Loss: 1.7633036375045776
2025-02-17 16:54:13,043	[INFO]	[algo_reco.train]	[t5_pegasus_finetune.first_stage.py:239] Iter 10200:  Training Loss: 2.102231979370117
2025-02-17 16:54:29,635	[INFO]	[algo_reco.train]	[t5_pegasus_finetune.first_stage.py:239] Iter 10300:  Training Loss: 2.054729700088501
2025-02-17 16:54:46,202	[INFO]	[algo_reco.train]	[t5_pegasus_finetune.first_stage.py:239] Iter 10400:  Training Loss: 1.6690704822540283
2025-02-17 16:55:02,848	[INFO]	[algo_reco.train]	[t5_pegasus_finetune.first_stage.py:239] Iter 10500:  Training Loss: 2.2475149631500244
2025-02-17 16:55:19,757	[INFO]	[algo_reco.train]	[t5_pegasus_finetune.first_stage.py:239] Iter 10600:  Training Loss: 2.0799739360809326
2025-02-17 16:55:36,561	[INFO]	[algo_reco.train]	[t5_pegasus_finetune.first_stage.py:239] Iter 10700:  Training Loss: 2.5500853061676025
2025-02-17 16:55:53,448	[INFO]	[algo_reco.train]	[t5_pegasus_finetune.first_stage.py:239] Iter 10800:  Training Loss: 1.7607125043869019
2025-02-17 16:56:10,328	[INFO]	[algo_reco.train]	[t5_pegasus_finetune.first_stage.py:239] Iter 10900:  Training Loss: 1.7796138525009155
2025-02-17 16:56:27,208	[INFO]	[algo_reco.train]	[t5_pegasus_finetune.first_stage.py:239] Iter 11000:  Training Loss: 1.7022820711135864
2025-02-17 16:56:43,750	[INFO]	[algo_reco.train]	[t5_pegasus_finetune.first_stage.py:239] Iter 11100:  Training Loss: 1.3914481401443481
2025-02-17 16:57:00,238	[INFO]	[algo_reco.train]	[t5_pegasus_finetune.first_stage.py:239] Iter 11200:  Training Loss: 1.6201708316802979
2025-02-17 16:57:17,035	[INFO]	[algo_reco.train]	[t5_pegasus_finetune.first_stage.py:239] Iter 11300:  Training Loss: 2.0310020446777344
2025-02-17 16:57:33,952	[INFO]	[algo_reco.train]	[t5_pegasus_finetune.first_stage.py:239] Iter 11400:  Training Loss: 1.652996301651001
2025-02-17 16:57:50,788	[INFO]	[algo_reco.train]	[t5_pegasus_finetune.first_stage.py:239] Iter 11500:  Training Loss: 2.561459541320801
2025-02-17 16:58:07,526	[INFO]	[algo_reco.train]	[t5_pegasus_finetune.first_stage.py:239] Iter 11600:  Training Loss: 2.2214932441711426
2025-02-17 16:58:24,501	[INFO]	[algo_reco.train]	[t5_pegasus_finetune.first_stage.py:239] Iter 11700:  Training Loss: 1.7565488815307617
2025-02-17 16:58:41,377	[INFO]	[algo_reco.train]	[t5_pegasus_finetune.first_stage.py:239] Iter 11800:  Training Loss: 1.7021198272705078
2025-02-17 16:58:58,281	[INFO]	[algo_reco.train]	[t5_pegasus_finetune.first_stage.py:239] Iter 11900:  Training Loss: 1.8770228624343872
2025-02-17 16:59:15,133	[INFO]	[algo_reco.train]	[t5_pegasus_finetune.first_stage.py:239] Iter 12000:  Training Loss: 1.4865695238113403
2025-02-17 16:59:32,481	[INFO]	[algo_reco.train]	[t5_pegasus_finetune.first_stage.py:239] Iter 12100:  Training Loss: 2.045036792755127
2025-02-17 16:59:49,263	[INFO]	[algo_reco.train]	[t5_pegasus_finetune.first_stage.py:239] Iter 12200:  Training Loss: 1.623044490814209
2025-02-17 17:00:06,231	[INFO]	[algo_reco.train]	[t5_pegasus_finetune.first_stage.py:239] Iter 12300:  Training Loss: 2.219200849533081
2025-02-17 17:00:23,172	[INFO]	[algo_reco.train]	[t5_pegasus_finetune.first_stage.py:239] Iter 12400:  Training Loss: 2.1755242347717285
2025-02-17 17:00:40,137	[INFO]	[algo_reco.train]	[t5_pegasus_finetune.first_stage.py:239] Iter 12500:  Training Loss: 1.925357460975647
2025-02-17 17:00:57,057	[INFO]	[algo_reco.train]	[t5_pegasus_finetune.first_stage.py:239] Iter 12600:  Training Loss: 2.0214407444000244
2025-02-17 17:01:13,728	[INFO]	[algo_reco.train]	[t5_pegasus_finetune.first_stage.py:239] Iter 12700:  Training Loss: 1.4988200664520264
2025-02-17 17:01:30,605	[INFO]	[algo_reco.train]	[t5_pegasus_finetune.first_stage.py:239] Iter 12800:  Training Loss: 1.382972240447998
2025-02-17 17:01:47,608	[INFO]	[algo_reco.train]	[t5_pegasus_finetune.first_stage.py:239] Iter 12900:  Training Loss: 1.7881650924682617
2025-02-17 17:02:04,574	[INFO]	[algo_reco.train]	[t5_pegasus_finetune.first_stage.py:239] Iter 13000:  Training Loss: 1.5260008573532104
2025-02-17 17:02:21,346	[INFO]	[algo_reco.train]	[t5_pegasus_finetune.first_stage.py:239] Iter 13100:  Training Loss: 1.7729566097259521
2025-02-17 17:02:37,995	[INFO]	[algo_reco.train]	[t5_pegasus_finetune.first_stage.py:239] Iter 13200:  Training Loss: 1.730381965637207
2025-02-17 17:02:54,809	[INFO]	[algo_reco.train]	[t5_pegasus_finetune.first_stage.py:239] Iter 13300:  Training Loss: 1.543683648109436
2025-02-17 17:03:11,625	[INFO]	[algo_reco.train]	[t5_pegasus_finetune.first_stage.py:239] Iter 13400:  Training Loss: 1.9278079271316528
2025-02-17 17:03:28,374	[INFO]	[algo_reco.train]	[t5_pegasus_finetune.first_stage.py:239] Iter 13500:  Training Loss: 2.0650222301483154
2025-02-17 17:03:45,101	[INFO]	[algo_reco.train]	[t5_pegasus_finetune.first_stage.py:239] Iter 13600:  Training Loss: 2.236816883087158
2025-02-17 17:04:01,972	[INFO]	[algo_reco.train]	[t5_pegasus_finetune.first_stage.py:239] Iter 13700:  Training Loss: 2.0770604610443115
2025-02-17 17:04:18,905	[INFO]	[algo_reco.train]	[t5_pegasus_finetune.first_stage.py:239] Iter 13800:  Training Loss: 1.7612160444259644
2025-02-17 17:04:35,964	[INFO]	[algo_reco.train]	[t5_pegasus_finetune.first_stage.py:239] Iter 13900:  Training Loss: 1.5675932168960571
2025-02-17 17:04:52,926	[INFO]	[algo_reco.train]	[t5_pegasus_finetune.first_stage.py:239] Iter 14000:  Training Loss: 1.6047762632369995
2025-02-17 17:05:09,760	[INFO]	[algo_reco.train]	[t5_pegasus_finetune.first_stage.py:239] Iter 14100:  Training Loss: 1.081424355506897
2025-02-17 17:05:26,599	[INFO]	[algo_reco.train]	[t5_pegasus_finetune.first_stage.py:239] Iter 14200:  Training Loss: 2.301903247833252
2025-02-17 17:05:43,753	[INFO]	[algo_reco.train]	[t5_pegasus_finetune.first_stage.py:239] Iter 14300:  Training Loss: 1.6069011688232422
2025-02-17 17:06:00,564	[INFO]	[algo_reco.train]	[t5_pegasus_finetune.first_stage.py:239] Iter 14400:  Training Loss: 2.102757453918457
2025-02-17 17:06:17,400	[INFO]	[algo_reco.train]	[t5_pegasus_finetune.first_stage.py:239] Iter 14500:  Training Loss: 1.7837414741516113
2025-02-17 17:06:34,742	[INFO]	[algo_reco.train]	[t5_pegasus_finetune.first_stage.py:239] Iter 14600:  Training Loss: 2.0381178855895996
2025-02-17 17:06:51,773	[INFO]	[algo_reco.train]	[t5_pegasus_finetune.first_stage.py:239] Iter 14700:  Training Loss: 1.6560808420181274
2025-02-17 17:07:08,462	[INFO]	[algo_reco.train]	[t5_pegasus_finetune.first_stage.py:239] Iter 14800:  Training Loss: 1.9842904806137085
2025-02-17 17:15:38,340	[INFO]	[algo_reco.train]	[t5_pegasus_finetune.first_stage.py:269] Validation Loss: {'rouge-1': 0.5817198229070849, 'rouge-2': 0.38284331658048587, 'rouge-l': 0.4886933220035936}
2025-02-17 17:15:40,208	[INFO]	[algo_reco.train]	[t5_pegasus_finetune.first_stage.py:239] Iter 0:  Training Loss: 1.3479701280593872
