2025-03-15 08:12:27,271	[INFO]	[algo_reco.train]	[log.py:50] 
2025-03-15 08:12:27,272	[INFO]	[algo_reco.train]	[log.py:50] 
2025-03-15 08:12:27,272	[INFO]	[algo_reco.train]	[log.py:50] 
2025-03-15 08:12:27,272	[INFO]	[algo_reco.train]	[log.py:50] 
2025-03-15 08:12:27,272	[INFO]	[algo_reco.train]	[log.py:50] 
2025-03-15 08:12:27,272	[INFO]	[algo_reco.train]	[log.py:51] ========== new log ==========
2025-03-15 08:12:27,272	[DEBUG]	[algo_reco.train]	[log.py:52] logfile is [/root/news_summarization_data_pyramid/logs/t5_pegasus/v1.second_stage.predict.250315081227.clts_stage2_9000.log]
2025-03-15 08:12:27,272	[INFO]	[algo_reco.train]	[log.py:60] init logger done
2025-03-15 08:12:27,272	[INFO]	[algo_reco.train]	[log.py:61] 
2025-03-15 08:12:27,272	[DEBUG]	[algo_reco.train]	[t5_pegasus_predict.second_stage.clts_9000.py:292] ===== input args =====
2025-03-15 08:12:27,272	[DEBUG]	[algo_reco.train]	[t5_pegasus_predict.second_stage.clts_9000.py:294] test_data: data/clts_data/test_formatted_clts_data.txt
2025-03-15 08:12:27,272	[DEBUG]	[algo_reco.train]	[t5_pegasus_predict.second_stage.clts_9000.py:294] result_file: data/clts_data/test_formatted_clts_data.second_stage_infer.9000.csv
2025-03-15 08:12:27,272	[DEBUG]	[algo_reco.train]	[t5_pegasus_predict.second_stage.clts_9000.py:294] pretrain_model: /root/news_summarization_data_pyramid/model/chinese_t5_pegasus_base_torch
2025-03-15 08:12:27,272	[DEBUG]	[algo_reco.train]	[t5_pegasus_predict.second_stage.clts_9000.py:294] model_dir: /root/news_summarization_data_pyramid/model/saved_model
2025-03-15 08:12:27,272	[DEBUG]	[algo_reco.train]	[t5_pegasus_predict.second_stage.clts_9000.py:294] model_specific_dir: t5_pegasus
2025-03-15 08:12:27,272	[DEBUG]	[algo_reco.train]	[t5_pegasus_predict.second_stage.clts_9000.py:294] batch_size: 16
2025-03-15 08:12:27,272	[DEBUG]	[algo_reco.train]	[t5_pegasus_predict.second_stage.clts_9000.py:294] max_len: 1024
2025-03-15 08:12:27,272	[DEBUG]	[algo_reco.train]	[t5_pegasus_predict.second_stage.clts_9000.py:294] max_len_generate: 150
2025-03-15 08:12:27,272	[DEBUG]	[algo_reco.train]	[t5_pegasus_predict.second_stage.clts_9000.py:294] length_penalty: 1.2
2025-03-15 08:12:27,272	[DEBUG]	[algo_reco.train]	[t5_pegasus_predict.second_stage.clts_9000.py:294] use_multiprocess: False
2025-03-15 08:12:27,272	[DEBUG]	[algo_reco.train]	[t5_pegasus_predict.second_stage.clts_9000.py:294] version: v1
2025-03-15 08:12:27,272	[DEBUG]	[algo_reco.train]	[t5_pegasus_predict.second_stage.clts_9000.py:294] stage: second_stage
2025-03-15 08:12:27,272	[DEBUG]	[algo_reco.train]	[t5_pegasus_predict.second_stage.clts_9000.py:295] 
2025-03-15 08:35:26,900	[INFO]	[algo_reco.train]	[t5_pegasus_predict.second_stage.clts_9000.py:251] {'rouge-1': 0.5152728290739602, 'rouge-2': 0.3832729443042267, 'rouge-l': 0.46197769442076386}
2025-03-15 08:35:26,900	[INFO]	[algo_reco.train]	[t5_pegasus_predict.second_stage.clts_9000.py:252] Done!
