2025-01-23 17:20:57,811	[INFO]	[algo_reco.train]	[log.py:50] 
2025-01-23 17:20:57,811	[INFO]	[algo_reco.train]	[log.py:50] 
2025-01-23 17:20:57,811	[INFO]	[algo_reco.train]	[log.py:50] 
2025-01-23 17:20:57,811	[INFO]	[algo_reco.train]	[log.py:50] 
2025-01-23 17:20:57,811	[INFO]	[algo_reco.train]	[log.py:50] 
2025-01-23 17:20:57,811	[INFO]	[algo_reco.train]	[log.py:51] ========== new log ==========
2025-01-23 17:20:57,811	[DEBUG]	[algo_reco.train]	[log.py:52] logfile is [D:\neal\develop\news_summarization_data_pyramid\logs\t5_pegasus\v1.second_stage.train.250123172057.log]
2025-01-23 17:20:57,812	[INFO]	[algo_reco.train]	[log.py:60] init logger done
2025-01-23 17:20:57,812	[INFO]	[algo_reco.train]	[log.py:61] 
2025-01-23 17:20:57,812	[DEBUG]	[algo_reco.train]	[t5_pegasus_finetune.second_stage.py:352] ===== input args =====
2025-01-23 17:20:57,812	[DEBUG]	[algo_reco.train]	[t5_pegasus_finetune.second_stage.py:354] train_data: D:\neal\develop\news_summarization_data_pyramid\data\THUCNews\companies_news_info_v2.valid.txt
2025-01-23 17:20:57,812	[DEBUG]	[algo_reco.train]	[t5_pegasus_finetune.second_stage.py:354] dev_data: D:\neal\develop\news_summarization_data_pyramid\data\THUCNews\companies_news_info_v2.valid.txt
2025-01-23 17:20:57,812	[DEBUG]	[algo_reco.train]	[t5_pegasus_finetune.second_stage.py:354] pretrain_model: D:\neal\develop\news_summarization_data_pyramid\model\chinese_t5_pegasus_base_torch
2025-01-23 17:20:57,812	[DEBUG]	[algo_reco.train]	[t5_pegasus_finetune.second_stage.py:354] model_dir: D:\neal\develop\news_summarization_data_pyramid\model\saved_model
2025-01-23 17:20:57,812	[DEBUG]	[algo_reco.train]	[t5_pegasus_finetune.second_stage.py:354] model_specific_dir: t5_pegasus
2025-01-23 17:20:57,812	[DEBUG]	[algo_reco.train]	[t5_pegasus_finetune.second_stage.py:354] num_epoch: 20
2025-01-23 17:20:57,812	[DEBUG]	[algo_reco.train]	[t5_pegasus_finetune.second_stage.py:354] batch_size: 2
2025-01-23 17:20:57,812	[DEBUG]	[algo_reco.train]	[t5_pegasus_finetune.second_stage.py:354] lr: 0.0002
2025-01-23 17:20:57,812	[DEBUG]	[algo_reco.train]	[t5_pegasus_finetune.second_stage.py:354] data_parallel: False
2025-01-23 17:20:57,812	[DEBUG]	[algo_reco.train]	[t5_pegasus_finetune.second_stage.py:354] max_len: 512
2025-01-23 17:20:57,812	[DEBUG]	[algo_reco.train]	[t5_pegasus_finetune.second_stage.py:354] max_len_generate: 40
2025-01-23 17:20:57,812	[DEBUG]	[algo_reco.train]	[t5_pegasus_finetune.second_stage.py:354] length_penalty: 1.2
2025-01-23 17:20:57,812	[DEBUG]	[algo_reco.train]	[t5_pegasus_finetune.second_stage.py:354] version: v1
2025-01-23 17:20:57,812	[DEBUG]	[algo_reco.train]	[t5_pegasus_finetune.second_stage.py:354] stage: second_stage
2025-01-23 17:20:57,812	[DEBUG]	[algo_reco.train]	[t5_pegasus_finetune.second_stage.py:355] 
