2025-02-18 09:55:00,040	[INFO]	[algo_reco.train]	[log.py:50] 
2025-02-18 09:55:00,040	[INFO]	[algo_reco.train]	[log.py:50] 
2025-02-18 09:55:00,040	[INFO]	[algo_reco.train]	[log.py:50] 
2025-02-18 09:55:00,040	[INFO]	[algo_reco.train]	[log.py:50] 
2025-02-18 09:55:00,040	[INFO]	[algo_reco.train]	[log.py:50] 
2025-02-18 09:55:00,040	[INFO]	[algo_reco.train]	[log.py:51] ========== new log ==========
2025-02-18 09:55:00,040	[DEBUG]	[algo_reco.train]	[log.py:52] logfile is [/root/news_summarization_data_pyramid/logs/t5_pegasus/v1.second_stage.train.250218095500.log]
2025-02-18 09:55:00,040	[INFO]	[algo_reco.train]	[log.py:60] init logger done
2025-02-18 09:55:00,041	[INFO]	[algo_reco.train]	[log.py:61] 
2025-02-18 09:55:00,041	[DEBUG]	[algo_reco.train]	[t5_pegasus_finetune.second_stage.py:402] ===== input args =====
2025-02-18 09:55:00,041	[DEBUG]	[algo_reco.train]	[t5_pegasus_finetune.second_stage.py:404] train_data: data/THUCNews/abstractive_pseudo_summary_datasets_zhipu.train.txt
2025-02-18 09:55:00,041	[DEBUG]	[algo_reco.train]	[t5_pegasus_finetune.second_stage.py:404] dev_data: data/THUCNews/abstractive_pseudo_summary_datasets_zhipu.train.txt
2025-02-18 09:55:00,041	[DEBUG]	[algo_reco.train]	[t5_pegasus_finetune.second_stage.py:404] pretrain_model: /root/news_summarization_data_pyramid/model/chinese_t5_pegasus_base_torch
2025-02-18 09:55:00,041	[DEBUG]	[algo_reco.train]	[t5_pegasus_finetune.second_stage.py:404] model_dir: /root/news_summarization_data_pyramid/model/saved_model
2025-02-18 09:55:00,041	[DEBUG]	[algo_reco.train]	[t5_pegasus_finetune.second_stage.py:404] model_specific_dir: t5_pegasus
2025-02-18 09:55:00,041	[DEBUG]	[algo_reco.train]	[t5_pegasus_finetune.second_stage.py:404] num_epoch: 20
2025-02-18 09:55:00,041	[DEBUG]	[algo_reco.train]	[t5_pegasus_finetune.second_stage.py:404] batch_size: 4
2025-02-18 09:55:00,041	[DEBUG]	[algo_reco.train]	[t5_pegasus_finetune.second_stage.py:404] lr: 0.0002
2025-02-18 09:55:00,041	[DEBUG]	[algo_reco.train]	[t5_pegasus_finetune.second_stage.py:404] data_parallel: False
2025-02-18 09:55:00,041	[DEBUG]	[algo_reco.train]	[t5_pegasus_finetune.second_stage.py:404] max_len: 1024
2025-02-18 09:55:00,041	[DEBUG]	[algo_reco.train]	[t5_pegasus_finetune.second_stage.py:404] max_len_generate: 150
2025-02-18 09:55:00,041	[DEBUG]	[algo_reco.train]	[t5_pegasus_finetune.second_stage.py:404] length_penalty: 1.2
2025-02-18 09:55:00,041	[DEBUG]	[algo_reco.train]	[t5_pegasus_finetune.second_stage.py:404] version: v1
2025-02-18 09:55:00,041	[DEBUG]	[algo_reco.train]	[t5_pegasus_finetune.second_stage.py:404] stage: second_stage
2025-02-18 09:55:00,041	[DEBUG]	[algo_reco.train]	[t5_pegasus_finetune.second_stage.py:404] keyword_attention_weight: 0.1
2025-02-18 09:55:00,041	[DEBUG]	[algo_reco.train]	[t5_pegasus_finetune.second_stage.py:405] 
