2025-03-14 18:11:25,202	[INFO]	[algo_reco.train]	[log.py:50] 
2025-03-14 18:11:25,202	[INFO]	[algo_reco.train]	[log.py:50] 
2025-03-14 18:11:25,202	[INFO]	[algo_reco.train]	[log.py:50] 
2025-03-14 18:11:25,202	[INFO]	[algo_reco.train]	[log.py:50] 
2025-03-14 18:11:25,202	[INFO]	[algo_reco.train]	[log.py:50] 
2025-03-14 18:11:25,202	[INFO]	[algo_reco.train]	[log.py:51] ========== new log ==========
2025-03-14 18:11:25,202	[DEBUG]	[algo_reco.train]	[log.py:52] logfile is [/root/news_summarization_data_pyramid/logs/t5_pegasus/v1.second_stage.train.250314181125.clts_stage2.log]
2025-03-14 18:11:25,202	[INFO]	[algo_reco.train]	[log.py:60] init logger done
2025-03-14 18:11:25,202	[INFO]	[algo_reco.train]	[log.py:61] 
2025-03-14 18:11:25,202	[DEBUG]	[algo_reco.train]	[t5_pegasus_finetune.second_stage.clts.py:339] ===== input args =====
2025-03-14 18:11:25,203	[DEBUG]	[algo_reco.train]	[t5_pegasus_finetune.second_stage.clts.py:341] train_data: data/clts_data/train_formatted_clts_data.9000.txt
2025-03-14 18:11:25,203	[DEBUG]	[algo_reco.train]	[t5_pegasus_finetune.second_stage.clts.py:341] dev_data: data/clts_data/train_formatted_clts_data.1000.txt
2025-03-14 18:11:25,203	[DEBUG]	[algo_reco.train]	[t5_pegasus_finetune.second_stage.clts.py:341] pretrain_model: /root/news_summarization_data_pyramid/model/chinese_t5_pegasus_base_torch
2025-03-14 18:11:25,203	[DEBUG]	[algo_reco.train]	[t5_pegasus_finetune.second_stage.clts.py:341] model_dir: /root/news_summarization_data_pyramid/model/saved_model
2025-03-14 18:11:25,203	[DEBUG]	[algo_reco.train]	[t5_pegasus_finetune.second_stage.clts.py:341] model_specific_dir: t5_pegasus
2025-03-14 18:11:25,203	[DEBUG]	[algo_reco.train]	[t5_pegasus_finetune.second_stage.clts.py:341] num_epoch: 3
2025-03-14 18:11:25,203	[DEBUG]	[algo_reco.train]	[t5_pegasus_finetune.second_stage.clts.py:341] batch_size: 16
2025-03-14 18:11:25,203	[DEBUG]	[algo_reco.train]	[t5_pegasus_finetune.second_stage.clts.py:341] lr: 0.0002
2025-03-14 18:11:25,203	[DEBUG]	[algo_reco.train]	[t5_pegasus_finetune.second_stage.clts.py:341] data_parallel: False
2025-03-14 18:11:25,203	[DEBUG]	[algo_reco.train]	[t5_pegasus_finetune.second_stage.clts.py:341] max_len: 1024
2025-03-14 18:11:25,203	[DEBUG]	[algo_reco.train]	[t5_pegasus_finetune.second_stage.clts.py:341] max_len_generate: 68
2025-03-14 18:11:25,203	[DEBUG]	[algo_reco.train]	[t5_pegasus_finetune.second_stage.clts.py:341] length_penalty: 1.2
2025-03-14 18:11:25,203	[DEBUG]	[algo_reco.train]	[t5_pegasus_finetune.second_stage.clts.py:341] version: v1
2025-03-14 18:11:25,203	[DEBUG]	[algo_reco.train]	[t5_pegasus_finetune.second_stage.clts.py:341] stage: second_stage
2025-03-14 18:11:25,203	[DEBUG]	[algo_reco.train]	[t5_pegasus_finetune.second_stage.clts.py:342] 
