2025-02-19 14:38:14,799	[INFO]	[algo_reco.train]	[log.py:50] 
2025-02-19 14:38:14,800	[INFO]	[algo_reco.train]	[log.py:50] 
2025-02-19 14:38:14,800	[INFO]	[algo_reco.train]	[log.py:50] 
2025-02-19 14:38:14,800	[INFO]	[algo_reco.train]	[log.py:50] 
2025-02-19 14:38:14,800	[INFO]	[algo_reco.train]	[log.py:50] 
2025-02-19 14:38:14,800	[INFO]	[algo_reco.train]	[log.py:51] ========== new log ==========
2025-02-19 14:38:14,800	[DEBUG]	[algo_reco.train]	[log.py:52] logfile is [/root/news_summarization_data_pyramid/logs/t5_pegasus/v1.second_stage.train.250219143814.log]
2025-02-19 14:38:14,800	[INFO]	[algo_reco.train]	[log.py:60] init logger done
2025-02-19 14:38:14,800	[INFO]	[algo_reco.train]	[log.py:61] 
2025-02-19 14:38:14,800	[DEBUG]	[algo_reco.train]	[t5_pegasus_finetune.second_stage.py:339] ===== input args =====
2025-02-19 14:38:14,800	[DEBUG]	[algo_reco.train]	[t5_pegasus_finetune.second_stage.py:341] train_data: data/THUCNews/abstractive_pseudo_summary_datasets_zhipu.train.txt
2025-02-19 14:38:14,800	[DEBUG]	[algo_reco.train]	[t5_pegasus_finetune.second_stage.py:341] dev_data: data/THUCNews/abstractive_pseudo_summary_datasets_zhipu.test.txt
2025-02-19 14:38:14,800	[DEBUG]	[algo_reco.train]	[t5_pegasus_finetune.second_stage.py:341] pretrain_model: /root/news_summarization_data_pyramid/model/chinese_t5_pegasus_base_torch
2025-02-19 14:38:14,800	[DEBUG]	[algo_reco.train]	[t5_pegasus_finetune.second_stage.py:341] model_dir: /root/news_summarization_data_pyramid/model/saved_model
2025-02-19 14:38:14,800	[DEBUG]	[algo_reco.train]	[t5_pegasus_finetune.second_stage.py:341] model_specific_dir: t5_pegasus
2025-02-19 14:38:14,800	[DEBUG]	[algo_reco.train]	[t5_pegasus_finetune.second_stage.py:341] num_epoch: 20
2025-02-19 14:38:14,800	[DEBUG]	[algo_reco.train]	[t5_pegasus_finetune.second_stage.py:341] batch_size: 4
2025-02-19 14:38:14,800	[DEBUG]	[algo_reco.train]	[t5_pegasus_finetune.second_stage.py:341] lr: 0.0002
2025-02-19 14:38:14,800	[DEBUG]	[algo_reco.train]	[t5_pegasus_finetune.second_stage.py:341] data_parallel: False
2025-02-19 14:38:14,800	[DEBUG]	[algo_reco.train]	[t5_pegasus_finetune.second_stage.py:341] max_len: 1024
2025-02-19 14:38:14,800	[DEBUG]	[algo_reco.train]	[t5_pegasus_finetune.second_stage.py:341] max_len_generate: 150
2025-02-19 14:38:14,800	[DEBUG]	[algo_reco.train]	[t5_pegasus_finetune.second_stage.py:341] length_penalty: 1.2
2025-02-19 14:38:14,800	[DEBUG]	[algo_reco.train]	[t5_pegasus_finetune.second_stage.py:341] version: v1
2025-02-19 14:38:14,800	[DEBUG]	[algo_reco.train]	[t5_pegasus_finetune.second_stage.py:341] stage: second_stage
2025-02-19 14:38:14,800	[DEBUG]	[algo_reco.train]	[t5_pegasus_finetune.second_stage.py:342] 
2025-02-19 14:39:03,327	[INFO]	[algo_reco.train]	[t5_pegasus_finetune.second_stage.py:262] Iter 0:  Training Loss: 1.9851783514022827
2025-02-19 14:39:25,641	[INFO]	[algo_reco.train]	[t5_pegasus_finetune.second_stage.py:262] Iter 100:  Training Loss: 1.2286303043365479
2025-02-19 14:39:48,814	[INFO]	[algo_reco.train]	[t5_pegasus_finetune.second_stage.py:262] Iter 200:  Training Loss: 1.2030999660491943
2025-02-19 14:40:10,091	[INFO]	[algo_reco.train]	[t5_pegasus_finetune.second_stage.py:262] Iter 300:  Training Loss: 0.8574126958847046
2025-02-19 14:40:32,572	[INFO]	[algo_reco.train]	[t5_pegasus_finetune.second_stage.py:262] Iter 400:  Training Loss: 0.8565728664398193
2025-02-19 14:40:54,328	[INFO]	[algo_reco.train]	[t5_pegasus_finetune.second_stage.py:262] Iter 500:  Training Loss: 1.112531304359436
2025-02-19 14:41:17,152	[INFO]	[algo_reco.train]	[t5_pegasus_finetune.second_stage.py:262] Iter 600:  Training Loss: 0.9852466583251953
2025-02-19 14:41:40,003	[INFO]	[algo_reco.train]	[t5_pegasus_finetune.second_stage.py:262] Iter 700:  Training Loss: 1.1761406660079956
2025-02-19 14:42:02,979	[INFO]	[algo_reco.train]	[t5_pegasus_finetune.second_stage.py:262] Iter 800:  Training Loss: 0.903156578540802
2025-02-19 14:42:26,952	[INFO]	[algo_reco.train]	[t5_pegasus_finetune.second_stage.py:262] Iter 900:  Training Loss: 1.0680797100067139
2025-02-19 14:42:49,550	[INFO]	[algo_reco.train]	[t5_pegasus_finetune.second_stage.py:262] Iter 1000:  Training Loss: 1.4270180463790894
2025-02-19 14:43:12,254	[INFO]	[algo_reco.train]	[t5_pegasus_finetune.second_stage.py:262] Iter 1100:  Training Loss: 0.5868545174598694
2025-02-19 14:43:34,411	[INFO]	[algo_reco.train]	[t5_pegasus_finetune.second_stage.py:262] Iter 1200:  Training Loss: 0.8983961343765259
2025-02-19 14:43:58,152	[INFO]	[algo_reco.train]	[t5_pegasus_finetune.second_stage.py:262] Iter 1300:  Training Loss: 0.8081616759300232
2025-02-19 14:44:21,777	[INFO]	[algo_reco.train]	[t5_pegasus_finetune.second_stage.py:262] Iter 1400:  Training Loss: 0.9889310598373413
2025-02-19 14:44:43,584	[INFO]	[algo_reco.train]	[t5_pegasus_finetune.second_stage.py:262] Iter 1500:  Training Loss: 1.193834900856018
2025-02-19 14:45:06,420	[INFO]	[algo_reco.train]	[t5_pegasus_finetune.second_stage.py:262] Iter 1600:  Training Loss: 0.9271085262298584
2025-02-19 14:45:29,985	[INFO]	[algo_reco.train]	[t5_pegasus_finetune.second_stage.py:262] Iter 1700:  Training Loss: 1.2089908123016357
2025-02-19 14:45:52,550	[INFO]	[algo_reco.train]	[t5_pegasus_finetune.second_stage.py:262] Iter 1800:  Training Loss: 0.8527774214744568
2025-02-19 14:46:14,231	[INFO]	[algo_reco.train]	[t5_pegasus_finetune.second_stage.py:262] Iter 1900:  Training Loss: 0.7829244136810303
2025-02-19 14:46:36,800	[INFO]	[algo_reco.train]	[t5_pegasus_finetune.second_stage.py:262] Iter 2000:  Training Loss: 1.1609426736831665
2025-02-19 14:46:59,189	[INFO]	[algo_reco.train]	[t5_pegasus_finetune.second_stage.py:262] Iter 2100:  Training Loss: 0.8587419986724854
2025-02-19 14:51:39,323	[INFO]	[algo_reco.train]	[t5_pegasus_finetune.second_stage.py:303] Validation Loss: {'rouge-1': 0.6401498065696353, 'rouge-2': 0.4522659643771094, 'rouge-l': 0.5608058575245956}
2025-02-19 14:51:41,126	[INFO]	[algo_reco.train]	[t5_pegasus_finetune.second_stage.py:262] Iter 0:  Training Loss: 0.7790999412536621
2025-02-19 14:52:03,568	[INFO]	[algo_reco.train]	[t5_pegasus_finetune.second_stage.py:262] Iter 100:  Training Loss: 0.8391720652580261
2025-02-19 14:52:27,101	[INFO]	[algo_reco.train]	[t5_pegasus_finetune.second_stage.py:262] Iter 200:  Training Loss: 0.8724154233932495
2025-02-19 14:52:48,548	[INFO]	[algo_reco.train]	[t5_pegasus_finetune.second_stage.py:262] Iter 300:  Training Loss: 0.6694705486297607
2025-02-19 14:53:11,311	[INFO]	[algo_reco.train]	[t5_pegasus_finetune.second_stage.py:262] Iter 400:  Training Loss: 0.7164226770401001
2025-02-19 14:53:32,928	[INFO]	[algo_reco.train]	[t5_pegasus_finetune.second_stage.py:262] Iter 500:  Training Loss: 0.9065227508544922
2025-02-19 14:53:55,603	[INFO]	[algo_reco.train]	[t5_pegasus_finetune.second_stage.py:262] Iter 600:  Training Loss: 0.6338944435119629
2025-02-19 14:54:18,320	[INFO]	[algo_reco.train]	[t5_pegasus_finetune.second_stage.py:262] Iter 700:  Training Loss: 1.0606107711791992
2025-02-19 14:54:41,184	[INFO]	[algo_reco.train]	[t5_pegasus_finetune.second_stage.py:262] Iter 800:  Training Loss: 0.5282343029975891
2025-02-19 14:55:05,047	[INFO]	[algo_reco.train]	[t5_pegasus_finetune.second_stage.py:262] Iter 900:  Training Loss: 1.0189701318740845
2025-02-19 14:55:27,547	[INFO]	[algo_reco.train]	[t5_pegasus_finetune.second_stage.py:262] Iter 1000:  Training Loss: 1.307444453239441
2025-02-19 14:55:50,165	[INFO]	[algo_reco.train]	[t5_pegasus_finetune.second_stage.py:262] Iter 1100:  Training Loss: 0.6925716400146484
2025-02-19 14:56:12,178	[INFO]	[algo_reco.train]	[t5_pegasus_finetune.second_stage.py:262] Iter 1200:  Training Loss: 0.6112521886825562
2025-02-19 14:56:35,813	[INFO]	[algo_reco.train]	[t5_pegasus_finetune.second_stage.py:262] Iter 1300:  Training Loss: 0.6226709485054016
2025-02-19 14:56:59,301	[INFO]	[algo_reco.train]	[t5_pegasus_finetune.second_stage.py:262] Iter 1400:  Training Loss: 0.8080024719238281
2025-02-19 14:57:20,973	[INFO]	[algo_reco.train]	[t5_pegasus_finetune.second_stage.py:262] Iter 1500:  Training Loss: 1.03395414352417
2025-02-19 14:57:43,637	[INFO]	[algo_reco.train]	[t5_pegasus_finetune.second_stage.py:262] Iter 1600:  Training Loss: 0.5140219330787659
2025-02-19 14:58:07,134	[INFO]	[algo_reco.train]	[t5_pegasus_finetune.second_stage.py:262] Iter 1700:  Training Loss: 0.9594115018844604
2025-02-19 14:58:29,689	[INFO]	[algo_reco.train]	[t5_pegasus_finetune.second_stage.py:262] Iter 1800:  Training Loss: 0.6766512989997864
2025-02-19 14:58:51,340	[INFO]	[algo_reco.train]	[t5_pegasus_finetune.second_stage.py:262] Iter 1900:  Training Loss: 0.7126005291938782
2025-02-19 14:59:13,910	[INFO]	[algo_reco.train]	[t5_pegasus_finetune.second_stage.py:262] Iter 2000:  Training Loss: 0.8075907826423645
2025-02-19 14:59:36,373	[INFO]	[algo_reco.train]	[t5_pegasus_finetune.second_stage.py:262] Iter 2100:  Training Loss: 0.9389865398406982
2025-02-19 15:04:52,996	[INFO]	[algo_reco.train]	[t5_pegasus_finetune.second_stage.py:303] Validation Loss: {'rouge-1': 0.648223856476019, 'rouge-2': 0.4582849004623586, 'rouge-l': 0.5639077288416791}
2025-02-19 15:04:54,682	[INFO]	[algo_reco.train]	[t5_pegasus_finetune.second_stage.py:262] Iter 0:  Training Loss: 0.5362710952758789
2025-02-19 15:05:16,941	[INFO]	[algo_reco.train]	[t5_pegasus_finetune.second_stage.py:262] Iter 100:  Training Loss: 0.8651888370513916
2025-02-19 15:05:40,164	[INFO]	[algo_reco.train]	[t5_pegasus_finetune.second_stage.py:262] Iter 200:  Training Loss: 0.6848466992378235
2025-02-19 15:06:01,407	[INFO]	[algo_reco.train]	[t5_pegasus_finetune.second_stage.py:262] Iter 300:  Training Loss: 0.528815507888794
2025-02-19 15:06:23,686	[INFO]	[algo_reco.train]	[t5_pegasus_finetune.second_stage.py:262] Iter 400:  Training Loss: 0.4231797754764557
2025-02-19 15:06:45,368	[INFO]	[algo_reco.train]	[t5_pegasus_finetune.second_stage.py:262] Iter 500:  Training Loss: 0.7095030546188354
2025-02-19 15:07:08,083	[INFO]	[algo_reco.train]	[t5_pegasus_finetune.second_stage.py:262] Iter 600:  Training Loss: 0.7060904502868652
2025-02-19 15:07:30,834	[INFO]	[algo_reco.train]	[t5_pegasus_finetune.second_stage.py:262] Iter 700:  Training Loss: 0.7576956748962402
2025-02-19 15:07:53,696	[INFO]	[algo_reco.train]	[t5_pegasus_finetune.second_stage.py:262] Iter 800:  Training Loss: 0.6683516502380371
2025-02-19 15:08:17,605	[INFO]	[algo_reco.train]	[t5_pegasus_finetune.second_stage.py:262] Iter 900:  Training Loss: 0.727624773979187
2025-02-19 15:08:40,143	[INFO]	[algo_reco.train]	[t5_pegasus_finetune.second_stage.py:262] Iter 1000:  Training Loss: 1.1005367040634155
2025-02-19 15:09:02,762	[INFO]	[algo_reco.train]	[t5_pegasus_finetune.second_stage.py:262] Iter 1100:  Training Loss: 0.568166971206665
2025-02-19 15:09:24,826	[INFO]	[algo_reco.train]	[t5_pegasus_finetune.second_stage.py:262] Iter 1200:  Training Loss: 0.4580918848514557
2025-02-19 15:09:48,488	[INFO]	[algo_reco.train]	[t5_pegasus_finetune.second_stage.py:262] Iter 1300:  Training Loss: 0.5072046518325806
2025-02-19 15:10:12,020	[INFO]	[algo_reco.train]	[t5_pegasus_finetune.second_stage.py:262] Iter 1400:  Training Loss: 0.6596066355705261
2025-02-19 15:10:33,784	[INFO]	[algo_reco.train]	[t5_pegasus_finetune.second_stage.py:262] Iter 1500:  Training Loss: 0.7115536332130432
2025-02-19 15:10:56,523	[INFO]	[algo_reco.train]	[t5_pegasus_finetune.second_stage.py:262] Iter 1600:  Training Loss: 0.4760276973247528
2025-02-19 15:11:20,034	[INFO]	[algo_reco.train]	[t5_pegasus_finetune.second_stage.py:262] Iter 1700:  Training Loss: 0.6543862223625183
2025-02-19 15:11:42,584	[INFO]	[algo_reco.train]	[t5_pegasus_finetune.second_stage.py:262] Iter 1800:  Training Loss: 0.48447513580322266
2025-02-19 15:12:04,225	[INFO]	[algo_reco.train]	[t5_pegasus_finetune.second_stage.py:262] Iter 1900:  Training Loss: 0.515282392501831
2025-02-19 15:12:26,754	[INFO]	[algo_reco.train]	[t5_pegasus_finetune.second_stage.py:262] Iter 2000:  Training Loss: 0.7577189207077026
2025-02-19 15:12:49,165	[INFO]	[algo_reco.train]	[t5_pegasus_finetune.second_stage.py:262] Iter 2100:  Training Loss: 0.7449265718460083
2025-02-19 15:17:42,016	[INFO]	[algo_reco.train]	[t5_pegasus_finetune.second_stage.py:303] Validation Loss: {'rouge-1': 0.6397811805477492, 'rouge-2': 0.45129195034776476, 'rouge-l': 0.5568029330724898}
2025-02-19 15:17:42,083	[INFO]	[algo_reco.train]	[t5_pegasus_finetune.second_stage.py:262] Iter 0:  Training Loss: 0.501020610332489
2025-02-19 15:18:04,343	[INFO]	[algo_reco.train]	[t5_pegasus_finetune.second_stage.py:262] Iter 100:  Training Loss: 0.8079490661621094
2025-02-19 15:18:27,602	[INFO]	[algo_reco.train]	[t5_pegasus_finetune.second_stage.py:262] Iter 200:  Training Loss: 0.7668861150741577
2025-02-19 15:18:48,940	[INFO]	[algo_reco.train]	[t5_pegasus_finetune.second_stage.py:262] Iter 300:  Training Loss: 0.49873900413513184
2025-02-19 15:19:11,341	[INFO]	[algo_reco.train]	[t5_pegasus_finetune.second_stage.py:262] Iter 400:  Training Loss: 0.5212172865867615
2025-02-19 15:19:33,066	[INFO]	[algo_reco.train]	[t5_pegasus_finetune.second_stage.py:262] Iter 500:  Training Loss: 0.6283047795295715
2025-02-19 15:19:55,860	[INFO]	[algo_reco.train]	[t5_pegasus_finetune.second_stage.py:262] Iter 600:  Training Loss: 0.5973384976387024
2025-02-19 15:20:18,661	[INFO]	[algo_reco.train]	[t5_pegasus_finetune.second_stage.py:262] Iter 700:  Training Loss: 0.7657250761985779
2025-02-19 15:20:41,578	[INFO]	[algo_reco.train]	[t5_pegasus_finetune.second_stage.py:262] Iter 800:  Training Loss: 0.4638603925704956
2025-02-19 15:21:05,528	[INFO]	[algo_reco.train]	[t5_pegasus_finetune.second_stage.py:262] Iter 900:  Training Loss: 0.5859038829803467
2025-02-19 15:21:28,111	[INFO]	[algo_reco.train]	[t5_pegasus_finetune.second_stage.py:262] Iter 1000:  Training Loss: 0.8702300190925598
2025-02-19 15:21:50,813	[INFO]	[algo_reco.train]	[t5_pegasus_finetune.second_stage.py:262] Iter 1100:  Training Loss: 0.31307095289230347
2025-02-19 15:22:12,941	[INFO]	[algo_reco.train]	[t5_pegasus_finetune.second_stage.py:262] Iter 1200:  Training Loss: 0.29514288902282715
2025-02-19 15:22:36,699	[INFO]	[algo_reco.train]	[t5_pegasus_finetune.second_stage.py:262] Iter 1300:  Training Loss: 0.5656571984291077
2025-02-19 15:23:00,323	[INFO]	[algo_reco.train]	[t5_pegasus_finetune.second_stage.py:262] Iter 1400:  Training Loss: 0.5192705392837524
2025-02-19 15:23:22,161	[INFO]	[algo_reco.train]	[t5_pegasus_finetune.second_stage.py:262] Iter 1500:  Training Loss: 0.6143129467964172
2025-02-19 15:23:44,994	[INFO]	[algo_reco.train]	[t5_pegasus_finetune.second_stage.py:262] Iter 1600:  Training Loss: 0.37572601437568665
2025-02-19 15:24:08,619	[INFO]	[algo_reco.train]	[t5_pegasus_finetune.second_stage.py:262] Iter 1700:  Training Loss: 0.47943753004074097
2025-02-19 15:24:31,295	[INFO]	[algo_reco.train]	[t5_pegasus_finetune.second_stage.py:262] Iter 1800:  Training Loss: 0.4658721685409546
2025-02-19 15:24:53,855	[INFO]	[algo_reco.train]	[t5_pegasus_finetune.second_stage.py:262] Iter 1900:  Training Loss: 0.48133039474487305
2025-02-19 15:25:16,520	[INFO]	[algo_reco.train]	[t5_pegasus_finetune.second_stage.py:262] Iter 2000:  Training Loss: 0.46953052282333374
2025-02-19 15:25:39,066	[INFO]	[algo_reco.train]	[t5_pegasus_finetune.second_stage.py:262] Iter 2100:  Training Loss: 0.6955934166908264
2025-02-19 15:30:58,694	[INFO]	[algo_reco.train]	[t5_pegasus_finetune.second_stage.py:303] Validation Loss: {'rouge-1': 0.6472647466369065, 'rouge-2': 0.4562075757041353, 'rouge-l': 0.5594062319742202}
2025-02-19 15:30:58,763	[INFO]	[algo_reco.train]	[t5_pegasus_finetune.second_stage.py:262] Iter 0:  Training Loss: 0.4338443875312805
2025-02-19 15:31:21,135	[INFO]	[algo_reco.train]	[t5_pegasus_finetune.second_stage.py:262] Iter 100:  Training Loss: 0.5325072407722473
2025-02-19 15:31:44,472	[INFO]	[algo_reco.train]	[t5_pegasus_finetune.second_stage.py:262] Iter 200:  Training Loss: 0.5808916687965393
2025-02-19 15:32:05,804	[INFO]	[algo_reco.train]	[t5_pegasus_finetune.second_stage.py:262] Iter 300:  Training Loss: 0.3766648769378662
2025-02-19 15:32:28,198	[INFO]	[algo_reco.train]	[t5_pegasus_finetune.second_stage.py:262] Iter 400:  Training Loss: 0.36427244544029236
2025-02-19 15:32:49,979	[INFO]	[algo_reco.train]	[t5_pegasus_finetune.second_stage.py:262] Iter 500:  Training Loss: 0.6108416318893433
2025-02-19 15:33:12,822	[INFO]	[algo_reco.train]	[t5_pegasus_finetune.second_stage.py:262] Iter 600:  Training Loss: 0.3997543752193451
2025-02-19 15:33:35,723	[INFO]	[algo_reco.train]	[t5_pegasus_finetune.second_stage.py:262] Iter 700:  Training Loss: 0.5734149813652039
2025-02-19 15:33:58,642	[INFO]	[algo_reco.train]	[t5_pegasus_finetune.second_stage.py:262] Iter 800:  Training Loss: 0.42756348848342896
2025-02-19 15:34:22,582	[INFO]	[algo_reco.train]	[t5_pegasus_finetune.second_stage.py:262] Iter 900:  Training Loss: 0.3418280780315399
2025-02-19 15:34:45,175	[INFO]	[algo_reco.train]	[t5_pegasus_finetune.second_stage.py:262] Iter 1000:  Training Loss: 0.9227860569953918
2025-02-19 15:35:07,857	[INFO]	[algo_reco.train]	[t5_pegasus_finetune.second_stage.py:262] Iter 1100:  Training Loss: 0.31059154868125916
2025-02-19 15:35:29,957	[INFO]	[algo_reco.train]	[t5_pegasus_finetune.second_stage.py:262] Iter 1200:  Training Loss: 0.3879247009754181
2025-02-19 15:35:53,653	[INFO]	[algo_reco.train]	[t5_pegasus_finetune.second_stage.py:262] Iter 1300:  Training Loss: 0.3863767385482788
2025-02-19 15:36:17,230	[INFO]	[algo_reco.train]	[t5_pegasus_finetune.second_stage.py:262] Iter 1400:  Training Loss: 0.39369630813598633
2025-02-19 15:36:38,966	[INFO]	[algo_reco.train]	[t5_pegasus_finetune.second_stage.py:262] Iter 1500:  Training Loss: 0.6374189257621765
2025-02-19 15:37:01,710	[INFO]	[algo_reco.train]	[t5_pegasus_finetune.second_stage.py:262] Iter 1600:  Training Loss: 0.441513329744339
2025-02-19 15:37:25,265	[INFO]	[algo_reco.train]	[t5_pegasus_finetune.second_stage.py:262] Iter 1700:  Training Loss: 0.41561436653137207
2025-02-19 15:37:47,867	[INFO]	[algo_reco.train]	[t5_pegasus_finetune.second_stage.py:262] Iter 1800:  Training Loss: 0.3693256676197052
2025-02-19 15:38:09,577	[INFO]	[algo_reco.train]	[t5_pegasus_finetune.second_stage.py:262] Iter 1900:  Training Loss: 0.5077656507492065
2025-02-19 15:38:32,159	[INFO]	[algo_reco.train]	[t5_pegasus_finetune.second_stage.py:262] Iter 2000:  Training Loss: 0.570628821849823
2025-02-19 15:38:54,602	[INFO]	[algo_reco.train]	[t5_pegasus_finetune.second_stage.py:262] Iter 2100:  Training Loss: 0.4698723554611206
2025-02-19 15:43:47,438	[INFO]	[algo_reco.train]	[t5_pegasus_finetune.second_stage.py:303] Validation Loss: {'rouge-1': 0.6371087780607778, 'rouge-2': 0.44698391184428404, 'rouge-l': 0.5550364784627675}
2025-02-19 15:43:47,506	[INFO]	[algo_reco.train]	[t5_pegasus_finetune.second_stage.py:262] Iter 0:  Training Loss: 0.4463622570037842
2025-02-19 15:44:09,838	[INFO]	[algo_reco.train]	[t5_pegasus_finetune.second_stage.py:262] Iter 100:  Training Loss: 0.4798857867717743
2025-02-19 15:44:33,157	[INFO]	[algo_reco.train]	[t5_pegasus_finetune.second_stage.py:262] Iter 200:  Training Loss: 0.4095201790332794
2025-02-19 15:44:54,458	[INFO]	[algo_reco.train]	[t5_pegasus_finetune.second_stage.py:262] Iter 300:  Training Loss: 0.313023179769516
2025-02-19 15:45:16,718	[INFO]	[algo_reco.train]	[t5_pegasus_finetune.second_stage.py:262] Iter 400:  Training Loss: 0.26298126578330994
2025-02-19 15:45:38,363	[INFO]	[algo_reco.train]	[t5_pegasus_finetune.second_stage.py:262] Iter 500:  Training Loss: 0.37770578265190125
2025-02-19 15:46:01,070	[INFO]	[algo_reco.train]	[t5_pegasus_finetune.second_stage.py:262] Iter 600:  Training Loss: 0.2757079601287842
2025-02-19 15:46:23,848	[INFO]	[algo_reco.train]	[t5_pegasus_finetune.second_stage.py:262] Iter 700:  Training Loss: 0.4842952787876129
2025-02-19 15:46:46,754	[INFO]	[algo_reco.train]	[t5_pegasus_finetune.second_stage.py:262] Iter 800:  Training Loss: 0.22829678654670715
2025-02-19 15:47:10,657	[INFO]	[algo_reco.train]	[t5_pegasus_finetune.second_stage.py:262] Iter 900:  Training Loss: 0.408150315284729
2025-02-19 15:47:33,210	[INFO]	[algo_reco.train]	[t5_pegasus_finetune.second_stage.py:262] Iter 1000:  Training Loss: 0.6393728852272034
2025-02-19 15:47:55,875	[INFO]	[algo_reco.train]	[t5_pegasus_finetune.second_stage.py:262] Iter 1100:  Training Loss: 0.22607526183128357
2025-02-19 15:48:17,974	[INFO]	[algo_reco.train]	[t5_pegasus_finetune.second_stage.py:262] Iter 1200:  Training Loss: 0.14419075846672058
2025-02-19 15:48:41,668	[INFO]	[algo_reco.train]	[t5_pegasus_finetune.second_stage.py:262] Iter 1300:  Training Loss: 0.36862632632255554
2025-02-19 15:49:05,304	[INFO]	[algo_reco.train]	[t5_pegasus_finetune.second_stage.py:262] Iter 1400:  Training Loss: 0.2918139100074768
2025-02-19 15:49:27,150	[INFO]	[algo_reco.train]	[t5_pegasus_finetune.second_stage.py:262] Iter 1500:  Training Loss: 0.44332820177078247
2025-02-19 15:49:50,054	[INFO]	[algo_reco.train]	[t5_pegasus_finetune.second_stage.py:262] Iter 1600:  Training Loss: 0.38381949067115784
2025-02-19 15:50:13,752	[INFO]	[algo_reco.train]	[t5_pegasus_finetune.second_stage.py:262] Iter 1700:  Training Loss: 0.32098305225372314
2025-02-19 15:50:36,463	[INFO]	[algo_reco.train]	[t5_pegasus_finetune.second_stage.py:262] Iter 1800:  Training Loss: 0.2537570595741272
2025-02-19 15:50:58,287	[INFO]	[algo_reco.train]	[t5_pegasus_finetune.second_stage.py:262] Iter 1900:  Training Loss: 0.34998416900634766
2025-02-19 15:51:20,999	[INFO]	[algo_reco.train]	[t5_pegasus_finetune.second_stage.py:262] Iter 2000:  Training Loss: 0.48991259932518005
2025-02-19 15:51:43,518	[INFO]	[algo_reco.train]	[t5_pegasus_finetune.second_stage.py:262] Iter 2100:  Training Loss: 0.4670318365097046
2025-02-19 15:56:24,082	[INFO]	[algo_reco.train]	[t5_pegasus_finetune.second_stage.py:303] Validation Loss: {'rouge-1': 0.6334557057055575, 'rouge-2': 0.4447341420681374, 'rouge-l': 0.5486991114110167}
2025-02-19 15:56:24,150	[INFO]	[algo_reco.train]	[t5_pegasus_finetune.second_stage.py:262] Iter 0:  Training Loss: 0.3375171422958374
2025-02-19 15:56:46,417	[INFO]	[algo_reco.train]	[t5_pegasus_finetune.second_stage.py:262] Iter 100:  Training Loss: 0.29776495695114136
2025-02-19 15:57:09,657	[INFO]	[algo_reco.train]	[t5_pegasus_finetune.second_stage.py:262] Iter 200:  Training Loss: 0.38386285305023193
2025-02-19 15:57:30,925	[INFO]	[algo_reco.train]	[t5_pegasus_finetune.second_stage.py:262] Iter 300:  Training Loss: 0.410503089427948
2025-02-19 15:57:53,227	[INFO]	[algo_reco.train]	[t5_pegasus_finetune.second_stage.py:262] Iter 400:  Training Loss: 0.2600882351398468
2025-02-19 15:58:14,814	[INFO]	[algo_reco.train]	[t5_pegasus_finetune.second_stage.py:262] Iter 500:  Training Loss: 0.422974556684494
2025-02-19 15:58:37,499	[INFO]	[algo_reco.train]	[t5_pegasus_finetune.second_stage.py:262] Iter 600:  Training Loss: 0.3179042637348175
2025-02-19 15:59:00,180	[INFO]	[algo_reco.train]	[t5_pegasus_finetune.second_stage.py:262] Iter 700:  Training Loss: 0.42764291167259216
2025-02-19 15:59:22,995	[INFO]	[algo_reco.train]	[t5_pegasus_finetune.second_stage.py:262] Iter 800:  Training Loss: 0.31665417551994324
2025-02-19 15:59:46,850	[INFO]	[algo_reco.train]	[t5_pegasus_finetune.second_stage.py:262] Iter 900:  Training Loss: 0.4102771580219269
2025-02-19 16:00:09,334	[INFO]	[algo_reco.train]	[t5_pegasus_finetune.second_stage.py:262] Iter 1000:  Training Loss: 0.6867409944534302
2025-02-19 16:00:31,914	[INFO]	[algo_reco.train]	[t5_pegasus_finetune.second_stage.py:262] Iter 1100:  Training Loss: 0.24482890963554382
2025-02-19 16:00:53,916	[INFO]	[algo_reco.train]	[t5_pegasus_finetune.second_stage.py:262] Iter 1200:  Training Loss: 0.3343738913536072
2025-02-19 16:01:17,495	[INFO]	[algo_reco.train]	[t5_pegasus_finetune.second_stage.py:262] Iter 1300:  Training Loss: 0.4147556722164154
2025-02-19 16:01:41,061	[INFO]	[algo_reco.train]	[t5_pegasus_finetune.second_stage.py:262] Iter 1400:  Training Loss: 0.30149245262145996
2025-02-19 16:02:02,933	[INFO]	[algo_reco.train]	[t5_pegasus_finetune.second_stage.py:262] Iter 1500:  Training Loss: 0.35738426446914673
2025-02-19 16:02:25,809	[INFO]	[algo_reco.train]	[t5_pegasus_finetune.second_stage.py:262] Iter 1600:  Training Loss: 0.2826389968395233
2025-02-19 16:02:49,611	[INFO]	[algo_reco.train]	[t5_pegasus_finetune.second_stage.py:262] Iter 1700:  Training Loss: 0.43736404180526733
2025-02-19 16:03:12,167	[INFO]	[algo_reco.train]	[t5_pegasus_finetune.second_stage.py:262] Iter 1800:  Training Loss: 0.20149555802345276
2025-02-19 16:03:33,887	[INFO]	[algo_reco.train]	[t5_pegasus_finetune.second_stage.py:262] Iter 1900:  Training Loss: 0.413857102394104
2025-02-19 16:03:56,574	[INFO]	[algo_reco.train]	[t5_pegasus_finetune.second_stage.py:262] Iter 2000:  Training Loss: 0.18875671923160553
2025-02-19 16:04:19,026	[INFO]	[algo_reco.train]	[t5_pegasus_finetune.second_stage.py:262] Iter 2100:  Training Loss: 0.397395521402359
2025-02-19 16:09:35,414	[INFO]	[algo_reco.train]	[t5_pegasus_finetune.second_stage.py:303] Validation Loss: {'rouge-1': 0.6420985634861605, 'rouge-2': 0.4491729434768953, 'rouge-l': 0.5539188410745598}
2025-02-19 16:09:35,483	[INFO]	[algo_reco.train]	[t5_pegasus_finetune.second_stage.py:262] Iter 0:  Training Loss: 0.3042673170566559
2025-02-19 16:09:57,715	[INFO]	[algo_reco.train]	[t5_pegasus_finetune.second_stage.py:262] Iter 100:  Training Loss: 0.3319946527481079
2025-02-19 16:10:20,944	[INFO]	[algo_reco.train]	[t5_pegasus_finetune.second_stage.py:262] Iter 200:  Training Loss: 0.3392690420150757
2025-02-19 16:10:42,183	[INFO]	[algo_reco.train]	[t5_pegasus_finetune.second_stage.py:262] Iter 300:  Training Loss: 0.24884343147277832
2025-02-19 16:11:04,474	[INFO]	[algo_reco.train]	[t5_pegasus_finetune.second_stage.py:262] Iter 400:  Training Loss: 0.2744336724281311
2025-02-19 16:11:26,138	[INFO]	[algo_reco.train]	[t5_pegasus_finetune.second_stage.py:262] Iter 500:  Training Loss: 0.32705581188201904
2025-02-19 16:11:49,099	[INFO]	[algo_reco.train]	[t5_pegasus_finetune.second_stage.py:262] Iter 600:  Training Loss: 0.1511964052915573
2025-02-19 16:12:11,880	[INFO]	[algo_reco.train]	[t5_pegasus_finetune.second_stage.py:262] Iter 700:  Training Loss: 0.3527103662490845
2025-02-19 16:12:34,744	[INFO]	[algo_reco.train]	[t5_pegasus_finetune.second_stage.py:262] Iter 800:  Training Loss: 0.3090011775493622
2025-02-19 16:12:58,623	[INFO]	[algo_reco.train]	[t5_pegasus_finetune.second_stage.py:262] Iter 900:  Training Loss: 0.2404942810535431
2025-02-19 16:13:21,165	[INFO]	[algo_reco.train]	[t5_pegasus_finetune.second_stage.py:262] Iter 1000:  Training Loss: 0.5485512018203735
2025-02-19 16:13:43,785	[INFO]	[algo_reco.train]	[t5_pegasus_finetune.second_stage.py:262] Iter 1100:  Training Loss: 0.21586839854717255
2025-02-19 16:14:05,829	[INFO]	[algo_reco.train]	[t5_pegasus_finetune.second_stage.py:262] Iter 1200:  Training Loss: 0.3091771900653839
2025-02-19 16:14:29,716	[INFO]	[algo_reco.train]	[t5_pegasus_finetune.second_stage.py:262] Iter 1300:  Training Loss: 0.22361625730991364
2025-02-19 16:14:53,248	[INFO]	[algo_reco.train]	[t5_pegasus_finetune.second_stage.py:262] Iter 1400:  Training Loss: 0.2167038917541504
2025-02-19 16:15:14,951	[INFO]	[algo_reco.train]	[t5_pegasus_finetune.second_stage.py:262] Iter 1500:  Training Loss: 0.30783697962760925
2025-02-19 16:15:37,676	[INFO]	[algo_reco.train]	[t5_pegasus_finetune.second_stage.py:262] Iter 1600:  Training Loss: 0.21494948863983154
2025-02-19 16:16:01,173	[INFO]	[algo_reco.train]	[t5_pegasus_finetune.second_stage.py:262] Iter 1700:  Training Loss: 0.3944307267665863
2025-02-19 16:16:23,764	[INFO]	[algo_reco.train]	[t5_pegasus_finetune.second_stage.py:262] Iter 1800:  Training Loss: 0.23202653229236603
2025-02-19 16:16:45,420	[INFO]	[algo_reco.train]	[t5_pegasus_finetune.second_stage.py:262] Iter 1900:  Training Loss: 0.312747061252594
2025-02-19 16:17:08,001	[INFO]	[algo_reco.train]	[t5_pegasus_finetune.second_stage.py:262] Iter 2000:  Training Loss: 0.2560434341430664
2025-02-19 16:17:30,414	[INFO]	[algo_reco.train]	[t5_pegasus_finetune.second_stage.py:262] Iter 2100:  Training Loss: 0.34013405442237854
2025-02-19 16:22:27,209	[INFO]	[algo_reco.train]	[t5_pegasus_finetune.second_stage.py:303] Validation Loss: {'rouge-1': 0.635491377409593, 'rouge-2': 0.44623905733913666, 'rouge-l': 0.5512839398900112}
2025-02-19 16:22:27,278	[INFO]	[algo_reco.train]	[t5_pegasus_finetune.second_stage.py:262] Iter 0:  Training Loss: 0.2972446382045746
2025-02-19 16:22:49,468	[INFO]	[algo_reco.train]	[t5_pegasus_finetune.second_stage.py:262] Iter 100:  Training Loss: 0.38932159543037415
2025-02-19 16:23:12,659	[INFO]	[algo_reco.train]	[t5_pegasus_finetune.second_stage.py:262] Iter 200:  Training Loss: 0.2627032995223999
2025-02-19 16:23:33,911	[INFO]	[algo_reco.train]	[t5_pegasus_finetune.second_stage.py:262] Iter 300:  Training Loss: 0.16482345759868622
2025-02-19 16:23:56,181	[INFO]	[algo_reco.train]	[t5_pegasus_finetune.second_stage.py:262] Iter 400:  Training Loss: 0.18480198085308075
2025-02-19 16:24:17,820	[INFO]	[algo_reco.train]	[t5_pegasus_finetune.second_stage.py:262] Iter 500:  Training Loss: 0.30407705903053284
2025-02-19 16:24:40,508	[INFO]	[algo_reco.train]	[t5_pegasus_finetune.second_stage.py:262] Iter 600:  Training Loss: 0.17312227189540863
2025-02-19 16:25:03,221	[INFO]	[algo_reco.train]	[t5_pegasus_finetune.second_stage.py:262] Iter 700:  Training Loss: 0.3942906856536865
2025-02-19 16:25:26,080	[INFO]	[algo_reco.train]	[t5_pegasus_finetune.second_stage.py:262] Iter 800:  Training Loss: 0.28369230031967163
2025-02-19 16:25:49,944	[INFO]	[algo_reco.train]	[t5_pegasus_finetune.second_stage.py:262] Iter 900:  Training Loss: 0.24070101976394653
2025-02-19 16:26:12,452	[INFO]	[algo_reco.train]	[t5_pegasus_finetune.second_stage.py:262] Iter 1000:  Training Loss: 0.6166214346885681
2025-02-19 16:26:35,092	[INFO]	[algo_reco.train]	[t5_pegasus_finetune.second_stage.py:262] Iter 1100:  Training Loss: 0.1990695595741272
2025-02-19 16:26:57,119	[INFO]	[algo_reco.train]	[t5_pegasus_finetune.second_stage.py:262] Iter 1200:  Training Loss: 0.23162229359149933
2025-02-19 16:27:20,726	[INFO]	[algo_reco.train]	[t5_pegasus_finetune.second_stage.py:262] Iter 1300:  Training Loss: 0.2886212468147278
2025-02-19 16:27:44,259	[INFO]	[algo_reco.train]	[t5_pegasus_finetune.second_stage.py:262] Iter 1400:  Training Loss: 0.20891548693180084
2025-02-19 16:28:05,968	[INFO]	[algo_reco.train]	[t5_pegasus_finetune.second_stage.py:262] Iter 1500:  Training Loss: 0.32130876183509827
2025-02-19 16:28:28,687	[INFO]	[algo_reco.train]	[t5_pegasus_finetune.second_stage.py:262] Iter 1600:  Training Loss: 0.14770233631134033
2025-02-19 16:28:52,203	[INFO]	[algo_reco.train]	[t5_pegasus_finetune.second_stage.py:262] Iter 1700:  Training Loss: 0.19763483107089996
2025-02-19 16:29:14,744	[INFO]	[algo_reco.train]	[t5_pegasus_finetune.second_stage.py:262] Iter 1800:  Training Loss: 0.20430141687393188
2025-02-19 16:29:36,410	[INFO]	[algo_reco.train]	[t5_pegasus_finetune.second_stage.py:262] Iter 1900:  Training Loss: 0.3446117639541626
2025-02-19 16:29:58,940	[INFO]	[algo_reco.train]	[t5_pegasus_finetune.second_stage.py:262] Iter 2000:  Training Loss: 0.1934334635734558
2025-02-19 16:30:21,295	[INFO]	[algo_reco.train]	[t5_pegasus_finetune.second_stage.py:262] Iter 2100:  Training Loss: 0.3268432319164276
2025-02-19 16:35:24,389	[INFO]	[algo_reco.train]	[t5_pegasus_finetune.second_stage.py:303] Validation Loss: {'rouge-1': 0.6361341596450693, 'rouge-2': 0.44492772516645657, 'rouge-l': 0.5521184857344851}
2025-02-19 16:35:24,457	[INFO]	[algo_reco.train]	[t5_pegasus_finetune.second_stage.py:262] Iter 0:  Training Loss: 0.30195432901382446
2025-02-19 16:35:46,705	[INFO]	[algo_reco.train]	[t5_pegasus_finetune.second_stage.py:262] Iter 100:  Training Loss: 0.2872459292411804
2025-02-19 16:36:09,967	[INFO]	[algo_reco.train]	[t5_pegasus_finetune.second_stage.py:262] Iter 200:  Training Loss: 0.3706974983215332
2025-02-19 16:36:31,261	[INFO]	[algo_reco.train]	[t5_pegasus_finetune.second_stage.py:262] Iter 300:  Training Loss: 0.20572607219219208
2025-02-19 16:36:53,564	[INFO]	[algo_reco.train]	[t5_pegasus_finetune.second_stage.py:262] Iter 400:  Training Loss: 0.23423798382282257
2025-02-19 16:37:15,272	[INFO]	[algo_reco.train]	[t5_pegasus_finetune.second_stage.py:262] Iter 500:  Training Loss: 0.2909241020679474
2025-02-19 16:37:38,031	[INFO]	[algo_reco.train]	[t5_pegasus_finetune.second_stage.py:262] Iter 600:  Training Loss: 0.16306324303150177
2025-02-19 16:38:00,849	[INFO]	[algo_reco.train]	[t5_pegasus_finetune.second_stage.py:262] Iter 700:  Training Loss: 0.3297661244869232
2025-02-19 16:38:23,808	[INFO]	[algo_reco.train]	[t5_pegasus_finetune.second_stage.py:262] Iter 800:  Training Loss: 0.2305522859096527
2025-02-19 16:38:47,767	[INFO]	[algo_reco.train]	[t5_pegasus_finetune.second_stage.py:262] Iter 900:  Training Loss: 0.2385466992855072
2025-02-19 16:39:10,340	[INFO]	[algo_reco.train]	[t5_pegasus_finetune.second_stage.py:262] Iter 1000:  Training Loss: 0.45242974162101746
2025-02-19 16:39:32,987	[INFO]	[algo_reco.train]	[t5_pegasus_finetune.second_stage.py:262] Iter 1100:  Training Loss: 0.16187936067581177
2025-02-19 16:39:55,124	[INFO]	[algo_reco.train]	[t5_pegasus_finetune.second_stage.py:262] Iter 1200:  Training Loss: 0.21552684903144836
2025-02-19 16:40:18,849	[INFO]	[algo_reco.train]	[t5_pegasus_finetune.second_stage.py:262] Iter 1300:  Training Loss: 0.3556525707244873
2025-02-19 16:40:42,435	[INFO]	[algo_reco.train]	[t5_pegasus_finetune.second_stage.py:262] Iter 1400:  Training Loss: 0.13463087379932404
2025-02-19 16:41:04,144	[INFO]	[algo_reco.train]	[t5_pegasus_finetune.second_stage.py:262] Iter 1500:  Training Loss: 0.3104763627052307
2025-02-19 16:41:26,864	[INFO]	[algo_reco.train]	[t5_pegasus_finetune.second_stage.py:262] Iter 1600:  Training Loss: 0.14096227288246155
2025-02-19 16:41:50,378	[INFO]	[algo_reco.train]	[t5_pegasus_finetune.second_stage.py:262] Iter 1700:  Training Loss: 0.26562216877937317
2025-02-19 16:42:12,941	[INFO]	[algo_reco.train]	[t5_pegasus_finetune.second_stage.py:262] Iter 1800:  Training Loss: 0.19923633337020874
2025-02-19 16:42:34,657	[INFO]	[algo_reco.train]	[t5_pegasus_finetune.second_stage.py:262] Iter 1900:  Training Loss: 0.2639138400554657
2025-02-19 16:42:57,215	[INFO]	[algo_reco.train]	[t5_pegasus_finetune.second_stage.py:262] Iter 2000:  Training Loss: 0.3187251091003418
2025-02-19 16:43:19,636	[INFO]	[algo_reco.train]	[t5_pegasus_finetune.second_stage.py:262] Iter 2100:  Training Loss: 0.22549574077129364
2025-02-19 16:48:15,152	[INFO]	[algo_reco.train]	[t5_pegasus_finetune.second_stage.py:303] Validation Loss: {'rouge-1': 0.6379531123972382, 'rouge-2': 0.4475934692053464, 'rouge-l': 0.5525167266260862}
2025-02-19 16:48:15,220	[INFO]	[algo_reco.train]	[t5_pegasus_finetune.second_stage.py:262] Iter 0:  Training Loss: 0.23762597143650055
2025-02-19 16:48:37,509	[INFO]	[algo_reco.train]	[t5_pegasus_finetune.second_stage.py:262] Iter 100:  Training Loss: 0.19712938368320465
2025-02-19 16:49:00,757	[INFO]	[algo_reco.train]	[t5_pegasus_finetune.second_stage.py:262] Iter 200:  Training Loss: 0.20982398092746735
2025-02-19 16:49:22,040	[INFO]	[algo_reco.train]	[t5_pegasus_finetune.second_stage.py:262] Iter 300:  Training Loss: 0.120321124792099
2025-02-19 16:49:44,317	[INFO]	[algo_reco.train]	[t5_pegasus_finetune.second_stage.py:262] Iter 400:  Training Loss: 0.18954242765903473
2025-02-19 16:50:05,949	[INFO]	[algo_reco.train]	[t5_pegasus_finetune.second_stage.py:262] Iter 500:  Training Loss: 0.23055942356586456
2025-02-19 16:50:28,700	[INFO]	[algo_reco.train]	[t5_pegasus_finetune.second_stage.py:262] Iter 600:  Training Loss: 0.20309053361415863
2025-02-19 16:50:51,483	[INFO]	[algo_reco.train]	[t5_pegasus_finetune.second_stage.py:262] Iter 700:  Training Loss: 0.28381678462028503
2025-02-19 16:51:14,370	[INFO]	[algo_reco.train]	[t5_pegasus_finetune.second_stage.py:262] Iter 800:  Training Loss: 0.1798945516347885
2025-02-19 16:51:38,339	[INFO]	[algo_reco.train]	[t5_pegasus_finetune.second_stage.py:262] Iter 900:  Training Loss: 0.23073852062225342
2025-02-19 16:52:00,896	[INFO]	[algo_reco.train]	[t5_pegasus_finetune.second_stage.py:262] Iter 1000:  Training Loss: 0.39301005005836487
2025-02-19 16:52:23,628	[INFO]	[algo_reco.train]	[t5_pegasus_finetune.second_stage.py:262] Iter 1100:  Training Loss: 0.058315396308898926
2025-02-19 16:52:45,713	[INFO]	[algo_reco.train]	[t5_pegasus_finetune.second_stage.py:262] Iter 1200:  Training Loss: 0.1728007197380066
2025-02-19 16:53:09,429	[INFO]	[algo_reco.train]	[t5_pegasus_finetune.second_stage.py:262] Iter 1300:  Training Loss: 0.14172399044036865
2025-02-19 16:53:33,007	[INFO]	[algo_reco.train]	[t5_pegasus_finetune.second_stage.py:262] Iter 1400:  Training Loss: 0.21937599778175354
2025-02-19 16:53:54,813	[INFO]	[algo_reco.train]	[t5_pegasus_finetune.second_stage.py:262] Iter 1500:  Training Loss: 0.27631333470344543
2025-02-19 16:54:17,613	[INFO]	[algo_reco.train]	[t5_pegasus_finetune.second_stage.py:262] Iter 1600:  Training Loss: 0.09442500025033951
2025-02-19 16:54:41,157	[INFO]	[algo_reco.train]	[t5_pegasus_finetune.second_stage.py:262] Iter 1700:  Training Loss: 0.3126659393310547
2025-02-19 16:55:03,769	[INFO]	[algo_reco.train]	[t5_pegasus_finetune.second_stage.py:262] Iter 1800:  Training Loss: 0.15701398253440857
2025-02-19 16:55:25,484	[INFO]	[algo_reco.train]	[t5_pegasus_finetune.second_stage.py:262] Iter 1900:  Training Loss: 0.26939404010772705
2025-02-19 16:55:48,052	[INFO]	[algo_reco.train]	[t5_pegasus_finetune.second_stage.py:262] Iter 2000:  Training Loss: 0.28518375754356384
2025-02-19 16:56:10,464	[INFO]	[algo_reco.train]	[t5_pegasus_finetune.second_stage.py:262] Iter 2100:  Training Loss: 0.2041158378124237
2025-02-19 17:01:29,492	[INFO]	[algo_reco.train]	[t5_pegasus_finetune.second_stage.py:303] Validation Loss: {'rouge-1': 0.6382395891874056, 'rouge-2': 0.444470057200297, 'rouge-l': 0.5505053072300917}
2025-02-19 17:01:29,561	[INFO]	[algo_reco.train]	[t5_pegasus_finetune.second_stage.py:262] Iter 0:  Training Loss: 0.27345436811447144
2025-02-19 17:01:53,128	[INFO]	[algo_reco.train]	[t5_pegasus_finetune.second_stage.py:262] Iter 100:  Training Loss: 0.21425722539424896
2025-02-19 17:02:18,323	[INFO]	[algo_reco.train]	[t5_pegasus_finetune.second_stage.py:262] Iter 200:  Training Loss: 0.18774761259555817
2025-02-19 17:02:40,733	[INFO]	[algo_reco.train]	[t5_pegasus_finetune.second_stage.py:262] Iter 300:  Training Loss: 0.19492611289024353
2025-02-19 17:03:04,630	[INFO]	[algo_reco.train]	[t5_pegasus_finetune.second_stage.py:262] Iter 400:  Training Loss: 0.1567867249250412
2025-02-19 17:03:28,385	[INFO]	[algo_reco.train]	[t5_pegasus_finetune.second_stage.py:262] Iter 500:  Training Loss: 0.20325031876564026
2025-02-19 17:03:53,220	[INFO]	[algo_reco.train]	[t5_pegasus_finetune.second_stage.py:262] Iter 600:  Training Loss: 0.1831422597169876
2025-02-19 17:04:18,113	[INFO]	[algo_reco.train]	[t5_pegasus_finetune.second_stage.py:262] Iter 700:  Training Loss: 0.2757048010826111
2025-02-19 17:04:43,067	[INFO]	[algo_reco.train]	[t5_pegasus_finetune.second_stage.py:262] Iter 800:  Training Loss: 0.226065531373024
2025-02-19 17:05:08,957	[INFO]	[algo_reco.train]	[t5_pegasus_finetune.second_stage.py:262] Iter 900:  Training Loss: 0.20891708135604858
2025-02-19 17:05:33,470	[INFO]	[algo_reco.train]	[t5_pegasus_finetune.second_stage.py:262] Iter 1000:  Training Loss: 0.37407469749450684
2025-02-19 17:05:58,173	[INFO]	[algo_reco.train]	[t5_pegasus_finetune.second_stage.py:262] Iter 1100:  Training Loss: 0.14026984572410583
2025-02-19 17:06:22,310	[INFO]	[algo_reco.train]	[t5_pegasus_finetune.second_stage.py:262] Iter 1200:  Training Loss: 0.1543264091014862
2025-02-19 17:06:47,967	[INFO]	[algo_reco.train]	[t5_pegasus_finetune.second_stage.py:262] Iter 1300:  Training Loss: 0.17005908489227295
2025-02-19 17:07:13,540	[INFO]	[algo_reco.train]	[t5_pegasus_finetune.second_stage.py:262] Iter 1400:  Training Loss: 0.186541348695755
2025-02-19 17:07:37,402	[INFO]	[algo_reco.train]	[t5_pegasus_finetune.second_stage.py:262] Iter 1500:  Training Loss: 0.2959443926811218
2025-02-19 17:08:02,071	[INFO]	[algo_reco.train]	[t5_pegasus_finetune.second_stage.py:262] Iter 1600:  Training Loss: 0.14201530814170837
2025-02-19 17:08:25,950	[INFO]	[algo_reco.train]	[t5_pegasus_finetune.second_stage.py:262] Iter 1700:  Training Loss: 0.1949428915977478
2025-02-19 17:08:50,567	[INFO]	[algo_reco.train]	[t5_pegasus_finetune.second_stage.py:262] Iter 1800:  Training Loss: 0.14083193242549896
2025-02-19 17:09:14,007	[INFO]	[algo_reco.train]	[t5_pegasus_finetune.second_stage.py:262] Iter 1900:  Training Loss: 0.18692155182361603
2025-02-19 17:09:36,764	[INFO]	[algo_reco.train]	[t5_pegasus_finetune.second_stage.py:262] Iter 2000:  Training Loss: 0.175457164645195
2025-02-19 17:09:59,324	[INFO]	[algo_reco.train]	[t5_pegasus_finetune.second_stage.py:262] Iter 2100:  Training Loss: 0.20392359793186188
2025-02-19 17:15:17,943	[INFO]	[algo_reco.train]	[t5_pegasus_finetune.second_stage.py:303] Validation Loss: {'rouge-1': 0.6408991369504388, 'rouge-2': 0.4470910459498512, 'rouge-l': 0.5530568811201607}
2025-02-19 17:15:18,011	[INFO]	[algo_reco.train]	[t5_pegasus_finetune.second_stage.py:262] Iter 0:  Training Loss: 0.22300755977630615
2025-02-19 17:15:40,427	[INFO]	[algo_reco.train]	[t5_pegasus_finetune.second_stage.py:262] Iter 100:  Training Loss: 0.3093850612640381
2025-02-19 17:16:03,802	[INFO]	[algo_reco.train]	[t5_pegasus_finetune.second_stage.py:262] Iter 200:  Training Loss: 0.16323693096637726
2025-02-19 17:16:25,218	[INFO]	[algo_reco.train]	[t5_pegasus_finetune.second_stage.py:262] Iter 300:  Training Loss: 0.1844547837972641
2025-02-19 17:16:47,666	[INFO]	[algo_reco.train]	[t5_pegasus_finetune.second_stage.py:262] Iter 400:  Training Loss: 0.10002553462982178
2025-02-19 17:17:09,460	[INFO]	[algo_reco.train]	[t5_pegasus_finetune.second_stage.py:262] Iter 500:  Training Loss: 0.1803119033575058
2025-02-19 17:17:32,326	[INFO]	[algo_reco.train]	[t5_pegasus_finetune.second_stage.py:262] Iter 600:  Training Loss: 0.17284660041332245
2025-02-19 17:17:55,263	[INFO]	[algo_reco.train]	[t5_pegasus_finetune.second_stage.py:262] Iter 700:  Training Loss: 0.27574285864830017
2025-02-19 17:18:18,304	[INFO]	[algo_reco.train]	[t5_pegasus_finetune.second_stage.py:262] Iter 800:  Training Loss: 0.1789325326681137
2025-02-19 17:18:42,375	[INFO]	[algo_reco.train]	[t5_pegasus_finetune.second_stage.py:262] Iter 900:  Training Loss: 0.2716437578201294
2025-02-19 17:19:05,064	[INFO]	[algo_reco.train]	[t5_pegasus_finetune.second_stage.py:262] Iter 1000:  Training Loss: 0.37235963344573975
2025-02-19 17:19:27,845	[INFO]	[algo_reco.train]	[t5_pegasus_finetune.second_stage.py:262] Iter 1100:  Training Loss: 0.04143224284052849
2025-02-19 17:19:50,031	[INFO]	[algo_reco.train]	[t5_pegasus_finetune.second_stage.py:262] Iter 1200:  Training Loss: 0.08053170144557953
2025-02-19 17:20:13,858	[INFO]	[algo_reco.train]	[t5_pegasus_finetune.second_stage.py:262] Iter 1300:  Training Loss: 0.1030738428235054
2025-02-19 17:20:37,539	[INFO]	[algo_reco.train]	[t5_pegasus_finetune.second_stage.py:262] Iter 1400:  Training Loss: 0.17656810581684113
2025-02-19 17:20:59,930	[INFO]	[algo_reco.train]	[t5_pegasus_finetune.second_stage.py:262] Iter 1500:  Training Loss: 0.20988747477531433
2025-02-19 17:21:23,858	[INFO]	[algo_reco.train]	[t5_pegasus_finetune.second_stage.py:262] Iter 1600:  Training Loss: 0.10527084767818451
2025-02-19 17:21:47,517	[INFO]	[algo_reco.train]	[t5_pegasus_finetune.second_stage.py:262] Iter 1700:  Training Loss: 0.13322050869464874
2025-02-19 17:22:10,226	[INFO]	[algo_reco.train]	[t5_pegasus_finetune.second_stage.py:262] Iter 1800:  Training Loss: 0.14087533950805664
2025-02-19 17:22:32,065	[INFO]	[algo_reco.train]	[t5_pegasus_finetune.second_stage.py:262] Iter 1900:  Training Loss: 0.18030326068401337
2025-02-19 17:22:54,777	[INFO]	[algo_reco.train]	[t5_pegasus_finetune.second_stage.py:262] Iter 2000:  Training Loss: 0.2098764181137085
2025-02-19 17:23:17,367	[INFO]	[algo_reco.train]	[t5_pegasus_finetune.second_stage.py:262] Iter 2100:  Training Loss: 0.3042949438095093
2025-02-19 17:28:35,402	[INFO]	[algo_reco.train]	[t5_pegasus_finetune.second_stage.py:303] Validation Loss: {'rouge-1': 0.638393055707516, 'rouge-2': 0.4449892106637664, 'rouge-l': 0.5501900157156051}
2025-02-19 17:28:35,470	[INFO]	[algo_reco.train]	[t5_pegasus_finetune.second_stage.py:262] Iter 0:  Training Loss: 0.1727505624294281
2025-02-19 17:28:57,854	[INFO]	[algo_reco.train]	[t5_pegasus_finetune.second_stage.py:262] Iter 100:  Training Loss: 0.21578972041606903
2025-02-19 17:29:21,184	[INFO]	[algo_reco.train]	[t5_pegasus_finetune.second_stage.py:262] Iter 200:  Training Loss: 0.22079592943191528
2025-02-19 17:29:42,576	[INFO]	[algo_reco.train]	[t5_pegasus_finetune.second_stage.py:262] Iter 300:  Training Loss: 0.11859134584665298
2025-02-19 17:30:04,957	[INFO]	[algo_reco.train]	[t5_pegasus_finetune.second_stage.py:262] Iter 400:  Training Loss: 0.17652198672294617
2025-02-19 17:30:26,708	[INFO]	[algo_reco.train]	[t5_pegasus_finetune.second_stage.py:262] Iter 500:  Training Loss: 0.11819460242986679
2025-02-19 17:30:49,516	[INFO]	[algo_reco.train]	[t5_pegasus_finetune.second_stage.py:262] Iter 600:  Training Loss: 0.17963014543056488
2025-02-19 17:31:12,389	[INFO]	[algo_reco.train]	[t5_pegasus_finetune.second_stage.py:262] Iter 700:  Training Loss: 0.27027639746665955
2025-02-19 17:31:35,406	[INFO]	[algo_reco.train]	[t5_pegasus_finetune.second_stage.py:262] Iter 800:  Training Loss: 0.1360386162996292
2025-02-19 17:31:59,390	[INFO]	[algo_reco.train]	[t5_pegasus_finetune.second_stage.py:262] Iter 900:  Training Loss: 0.1607445329427719
2025-02-19 17:32:22,080	[INFO]	[algo_reco.train]	[t5_pegasus_finetune.second_stage.py:262] Iter 1000:  Training Loss: 0.3253987431526184
2025-02-19 17:32:44,811	[INFO]	[algo_reco.train]	[t5_pegasus_finetune.second_stage.py:262] Iter 1100:  Training Loss: 0.19614671170711517
2025-02-19 17:33:06,938	[INFO]	[algo_reco.train]	[t5_pegasus_finetune.second_stage.py:262] Iter 1200:  Training Loss: 0.1388738602399826
2025-02-19 17:33:30,693	[INFO]	[algo_reco.train]	[t5_pegasus_finetune.second_stage.py:262] Iter 1300:  Training Loss: 0.11776643246412277
2025-02-19 17:33:54,288	[INFO]	[algo_reco.train]	[t5_pegasus_finetune.second_stage.py:262] Iter 1400:  Training Loss: 0.15294423699378967
2025-02-19 17:34:16,110	[INFO]	[algo_reco.train]	[t5_pegasus_finetune.second_stage.py:262] Iter 1500:  Training Loss: 0.2225157469511032
2025-02-19 17:34:38,939	[INFO]	[algo_reco.train]	[t5_pegasus_finetune.second_stage.py:262] Iter 1600:  Training Loss: 0.14588312804698944
2025-02-19 17:35:02,555	[INFO]	[algo_reco.train]	[t5_pegasus_finetune.second_stage.py:262] Iter 1700:  Training Loss: 0.13527938723564148
2025-02-19 17:35:25,220	[INFO]	[algo_reco.train]	[t5_pegasus_finetune.second_stage.py:262] Iter 1800:  Training Loss: 0.11519119888544083
2025-02-19 17:35:46,977	[INFO]	[algo_reco.train]	[t5_pegasus_finetune.second_stage.py:262] Iter 1900:  Training Loss: 0.13132373988628387
2025-02-19 17:36:09,696	[INFO]	[algo_reco.train]	[t5_pegasus_finetune.second_stage.py:262] Iter 2000:  Training Loss: 0.204815074801445
2025-02-19 17:36:32,220	[INFO]	[algo_reco.train]	[t5_pegasus_finetune.second_stage.py:262] Iter 2100:  Training Loss: 0.2042130082845688
2025-02-19 17:42:00,825	[INFO]	[algo_reco.train]	[t5_pegasus_finetune.second_stage.py:303] Validation Loss: {'rouge-1': 0.6422338161998489, 'rouge-2': 0.44884501071782573, 'rouge-l': 0.55684827526314}
2025-02-19 17:42:00,893	[INFO]	[algo_reco.train]	[t5_pegasus_finetune.second_stage.py:262] Iter 0:  Training Loss: 0.1977999359369278
2025-02-19 17:42:23,210	[INFO]	[algo_reco.train]	[t5_pegasus_finetune.second_stage.py:262] Iter 100:  Training Loss: 0.17253121733665466
2025-02-19 17:42:46,508	[INFO]	[algo_reco.train]	[t5_pegasus_finetune.second_stage.py:262] Iter 200:  Training Loss: 0.18705984950065613
2025-02-19 17:43:07,853	[INFO]	[algo_reco.train]	[t5_pegasus_finetune.second_stage.py:262] Iter 300:  Training Loss: 0.14246438443660736
2025-02-19 17:43:30,222	[INFO]	[algo_reco.train]	[t5_pegasus_finetune.second_stage.py:262] Iter 400:  Training Loss: 0.15673235058784485
2025-02-19 17:43:51,965	[INFO]	[algo_reco.train]	[t5_pegasus_finetune.second_stage.py:262] Iter 500:  Training Loss: 0.1803603321313858
2025-02-19 17:44:14,744	[INFO]	[algo_reco.train]	[t5_pegasus_finetune.second_stage.py:262] Iter 600:  Training Loss: 0.12353557348251343
2025-02-19 17:44:37,595	[INFO]	[algo_reco.train]	[t5_pegasus_finetune.second_stage.py:262] Iter 700:  Training Loss: 0.17656415700912476
2025-02-19 17:45:00,550	[INFO]	[algo_reco.train]	[t5_pegasus_finetune.second_stage.py:262] Iter 800:  Training Loss: 0.12518566846847534
2025-02-19 17:45:24,544	[INFO]	[algo_reco.train]	[t5_pegasus_finetune.second_stage.py:262] Iter 900:  Training Loss: 0.18491464853286743
2025-02-19 17:45:47,163	[INFO]	[algo_reco.train]	[t5_pegasus_finetune.second_stage.py:262] Iter 1000:  Training Loss: 0.25371551513671875
2025-02-19 17:46:09,864	[INFO]	[algo_reco.train]	[t5_pegasus_finetune.second_stage.py:262] Iter 1100:  Training Loss: 0.1292656511068344
2025-02-19 17:46:32,000	[INFO]	[algo_reco.train]	[t5_pegasus_finetune.second_stage.py:262] Iter 1200:  Training Loss: 0.1373484879732132
2025-02-19 17:46:55,761	[INFO]	[algo_reco.train]	[t5_pegasus_finetune.second_stage.py:262] Iter 1300:  Training Loss: 0.13004906475543976
2025-02-19 17:47:19,405	[INFO]	[algo_reco.train]	[t5_pegasus_finetune.second_stage.py:262] Iter 1400:  Training Loss: 0.12409676611423492
2025-02-19 17:47:41,265	[INFO]	[algo_reco.train]	[t5_pegasus_finetune.second_stage.py:262] Iter 1500:  Training Loss: 0.24497440457344055
2025-02-19 17:48:04,158	[INFO]	[algo_reco.train]	[t5_pegasus_finetune.second_stage.py:262] Iter 1600:  Training Loss: 0.15692397952079773
2025-02-19 17:48:27,905	[INFO]	[algo_reco.train]	[t5_pegasus_finetune.second_stage.py:262] Iter 1700:  Training Loss: 0.19926202297210693
2025-02-19 17:48:50,819	[INFO]	[algo_reco.train]	[t5_pegasus_finetune.second_stage.py:262] Iter 1800:  Training Loss: 0.1419457644224167
2025-02-19 17:49:12,842	[INFO]	[algo_reco.train]	[t5_pegasus_finetune.second_stage.py:262] Iter 1900:  Training Loss: 0.167385533452034
2025-02-19 17:49:35,651	[INFO]	[algo_reco.train]	[t5_pegasus_finetune.second_stage.py:262] Iter 2000:  Training Loss: 0.1313076615333557
2025-02-19 17:49:58,216	[INFO]	[algo_reco.train]	[t5_pegasus_finetune.second_stage.py:262] Iter 2100:  Training Loss: 0.17323294281959534
2025-02-19 17:55:13,658	[INFO]	[algo_reco.train]	[t5_pegasus_finetune.second_stage.py:303] Validation Loss: {'rouge-1': 0.632820463131372, 'rouge-2': 0.4409090483844475, 'rouge-l': 0.5462162752458787}
2025-02-19 17:55:13,726	[INFO]	[algo_reco.train]	[t5_pegasus_finetune.second_stage.py:262] Iter 0:  Training Loss: 0.1895231306552887
2025-02-19 17:55:36,138	[INFO]	[algo_reco.train]	[t5_pegasus_finetune.second_stage.py:262] Iter 100:  Training Loss: 0.23458980023860931
2025-02-19 17:55:59,498	[INFO]	[algo_reco.train]	[t5_pegasus_finetune.second_stage.py:262] Iter 200:  Training Loss: 0.2723838686943054
2025-02-19 17:56:20,913	[INFO]	[algo_reco.train]	[t5_pegasus_finetune.second_stage.py:262] Iter 300:  Training Loss: 0.15414969623088837
2025-02-19 17:56:43,344	[INFO]	[algo_reco.train]	[t5_pegasus_finetune.second_stage.py:262] Iter 400:  Training Loss: 0.13107356429100037
2025-02-19 17:57:05,174	[INFO]	[algo_reco.train]	[t5_pegasus_finetune.second_stage.py:262] Iter 500:  Training Loss: 0.16940557956695557
2025-02-19 17:57:28,060	[INFO]	[algo_reco.train]	[t5_pegasus_finetune.second_stage.py:262] Iter 600:  Training Loss: 0.27254772186279297
2025-02-19 17:57:50,965	[INFO]	[algo_reco.train]	[t5_pegasus_finetune.second_stage.py:262] Iter 700:  Training Loss: 0.1826416552066803
2025-02-19 17:58:14,005	[INFO]	[algo_reco.train]	[t5_pegasus_finetune.second_stage.py:262] Iter 800:  Training Loss: 0.27678340673446655
2025-02-19 17:58:38,039	[INFO]	[algo_reco.train]	[t5_pegasus_finetune.second_stage.py:262] Iter 900:  Training Loss: 0.18908990919589996
2025-02-19 17:59:00,723	[INFO]	[algo_reco.train]	[t5_pegasus_finetune.second_stage.py:262] Iter 1000:  Training Loss: 0.250911146402359
2025-02-19 17:59:23,526	[INFO]	[algo_reco.train]	[t5_pegasus_finetune.second_stage.py:262] Iter 1100:  Training Loss: 0.09932920336723328
2025-02-19 17:59:45,716	[INFO]	[algo_reco.train]	[t5_pegasus_finetune.second_stage.py:262] Iter 1200:  Training Loss: 0.19951622188091278
2025-02-19 18:00:09,510	[INFO]	[algo_reco.train]	[t5_pegasus_finetune.second_stage.py:262] Iter 1300:  Training Loss: 0.10519716888666153
2025-02-19 18:00:33,177	[INFO]	[algo_reco.train]	[t5_pegasus_finetune.second_stage.py:262] Iter 1400:  Training Loss: 0.16588987410068512
2025-02-19 18:00:54,975	[INFO]	[algo_reco.train]	[t5_pegasus_finetune.second_stage.py:262] Iter 1500:  Training Loss: 0.20604227483272552
2025-02-19 18:01:17,792	[INFO]	[algo_reco.train]	[t5_pegasus_finetune.second_stage.py:262] Iter 1600:  Training Loss: 0.09701420366764069
2025-02-19 18:01:41,367	[INFO]	[algo_reco.train]	[t5_pegasus_finetune.second_stage.py:262] Iter 1700:  Training Loss: 0.11950862407684326
2025-02-19 18:02:03,975	[INFO]	[algo_reco.train]	[t5_pegasus_finetune.second_stage.py:262] Iter 1800:  Training Loss: 0.17469444870948792
2025-02-19 18:02:25,701	[INFO]	[algo_reco.train]	[t5_pegasus_finetune.second_stage.py:262] Iter 1900:  Training Loss: 0.12711498141288757
2025-02-19 18:02:48,292	[INFO]	[algo_reco.train]	[t5_pegasus_finetune.second_stage.py:262] Iter 2000:  Training Loss: 0.18505987524986267
2025-02-19 18:03:10,749	[INFO]	[algo_reco.train]	[t5_pegasus_finetune.second_stage.py:262] Iter 2100:  Training Loss: 0.20778875052928925
2025-02-19 18:08:25,572	[INFO]	[algo_reco.train]	[t5_pegasus_finetune.second_stage.py:303] Validation Loss: {'rouge-1': 0.6375690722134176, 'rouge-2': 0.4448213657251266, 'rouge-l': 0.5513123019385014}
2025-02-19 18:08:25,640	[INFO]	[algo_reco.train]	[t5_pegasus_finetune.second_stage.py:262] Iter 0:  Training Loss: 0.14107777178287506
2025-02-19 18:08:47,928	[INFO]	[algo_reco.train]	[t5_pegasus_finetune.second_stage.py:262] Iter 100:  Training Loss: 0.1300281435251236
2025-02-19 18:09:11,165	[INFO]	[algo_reco.train]	[t5_pegasus_finetune.second_stage.py:262] Iter 200:  Training Loss: 0.1829109787940979
2025-02-19 18:09:32,476	[INFO]	[algo_reco.train]	[t5_pegasus_finetune.second_stage.py:262] Iter 300:  Training Loss: 0.17897702753543854
2025-02-19 18:09:54,814	[INFO]	[algo_reco.train]	[t5_pegasus_finetune.second_stage.py:262] Iter 400:  Training Loss: 0.16548343002796173
2025-02-19 18:10:16,499	[INFO]	[algo_reco.train]	[t5_pegasus_finetune.second_stage.py:262] Iter 500:  Training Loss: 0.24761660397052765
2025-02-19 18:10:39,260	[INFO]	[algo_reco.train]	[t5_pegasus_finetune.second_stage.py:262] Iter 600:  Training Loss: 0.24908141791820526
2025-02-19 18:11:02,065	[INFO]	[algo_reco.train]	[t5_pegasus_finetune.second_stage.py:262] Iter 700:  Training Loss: 0.19185011088848114
2025-02-19 18:11:24,969	[INFO]	[algo_reco.train]	[t5_pegasus_finetune.second_stage.py:262] Iter 800:  Training Loss: 0.10841202735900879
2025-02-19 18:11:48,918	[INFO]	[algo_reco.train]	[t5_pegasus_finetune.second_stage.py:262] Iter 900:  Training Loss: 0.11033077538013458
2025-02-19 18:12:11,491	[INFO]	[algo_reco.train]	[t5_pegasus_finetune.second_stage.py:262] Iter 1000:  Training Loss: 0.21739666163921356
2025-02-19 18:12:34,148	[INFO]	[algo_reco.train]	[t5_pegasus_finetune.second_stage.py:262] Iter 1100:  Training Loss: 0.048249904066324234
2025-02-19 18:12:56,236	[INFO]	[algo_reco.train]	[t5_pegasus_finetune.second_stage.py:262] Iter 1200:  Training Loss: 0.12586750090122223
2025-02-19 18:13:19,915	[INFO]	[algo_reco.train]	[t5_pegasus_finetune.second_stage.py:262] Iter 1300:  Training Loss: 0.16854052245616913
2025-02-19 18:13:43,468	[INFO]	[algo_reco.train]	[t5_pegasus_finetune.second_stage.py:262] Iter 1400:  Training Loss: 0.0979921743273735
2025-02-19 18:14:05,201	[INFO]	[algo_reco.train]	[t5_pegasus_finetune.second_stage.py:262] Iter 1500:  Training Loss: 0.14192230999469757
2025-02-19 18:14:27,950	[INFO]	[algo_reco.train]	[t5_pegasus_finetune.second_stage.py:262] Iter 1600:  Training Loss: 0.1106397956609726
2025-02-19 18:14:51,502	[INFO]	[algo_reco.train]	[t5_pegasus_finetune.second_stage.py:262] Iter 1700:  Training Loss: 0.12957678735256195
2025-02-19 18:15:14,107	[INFO]	[algo_reco.train]	[t5_pegasus_finetune.second_stage.py:262] Iter 1800:  Training Loss: 0.16821904480457306
2025-02-19 18:15:35,829	[INFO]	[algo_reco.train]	[t5_pegasus_finetune.second_stage.py:262] Iter 1900:  Training Loss: 0.16336819529533386
2025-02-19 18:15:58,469	[INFO]	[algo_reco.train]	[t5_pegasus_finetune.second_stage.py:262] Iter 2000:  Training Loss: 0.11978690326213837
2025-02-19 18:16:20,953	[INFO]	[algo_reco.train]	[t5_pegasus_finetune.second_stage.py:262] Iter 2100:  Training Loss: 0.15201523900032043
2025-02-19 18:21:40,933	[INFO]	[algo_reco.train]	[t5_pegasus_finetune.second_stage.py:303] Validation Loss: {'rouge-1': 0.6376966732774698, 'rouge-2': 0.443943567357647, 'rouge-l': 0.5511274576203016}
2025-02-19 18:21:41,004	[INFO]	[algo_reco.train]	[t5_pegasus_finetune.second_stage.py:262] Iter 0:  Training Loss: 0.2545452117919922
2025-02-19 18:22:03,557	[INFO]	[algo_reco.train]	[t5_pegasus_finetune.second_stage.py:262] Iter 100:  Training Loss: 0.21888476610183716
2025-02-19 18:22:27,007	[INFO]	[algo_reco.train]	[t5_pegasus_finetune.second_stage.py:262] Iter 200:  Training Loss: 0.17071330547332764
2025-02-19 18:22:48,535	[INFO]	[algo_reco.train]	[t5_pegasus_finetune.second_stage.py:262] Iter 300:  Training Loss: 0.15843501687049866
2025-02-19 18:23:11,057	[INFO]	[algo_reco.train]	[t5_pegasus_finetune.second_stage.py:262] Iter 400:  Training Loss: 0.14020279049873352
2025-02-19 18:23:32,834	[INFO]	[algo_reco.train]	[t5_pegasus_finetune.second_stage.py:262] Iter 500:  Training Loss: 0.13891419768333435
2025-02-19 18:23:55,668	[INFO]	[algo_reco.train]	[t5_pegasus_finetune.second_stage.py:262] Iter 600:  Training Loss: 0.06020280718803406
2025-02-19 18:24:18,621	[INFO]	[algo_reco.train]	[t5_pegasus_finetune.second_stage.py:262] Iter 700:  Training Loss: 0.13645008206367493
2025-02-19 18:24:41,632	[INFO]	[algo_reco.train]	[t5_pegasus_finetune.second_stage.py:262] Iter 800:  Training Loss: 0.07131190598011017
2025-02-19 18:25:05,681	[INFO]	[algo_reco.train]	[t5_pegasus_finetune.second_stage.py:262] Iter 900:  Training Loss: 0.14129501581192017
2025-02-19 18:25:28,441	[INFO]	[algo_reco.train]	[t5_pegasus_finetune.second_stage.py:262] Iter 1000:  Training Loss: 0.1552668958902359
2025-02-19 18:25:51,266	[INFO]	[algo_reco.train]	[t5_pegasus_finetune.second_stage.py:262] Iter 1100:  Training Loss: 0.05662843957543373
2025-02-19 18:26:13,551	[INFO]	[algo_reco.train]	[t5_pegasus_finetune.second_stage.py:262] Iter 1200:  Training Loss: 0.09984330832958221
2025-02-19 18:26:37,370	[INFO]	[algo_reco.train]	[t5_pegasus_finetune.second_stage.py:262] Iter 1300:  Training Loss: 0.2061844915151596
2025-02-19 18:27:01,128	[INFO]	[algo_reco.train]	[t5_pegasus_finetune.second_stage.py:262] Iter 1400:  Training Loss: 0.08164191246032715
2025-02-19 18:27:23,135	[INFO]	[algo_reco.train]	[t5_pegasus_finetune.second_stage.py:262] Iter 1500:  Training Loss: 0.12049567699432373
2025-02-19 18:27:46,120	[INFO]	[algo_reco.train]	[t5_pegasus_finetune.second_stage.py:262] Iter 1600:  Training Loss: 0.07058939337730408
2025-02-19 18:28:09,813	[INFO]	[algo_reco.train]	[t5_pegasus_finetune.second_stage.py:262] Iter 1700:  Training Loss: 0.1206081435084343
2025-02-19 18:28:32,585	[INFO]	[algo_reco.train]	[t5_pegasus_finetune.second_stage.py:262] Iter 1800:  Training Loss: 0.07287243753671646
2025-02-19 18:28:54,364	[INFO]	[algo_reco.train]	[t5_pegasus_finetune.second_stage.py:262] Iter 1900:  Training Loss: 0.11575841903686523
2025-02-19 18:29:17,036	[INFO]	[algo_reco.train]	[t5_pegasus_finetune.second_stage.py:262] Iter 2000:  Training Loss: 0.1996147781610489
2025-02-19 18:29:39,646	[INFO]	[algo_reco.train]	[t5_pegasus_finetune.second_stage.py:262] Iter 2100:  Training Loss: 0.13461364805698395
2025-02-19 18:34:55,199	[INFO]	[algo_reco.train]	[t5_pegasus_finetune.second_stage.py:303] Validation Loss: {'rouge-1': 0.6345065994672816, 'rouge-2': 0.4412134380610043, 'rouge-l': 0.5488517882762449}
2025-02-19 18:34:55,267	[INFO]	[algo_reco.train]	[t5_pegasus_finetune.second_stage.py:262] Iter 0:  Training Loss: 0.10320459306240082
2025-02-19 18:35:17,667	[INFO]	[algo_reco.train]	[t5_pegasus_finetune.second_stage.py:262] Iter 100:  Training Loss: 0.15512709319591522
2025-02-19 18:35:40,990	[INFO]	[algo_reco.train]	[t5_pegasus_finetune.second_stage.py:262] Iter 200:  Training Loss: 0.14986887574195862
2025-02-19 18:36:02,315	[INFO]	[algo_reco.train]	[t5_pegasus_finetune.second_stage.py:262] Iter 300:  Training Loss: 0.1806161105632782
2025-02-19 18:36:24,731	[INFO]	[algo_reco.train]	[t5_pegasus_finetune.second_stage.py:262] Iter 400:  Training Loss: 0.14113391935825348
2025-02-19 18:36:46,564	[INFO]	[algo_reco.train]	[t5_pegasus_finetune.second_stage.py:262] Iter 500:  Training Loss: 0.13211052119731903
2025-02-19 18:37:09,408	[INFO]	[algo_reco.train]	[t5_pegasus_finetune.second_stage.py:262] Iter 600:  Training Loss: 0.16114413738250732
2025-02-19 18:37:32,331	[INFO]	[algo_reco.train]	[t5_pegasus_finetune.second_stage.py:262] Iter 700:  Training Loss: 0.1135149672627449
2025-02-19 18:37:55,586	[INFO]	[algo_reco.train]	[t5_pegasus_finetune.second_stage.py:262] Iter 800:  Training Loss: 0.11922311037778854
2025-02-19 18:38:19,815	[INFO]	[algo_reco.train]	[t5_pegasus_finetune.second_stage.py:262] Iter 900:  Training Loss: 0.15272197127342224
2025-02-19 18:38:42,632	[INFO]	[algo_reco.train]	[t5_pegasus_finetune.second_stage.py:262] Iter 1000:  Training Loss: 0.18372873961925507
2025-02-19 18:39:05,366	[INFO]	[algo_reco.train]	[t5_pegasus_finetune.second_stage.py:262] Iter 1100:  Training Loss: 0.10429558157920837
2025-02-19 18:39:27,590	[INFO]	[algo_reco.train]	[t5_pegasus_finetune.second_stage.py:262] Iter 1200:  Training Loss: 0.056157436221838
2025-02-19 18:39:51,525	[INFO]	[algo_reco.train]	[t5_pegasus_finetune.second_stage.py:262] Iter 1300:  Training Loss: 0.16439993679523468
2025-02-19 18:40:15,182	[INFO]	[algo_reco.train]	[t5_pegasus_finetune.second_stage.py:262] Iter 1400:  Training Loss: 0.16767217218875885
2025-02-19 18:40:36,952	[INFO]	[algo_reco.train]	[t5_pegasus_finetune.second_stage.py:262] Iter 1500:  Training Loss: 0.1676928550004959
2025-02-19 18:40:59,760	[INFO]	[algo_reco.train]	[t5_pegasus_finetune.second_stage.py:262] Iter 1600:  Training Loss: 0.11263766139745712
2025-02-19 18:41:23,337	[INFO]	[algo_reco.train]	[t5_pegasus_finetune.second_stage.py:262] Iter 1700:  Training Loss: 0.1895057111978531
2025-02-19 18:41:45,987	[INFO]	[algo_reco.train]	[t5_pegasus_finetune.second_stage.py:262] Iter 1800:  Training Loss: 0.17402228713035583
2025-02-19 18:42:07,731	[INFO]	[algo_reco.train]	[t5_pegasus_finetune.second_stage.py:262] Iter 1900:  Training Loss: 0.1690455675125122
2025-02-19 18:42:30,379	[INFO]	[algo_reco.train]	[t5_pegasus_finetune.second_stage.py:262] Iter 2000:  Training Loss: 0.14444981515407562
2025-02-19 18:42:52,869	[INFO]	[algo_reco.train]	[t5_pegasus_finetune.second_stage.py:262] Iter 2100:  Training Loss: 0.18153776228427887
2025-02-19 18:47:59,043	[INFO]	[algo_reco.train]	[t5_pegasus_finetune.second_stage.py:303] Validation Loss: {'rouge-1': 0.6272275044223824, 'rouge-2': 0.4366763343293544, 'rouge-l': 0.5423564706624664}
2025-02-19 18:47:59,110	[INFO]	[algo_reco.train]	[t5_pegasus_finetune.second_stage.py:262] Iter 0:  Training Loss: 0.11717844009399414
2025-02-19 18:48:21,398	[INFO]	[algo_reco.train]	[t5_pegasus_finetune.second_stage.py:262] Iter 100:  Training Loss: 0.1673768311738968
2025-02-19 18:48:44,771	[INFO]	[algo_reco.train]	[t5_pegasus_finetune.second_stage.py:262] Iter 200:  Training Loss: 0.1690342128276825
2025-02-19 18:49:05,976	[INFO]	[algo_reco.train]	[t5_pegasus_finetune.second_stage.py:262] Iter 300:  Training Loss: 0.09389352798461914
2025-02-19 18:49:28,369	[INFO]	[algo_reco.train]	[t5_pegasus_finetune.second_stage.py:262] Iter 400:  Training Loss: 0.056583303958177567
2025-02-19 18:49:49,987	[INFO]	[algo_reco.train]	[t5_pegasus_finetune.second_stage.py:262] Iter 500:  Training Loss: 0.11589760333299637
2025-02-19 18:50:12,659	[INFO]	[algo_reco.train]	[t5_pegasus_finetune.second_stage.py:262] Iter 600:  Training Loss: 0.07197845727205276
2025-02-19 18:50:35,392	[INFO]	[algo_reco.train]	[t5_pegasus_finetune.second_stage.py:262] Iter 700:  Training Loss: 0.11614552140235901
2025-02-19 18:50:58,225	[INFO]	[algo_reco.train]	[t5_pegasus_finetune.second_stage.py:262] Iter 800:  Training Loss: 0.07918009907007217
2025-02-19 18:51:22,123	[INFO]	[algo_reco.train]	[t5_pegasus_finetune.second_stage.py:262] Iter 900:  Training Loss: 0.13928934931755066
2025-02-19 18:51:44,659	[INFO]	[algo_reco.train]	[t5_pegasus_finetune.second_stage.py:262] Iter 1000:  Training Loss: 0.2002999633550644
2025-02-19 18:52:07,309	[INFO]	[algo_reco.train]	[t5_pegasus_finetune.second_stage.py:262] Iter 1100:  Training Loss: 0.059543248265981674
2025-02-19 18:52:29,452	[INFO]	[algo_reco.train]	[t5_pegasus_finetune.second_stage.py:262] Iter 1200:  Training Loss: 0.08599378913640976
2025-02-19 18:52:53,110	[INFO]	[algo_reco.train]	[t5_pegasus_finetune.second_stage.py:262] Iter 1300:  Training Loss: 0.15587079524993896
2025-02-19 18:53:16,619	[INFO]	[algo_reco.train]	[t5_pegasus_finetune.second_stage.py:262] Iter 1400:  Training Loss: 0.05054134875535965
2025-02-19 18:53:38,271	[INFO]	[algo_reco.train]	[t5_pegasus_finetune.second_stage.py:262] Iter 1500:  Training Loss: 0.19502535462379456
2025-02-19 18:54:00,938	[INFO]	[algo_reco.train]	[t5_pegasus_finetune.second_stage.py:262] Iter 1600:  Training Loss: 0.09882719069719315
2025-02-19 18:54:24,418	[INFO]	[algo_reco.train]	[t5_pegasus_finetune.second_stage.py:262] Iter 1700:  Training Loss: 0.16329754889011383
2025-02-19 18:54:46,940	[INFO]	[algo_reco.train]	[t5_pegasus_finetune.second_stage.py:262] Iter 1800:  Training Loss: 0.08487910777330399
2025-02-19 18:55:08,567	[INFO]	[algo_reco.train]	[t5_pegasus_finetune.second_stage.py:262] Iter 1900:  Training Loss: 0.06268801540136337
2025-02-19 18:55:31,048	[INFO]	[algo_reco.train]	[t5_pegasus_finetune.second_stage.py:262] Iter 2000:  Training Loss: 0.165792316198349
2025-02-19 18:55:53,403	[INFO]	[algo_reco.train]	[t5_pegasus_finetune.second_stage.py:262] Iter 2100:  Training Loss: 0.16984952986240387
2025-02-19 19:01:12,596	[INFO]	[algo_reco.train]	[t5_pegasus_finetune.second_stage.py:303] Validation Loss: {'rouge-1': 0.6292006735794621, 'rouge-2': 0.4349253960066697, 'rouge-l': 0.5414842087494177}
