2025-05-03 15:08:52,769	[INFO]	[algo_reco.train]	[log.py:50] 
2025-05-03 15:08:52,769	[INFO]	[algo_reco.train]	[log.py:50] 
2025-05-03 15:08:52,769	[INFO]	[algo_reco.train]	[log.py:50] 
2025-05-03 15:08:52,769	[INFO]	[algo_reco.train]	[log.py:50] 
2025-05-03 15:08:52,769	[INFO]	[algo_reco.train]	[log.py:50] 
2025-05-03 15:08:52,769	[INFO]	[algo_reco.train]	[log.py:51] ========== new log ==========
2025-05-03 15:08:52,769	[DEBUG]	[algo_reco.train]	[log.py:52] logfile is [/root/news_summarization_data_pyramid/logs/t5_pegasus/v1.second_stage.train.250503150852.log]
2025-05-03 15:08:52,769	[INFO]	[algo_reco.train]	[log.py:60] init logger done
2025-05-03 15:08:52,769	[INFO]	[algo_reco.train]	[log.py:61] 
2025-05-03 15:08:52,769	[DEBUG]	[algo_reco.train]	[t5_pegasus_finetune.second_stage.py:339] ===== input args =====
2025-05-03 15:08:52,769	[DEBUG]	[algo_reco.train]	[t5_pegasus_finetune.second_stage.py:341] train_data: data/THUCNews/abstractive_pseudo_summary_datasets_zhipu.train.txt
2025-05-03 15:08:52,769	[DEBUG]	[algo_reco.train]	[t5_pegasus_finetune.second_stage.py:341] dev_data: data/THUCNews/abstractive_pseudo_summary_datasets_zhipu.test.txt
2025-05-03 15:08:52,769	[DEBUG]	[algo_reco.train]	[t5_pegasus_finetune.second_stage.py:341] pretrain_model: /root/news_summarization_data_pyramid/model/chinese_t5_pegasus_base_torch
2025-05-03 15:08:52,769	[DEBUG]	[algo_reco.train]	[t5_pegasus_finetune.second_stage.py:341] model_dir: /root/news_summarization_data_pyramid/model/saved_model
2025-05-03 15:08:52,769	[DEBUG]	[algo_reco.train]	[t5_pegasus_finetune.second_stage.py:341] model_specific_dir: t5_pegasus
2025-05-03 15:08:52,770	[DEBUG]	[algo_reco.train]	[t5_pegasus_finetune.second_stage.py:341] num_epoch: 20
2025-05-03 15:08:52,770	[DEBUG]	[algo_reco.train]	[t5_pegasus_finetune.second_stage.py:341] batch_size: 4
2025-05-03 15:08:52,770	[DEBUG]	[algo_reco.train]	[t5_pegasus_finetune.second_stage.py:341] lr: 0.0002
2025-05-03 15:08:52,770	[DEBUG]	[algo_reco.train]	[t5_pegasus_finetune.second_stage.py:341] data_parallel: False
2025-05-03 15:08:52,770	[DEBUG]	[algo_reco.train]	[t5_pegasus_finetune.second_stage.py:341] max_len: 1024
2025-05-03 15:08:52,770	[DEBUG]	[algo_reco.train]	[t5_pegasus_finetune.second_stage.py:341] max_len_generate: 150
2025-05-03 15:08:52,770	[DEBUG]	[algo_reco.train]	[t5_pegasus_finetune.second_stage.py:341] length_penalty: 1.2
2025-05-03 15:08:52,770	[DEBUG]	[algo_reco.train]	[t5_pegasus_finetune.second_stage.py:341] version: v1
2025-05-03 15:08:52,770	[DEBUG]	[algo_reco.train]	[t5_pegasus_finetune.second_stage.py:341] stage: second_stage
2025-05-03 15:08:52,770	[DEBUG]	[algo_reco.train]	[t5_pegasus_finetune.second_stage.py:342] 
2025-05-03 15:09:29,319	[INFO]	[algo_reco.train]	[t5_pegasus_finetune.second_stage.py:262] Iter 0:  Training Loss: 0.5875221490859985
2025-05-03 15:09:51,202	[INFO]	[algo_reco.train]	[t5_pegasus_finetune.second_stage.py:262] Iter 100:  Training Loss: 0.9775840044021606
