2025-03-14 18:13:05,630	[INFO]	[algo_reco.train]	[log.py:50] 
2025-03-14 18:13:05,631	[INFO]	[algo_reco.train]	[log.py:50] 
2025-03-14 18:13:05,631	[INFO]	[algo_reco.train]	[log.py:50] 
2025-03-14 18:13:05,631	[INFO]	[algo_reco.train]	[log.py:50] 
2025-03-14 18:13:05,631	[INFO]	[algo_reco.train]	[log.py:50] 
2025-03-14 18:13:05,631	[INFO]	[algo_reco.train]	[log.py:51] ========== new log ==========
2025-03-14 18:13:05,631	[DEBUG]	[algo_reco.train]	[log.py:52] logfile is [/root/news_summarization_data_pyramid/logs/t5_pegasus/v1.second_stage.train.250314181305.clts_stage2.log]
2025-03-14 18:13:05,631	[INFO]	[algo_reco.train]	[log.py:60] init logger done
2025-03-14 18:13:05,631	[INFO]	[algo_reco.train]	[log.py:61] 
2025-03-14 18:13:05,631	[DEBUG]	[algo_reco.train]	[t5_pegasus_finetune.second_stage.clts.py:339] ===== input args =====
2025-03-14 18:13:05,631	[DEBUG]	[algo_reco.train]	[t5_pegasus_finetune.second_stage.clts.py:341] train_data: data/clts_data/train_formatted_clts_data.9000.txt
2025-03-14 18:13:05,631	[DEBUG]	[algo_reco.train]	[t5_pegasus_finetune.second_stage.clts.py:341] dev_data: data/clts_data/train_formatted_clts_data.1000.txt
2025-03-14 18:13:05,631	[DEBUG]	[algo_reco.train]	[t5_pegasus_finetune.second_stage.clts.py:341] pretrain_model: /root/news_summarization_data_pyramid/model/chinese_t5_pegasus_base_torch
2025-03-14 18:13:05,631	[DEBUG]	[algo_reco.train]	[t5_pegasus_finetune.second_stage.clts.py:341] model_dir: /root/news_summarization_data_pyramid/model/saved_model
2025-03-14 18:13:05,631	[DEBUG]	[algo_reco.train]	[t5_pegasus_finetune.second_stage.clts.py:341] model_specific_dir: t5_pegasus
2025-03-14 18:13:05,631	[DEBUG]	[algo_reco.train]	[t5_pegasus_finetune.second_stage.clts.py:341] num_epoch: 3
2025-03-14 18:13:05,631	[DEBUG]	[algo_reco.train]	[t5_pegasus_finetune.second_stage.clts.py:341] batch_size: 4
2025-03-14 18:13:05,631	[DEBUG]	[algo_reco.train]	[t5_pegasus_finetune.second_stage.clts.py:341] lr: 0.0002
2025-03-14 18:13:05,631	[DEBUG]	[algo_reco.train]	[t5_pegasus_finetune.second_stage.clts.py:341] data_parallel: False
2025-03-14 18:13:05,631	[DEBUG]	[algo_reco.train]	[t5_pegasus_finetune.second_stage.clts.py:341] max_len: 1024
2025-03-14 18:13:05,631	[DEBUG]	[algo_reco.train]	[t5_pegasus_finetune.second_stage.clts.py:341] max_len_generate: 68
2025-03-14 18:13:05,631	[DEBUG]	[algo_reco.train]	[t5_pegasus_finetune.second_stage.clts.py:341] length_penalty: 1.2
2025-03-14 18:13:05,631	[DEBUG]	[algo_reco.train]	[t5_pegasus_finetune.second_stage.clts.py:341] version: v1
2025-03-14 18:13:05,631	[DEBUG]	[algo_reco.train]	[t5_pegasus_finetune.second_stage.clts.py:341] stage: second_stage
2025-03-14 18:13:05,631	[DEBUG]	[algo_reco.train]	[t5_pegasus_finetune.second_stage.clts.py:342] 
2025-03-14 18:14:15,024	[INFO]	[algo_reco.train]	[t5_pegasus_finetune.second_stage.clts.py:262] Iter 0:  Training Loss: 2.537372350692749
2025-03-14 18:14:45,460	[INFO]	[algo_reco.train]	[t5_pegasus_finetune.second_stage.clts.py:262] Iter 100:  Training Loss: 1.772160291671753
2025-03-14 18:15:16,032	[INFO]	[algo_reco.train]	[t5_pegasus_finetune.second_stage.clts.py:262] Iter 200:  Training Loss: 1.0989817380905151
2025-03-14 18:15:46,451	[INFO]	[algo_reco.train]	[t5_pegasus_finetune.second_stage.clts.py:262] Iter 300:  Training Loss: 0.3705689311027527
2025-03-14 18:16:16,692	[INFO]	[algo_reco.train]	[t5_pegasus_finetune.second_stage.clts.py:262] Iter 400:  Training Loss: 0.721609890460968
2025-03-14 18:16:47,140	[INFO]	[algo_reco.train]	[t5_pegasus_finetune.second_stage.clts.py:262] Iter 500:  Training Loss: 1.3417383432388306
2025-03-14 18:17:17,467	[INFO]	[algo_reco.train]	[t5_pegasus_finetune.second_stage.clts.py:262] Iter 600:  Training Loss: 1.406956672668457
2025-03-14 18:17:47,485	[INFO]	[algo_reco.train]	[t5_pegasus_finetune.second_stage.clts.py:262] Iter 700:  Training Loss: 0.1931295394897461
2025-03-14 18:18:18,165	[INFO]	[algo_reco.train]	[t5_pegasus_finetune.second_stage.clts.py:262] Iter 800:  Training Loss: 1.8527405261993408
2025-03-14 18:18:48,393	[INFO]	[algo_reco.train]	[t5_pegasus_finetune.second_stage.clts.py:262] Iter 900:  Training Loss: 0.8456048369407654
2025-03-14 18:19:19,465	[INFO]	[algo_reco.train]	[t5_pegasus_finetune.second_stage.clts.py:262] Iter 1000:  Training Loss: 2.2025437355041504
2025-03-14 18:19:50,348	[INFO]	[algo_reco.train]	[t5_pegasus_finetune.second_stage.clts.py:262] Iter 1100:  Training Loss: 0.5119811296463013
2025-03-14 18:20:20,953	[INFO]	[algo_reco.train]	[t5_pegasus_finetune.second_stage.clts.py:262] Iter 1200:  Training Loss: 1.752785563468933
2025-03-14 18:20:51,534	[INFO]	[algo_reco.train]	[t5_pegasus_finetune.second_stage.clts.py:262] Iter 1300:  Training Loss: 0.9646063446998596
2025-03-14 18:21:21,588	[INFO]	[algo_reco.train]	[t5_pegasus_finetune.second_stage.clts.py:262] Iter 1400:  Training Loss: 0.6357966065406799
2025-03-14 18:21:51,393	[INFO]	[algo_reco.train]	[t5_pegasus_finetune.second_stage.clts.py:262] Iter 1500:  Training Loss: 0.29215091466903687
2025-03-14 18:22:22,307	[INFO]	[algo_reco.train]	[t5_pegasus_finetune.second_stage.clts.py:262] Iter 1600:  Training Loss: 1.5063787698745728
2025-03-14 18:22:52,659	[INFO]	[algo_reco.train]	[t5_pegasus_finetune.second_stage.clts.py:262] Iter 1700:  Training Loss: 0.4490636885166168
2025-03-14 18:23:23,575	[INFO]	[algo_reco.train]	[t5_pegasus_finetune.second_stage.clts.py:262] Iter 1800:  Training Loss: 0.39080947637557983
2025-03-14 18:23:54,047	[INFO]	[algo_reco.train]	[t5_pegasus_finetune.second_stage.clts.py:262] Iter 1900:  Training Loss: 0.9106665253639221
2025-03-14 18:24:25,061	[INFO]	[algo_reco.train]	[t5_pegasus_finetune.second_stage.clts.py:262] Iter 2000:  Training Loss: 0.46601006388664246
2025-03-14 18:24:55,514	[INFO]	[algo_reco.train]	[t5_pegasus_finetune.second_stage.clts.py:262] Iter 2100:  Training Loss: 1.6891043186187744
2025-03-14 18:25:25,806	[INFO]	[algo_reco.train]	[t5_pegasus_finetune.second_stage.clts.py:262] Iter 2200:  Training Loss: 0.5502106547355652
2025-03-14 18:29:14,006	[INFO]	[algo_reco.train]	[t5_pegasus_finetune.second_stage.clts.py:303] Validation Loss: {'rouge-1': 0.5156558065158939, 'rouge-2': 0.385097105076217, 'rouge-l': 0.4638903503051634}
2025-03-14 18:29:15,207	[INFO]	[algo_reco.train]	[t5_pegasus_finetune.second_stage.clts.py:262] Iter 0:  Training Loss: 0.4051056206226349
2025-03-14 18:29:45,876	[INFO]	[algo_reco.train]	[t5_pegasus_finetune.second_stage.clts.py:262] Iter 100:  Training Loss: 1.3688654899597168
2025-03-14 18:30:16,754	[INFO]	[algo_reco.train]	[t5_pegasus_finetune.second_stage.clts.py:262] Iter 200:  Training Loss: 0.8403588533401489
2025-03-14 18:30:47,373	[INFO]	[algo_reco.train]	[t5_pegasus_finetune.second_stage.clts.py:262] Iter 300:  Training Loss: 0.7408171892166138
2025-03-14 18:31:18,012	[INFO]	[algo_reco.train]	[t5_pegasus_finetune.second_stage.clts.py:262] Iter 400:  Training Loss: 0.6147183775901794
2025-03-14 18:31:48,508	[INFO]	[algo_reco.train]	[t5_pegasus_finetune.second_stage.clts.py:262] Iter 500:  Training Loss: 0.7390265464782715
2025-03-14 18:32:18,893	[INFO]	[algo_reco.train]	[t5_pegasus_finetune.second_stage.clts.py:262] Iter 600:  Training Loss: 0.8724513053894043
2025-03-14 18:32:48,937	[INFO]	[algo_reco.train]	[t5_pegasus_finetune.second_stage.clts.py:262] Iter 700:  Training Loss: 0.14634667336940765
2025-03-14 18:33:19,617	[INFO]	[algo_reco.train]	[t5_pegasus_finetune.second_stage.clts.py:262] Iter 800:  Training Loss: 1.314559817314148
2025-03-14 18:33:49,861	[INFO]	[algo_reco.train]	[t5_pegasus_finetune.second_stage.clts.py:262] Iter 900:  Training Loss: 0.648314893245697
2025-03-14 18:34:20,938	[INFO]	[algo_reco.train]	[t5_pegasus_finetune.second_stage.clts.py:262] Iter 1000:  Training Loss: 1.6386812925338745
2025-03-14 18:34:51,850	[INFO]	[algo_reco.train]	[t5_pegasus_finetune.second_stage.clts.py:262] Iter 1100:  Training Loss: 0.24393980205059052
2025-03-14 18:35:22,448	[INFO]	[algo_reco.train]	[t5_pegasus_finetune.second_stage.clts.py:262] Iter 1200:  Training Loss: 1.2573268413543701
2025-03-14 18:35:53,028	[INFO]	[algo_reco.train]	[t5_pegasus_finetune.second_stage.clts.py:262] Iter 1300:  Training Loss: 0.7328289151191711
2025-03-14 18:36:23,084	[INFO]	[algo_reco.train]	[t5_pegasus_finetune.second_stage.clts.py:262] Iter 1400:  Training Loss: 0.5100405216217041
2025-03-14 18:36:52,850	[INFO]	[algo_reco.train]	[t5_pegasus_finetune.second_stage.clts.py:262] Iter 1500:  Training Loss: 0.17635862529277802
2025-03-14 18:37:23,805	[INFO]	[algo_reco.train]	[t5_pegasus_finetune.second_stage.clts.py:262] Iter 1600:  Training Loss: 1.0556535720825195
2025-03-14 18:37:54,173	[INFO]	[algo_reco.train]	[t5_pegasus_finetune.second_stage.clts.py:262] Iter 1700:  Training Loss: 0.37986138463020325
2025-03-14 18:38:25,076	[INFO]	[algo_reco.train]	[t5_pegasus_finetune.second_stage.clts.py:262] Iter 1800:  Training Loss: 0.4376191794872284
2025-03-14 18:38:55,545	[INFO]	[algo_reco.train]	[t5_pegasus_finetune.second_stage.clts.py:262] Iter 1900:  Training Loss: 0.6177049875259399
2025-03-14 18:39:26,591	[INFO]	[algo_reco.train]	[t5_pegasus_finetune.second_stage.clts.py:262] Iter 2000:  Training Loss: 0.36790040135383606
