2025-03-13 14:59:27,979	[INFO]	[algo_reco.train]	[log.py:50] 
2025-03-13 14:59:27,980	[INFO]	[algo_reco.train]	[log.py:50] 
2025-03-13 14:59:27,980	[INFO]	[algo_reco.train]	[log.py:50] 
2025-03-13 14:59:27,980	[INFO]	[algo_reco.train]	[log.py:50] 
2025-03-13 14:59:27,980	[INFO]	[algo_reco.train]	[log.py:50] 
2025-03-13 14:59:27,980	[INFO]	[algo_reco.train]	[log.py:51] ========== new log ==========
2025-03-13 14:59:27,980	[DEBUG]	[algo_reco.train]	[log.py:52] logfile is [/root/news_summarization_data_pyramid/logs/t5_pegasus/v1.second_stage.train.250313145927.lcsts_stage2.log]
2025-03-13 14:59:27,980	[INFO]	[algo_reco.train]	[log.py:60] init logger done
2025-03-13 14:59:27,980	[INFO]	[algo_reco.train]	[log.py:61] 
2025-03-13 14:59:27,980	[DEBUG]	[algo_reco.train]	[t5_pegasus_finetune.second_stage.lcsts.py:339] ===== input args =====
2025-03-13 14:59:27,980	[DEBUG]	[algo_reco.train]	[t5_pegasus_finetune.second_stage.lcsts.py:341] train_data: data/lcsts_data/lcsts_train_formatted.9000.csv
2025-03-13 14:59:27,980	[DEBUG]	[algo_reco.train]	[t5_pegasus_finetune.second_stage.lcsts.py:341] dev_data: data/lcsts_data/lcsts_train_formatted.1000.csv
2025-03-13 14:59:27,980	[DEBUG]	[algo_reco.train]	[t5_pegasus_finetune.second_stage.lcsts.py:341] pretrain_model: /root/news_summarization_data_pyramid/model/chinese_t5_pegasus_base_torch
2025-03-13 14:59:27,980	[DEBUG]	[algo_reco.train]	[t5_pegasus_finetune.second_stage.lcsts.py:341] model_dir: /root/news_summarization_data_pyramid/model/saved_model
2025-03-13 14:59:27,980	[DEBUG]	[algo_reco.train]	[t5_pegasus_finetune.second_stage.lcsts.py:341] model_specific_dir: t5_pegasus
2025-03-13 14:59:27,980	[DEBUG]	[algo_reco.train]	[t5_pegasus_finetune.second_stage.lcsts.py:341] num_epoch: 20
2025-03-13 14:59:27,980	[DEBUG]	[algo_reco.train]	[t5_pegasus_finetune.second_stage.lcsts.py:341] batch_size: 4
2025-03-13 14:59:27,980	[DEBUG]	[algo_reco.train]	[t5_pegasus_finetune.second_stage.lcsts.py:341] lr: 0.0002
2025-03-13 14:59:27,980	[DEBUG]	[algo_reco.train]	[t5_pegasus_finetune.second_stage.lcsts.py:341] data_parallel: False
2025-03-13 14:59:27,980	[DEBUG]	[algo_reco.train]	[t5_pegasus_finetune.second_stage.lcsts.py:341] max_len: 1024
2025-03-13 14:59:27,980	[DEBUG]	[algo_reco.train]	[t5_pegasus_finetune.second_stage.lcsts.py:341] max_len_generate: 150
2025-03-13 14:59:27,980	[DEBUG]	[algo_reco.train]	[t5_pegasus_finetune.second_stage.lcsts.py:341] length_penalty: 1.2
2025-03-13 14:59:27,980	[DEBUG]	[algo_reco.train]	[t5_pegasus_finetune.second_stage.lcsts.py:341] version: v1
2025-03-13 14:59:27,980	[DEBUG]	[algo_reco.train]	[t5_pegasus_finetune.second_stage.lcsts.py:341] stage: second_stage
2025-03-13 14:59:27,980	[DEBUG]	[algo_reco.train]	[t5_pegasus_finetune.second_stage.lcsts.py:342] 
2025-03-13 14:59:39,171	[INFO]	[algo_reco.train]	[t5_pegasus_finetune.second_stage.lcsts.py:262] Iter 0:  Training Loss: 14.130053520202637
2025-03-13 14:59:49,032	[INFO]	[algo_reco.train]	[t5_pegasus_finetune.second_stage.lcsts.py:262] Iter 100:  Training Loss: 4.545834541320801
2025-03-13 14:59:58,805	[INFO]	[algo_reco.train]	[t5_pegasus_finetune.second_stage.lcsts.py:262] Iter 200:  Training Loss: 5.621250629425049
2025-03-13 15:00:08,735	[INFO]	[algo_reco.train]	[t5_pegasus_finetune.second_stage.lcsts.py:262] Iter 300:  Training Loss: 4.369813919067383
2025-03-13 15:00:18,437	[INFO]	[algo_reco.train]	[t5_pegasus_finetune.second_stage.lcsts.py:262] Iter 400:  Training Loss: 3.324882984161377
2025-03-13 15:00:28,282	[INFO]	[algo_reco.train]	[t5_pegasus_finetune.second_stage.lcsts.py:262] Iter 500:  Training Loss: 4.618184566497803
2025-03-13 15:00:37,974	[INFO]	[algo_reco.train]	[t5_pegasus_finetune.second_stage.lcsts.py:262] Iter 600:  Training Loss: 4.341974258422852
2025-03-13 15:00:47,739	[INFO]	[algo_reco.train]	[t5_pegasus_finetune.second_stage.lcsts.py:262] Iter 700:  Training Loss: 3.515228509902954
2025-03-13 15:00:57,407	[INFO]	[algo_reco.train]	[t5_pegasus_finetune.second_stage.lcsts.py:262] Iter 800:  Training Loss: 3.7054665088653564
2025-03-13 15:01:07,143	[INFO]	[algo_reco.train]	[t5_pegasus_finetune.second_stage.lcsts.py:262] Iter 900:  Training Loss: 5.981042385101318
2025-03-13 15:01:16,777	[INFO]	[algo_reco.train]	[t5_pegasus_finetune.second_stage.lcsts.py:262] Iter 1000:  Training Loss: 4.73011589050293
2025-03-13 15:01:26,457	[INFO]	[algo_reco.train]	[t5_pegasus_finetune.second_stage.lcsts.py:262] Iter 1100:  Training Loss: 2.893540620803833
2025-03-13 15:01:36,102	[INFO]	[algo_reco.train]	[t5_pegasus_finetune.second_stage.lcsts.py:262] Iter 1200:  Training Loss: 3.270444869995117
2025-03-13 15:01:45,706	[INFO]	[algo_reco.train]	[t5_pegasus_finetune.second_stage.lcsts.py:262] Iter 1300:  Training Loss: 3.990203619003296
2025-03-13 15:01:55,334	[INFO]	[algo_reco.train]	[t5_pegasus_finetune.second_stage.lcsts.py:262] Iter 1400:  Training Loss: 2.894850730895996
2025-03-13 15:02:04,951	[INFO]	[algo_reco.train]	[t5_pegasus_finetune.second_stage.lcsts.py:262] Iter 1500:  Training Loss: 4.494633197784424
2025-03-13 15:02:14,606	[INFO]	[algo_reco.train]	[t5_pegasus_finetune.second_stage.lcsts.py:262] Iter 1600:  Training Loss: 4.742351055145264
2025-03-13 15:02:24,257	[INFO]	[algo_reco.train]	[t5_pegasus_finetune.second_stage.lcsts.py:262] Iter 1700:  Training Loss: 4.2099432945251465
2025-03-13 15:02:33,958	[INFO]	[algo_reco.train]	[t5_pegasus_finetune.second_stage.lcsts.py:262] Iter 1800:  Training Loss: 3.80247163772583
2025-03-13 15:02:43,633	[INFO]	[algo_reco.train]	[t5_pegasus_finetune.second_stage.lcsts.py:262] Iter 1900:  Training Loss: 5.005377292633057
2025-03-13 15:02:53,408	[INFO]	[algo_reco.train]	[t5_pegasus_finetune.second_stage.lcsts.py:262] Iter 2000:  Training Loss: 3.818101167678833
2025-03-13 15:03:03,060	[INFO]	[algo_reco.train]	[t5_pegasus_finetune.second_stage.lcsts.py:262] Iter 2100:  Training Loss: 3.0908455848693848
2025-03-13 15:03:12,837	[INFO]	[algo_reco.train]	[t5_pegasus_finetune.second_stage.lcsts.py:262] Iter 2200:  Training Loss: 4.339731216430664
2025-03-13 15:04:10,215	[INFO]	[algo_reco.train]	[t5_pegasus_finetune.second_stage.lcsts.py:303] Validation Loss: {'rouge-1': 0.3134249108053801, 'rouge-2': 0.1693576304905532, 'rouge-l': 0.2852764196421406}
2025-03-13 15:04:11,372	[INFO]	[algo_reco.train]	[t5_pegasus_finetune.second_stage.lcsts.py:262] Iter 0:  Training Loss: 3.5995428562164307
2025-03-13 15:04:20,857	[INFO]	[algo_reco.train]	[t5_pegasus_finetune.second_stage.lcsts.py:262] Iter 100:  Training Loss: 2.752135753631592
2025-03-13 15:04:30,422	[INFO]	[algo_reco.train]	[t5_pegasus_finetune.second_stage.lcsts.py:262] Iter 200:  Training Loss: 3.73006272315979
2025-03-13 15:04:40,041	[INFO]	[algo_reco.train]	[t5_pegasus_finetune.second_stage.lcsts.py:262] Iter 300:  Training Loss: 2.998555898666382
2025-03-13 15:04:49,804	[INFO]	[algo_reco.train]	[t5_pegasus_finetune.second_stage.lcsts.py:262] Iter 400:  Training Loss: 2.440869092941284
2025-03-13 15:04:59,534	[INFO]	[algo_reco.train]	[t5_pegasus_finetune.second_stage.lcsts.py:262] Iter 500:  Training Loss: 3.6314949989318848
2025-03-13 15:05:09,328	[INFO]	[algo_reco.train]	[t5_pegasus_finetune.second_stage.lcsts.py:262] Iter 600:  Training Loss: 3.382965564727783
2025-03-13 15:05:19,033	[INFO]	[algo_reco.train]	[t5_pegasus_finetune.second_stage.lcsts.py:262] Iter 700:  Training Loss: 1.816851258277893
2025-03-13 15:05:28,763	[INFO]	[algo_reco.train]	[t5_pegasus_finetune.second_stage.lcsts.py:262] Iter 800:  Training Loss: 2.9013991355895996
2025-03-13 15:05:38,468	[INFO]	[algo_reco.train]	[t5_pegasus_finetune.second_stage.lcsts.py:262] Iter 900:  Training Loss: 3.895591974258423
2025-03-13 15:05:48,139	[INFO]	[algo_reco.train]	[t5_pegasus_finetune.second_stage.lcsts.py:262] Iter 1000:  Training Loss: 3.704709053039551
2025-03-13 15:05:57,808	[INFO]	[algo_reco.train]	[t5_pegasus_finetune.second_stage.lcsts.py:262] Iter 1100:  Training Loss: 1.9844285249710083
2025-03-13 15:06:07,501	[INFO]	[algo_reco.train]	[t5_pegasus_finetune.second_stage.lcsts.py:262] Iter 1200:  Training Loss: 2.043851613998413
2025-03-13 15:06:17,229	[INFO]	[algo_reco.train]	[t5_pegasus_finetune.second_stage.lcsts.py:262] Iter 1300:  Training Loss: 2.947037696838379
2025-03-13 15:06:26,955	[INFO]	[algo_reco.train]	[t5_pegasus_finetune.second_stage.lcsts.py:262] Iter 1400:  Training Loss: 1.8442790508270264
2025-03-13 15:06:36,572	[INFO]	[algo_reco.train]	[t5_pegasus_finetune.second_stage.lcsts.py:262] Iter 1500:  Training Loss: 4.083205699920654
2025-03-13 15:06:46,209	[INFO]	[algo_reco.train]	[t5_pegasus_finetune.second_stage.lcsts.py:262] Iter 1600:  Training Loss: 2.212312936782837
2025-03-13 15:06:55,839	[INFO]	[algo_reco.train]	[t5_pegasus_finetune.second_stage.lcsts.py:262] Iter 1700:  Training Loss: 3.3502888679504395
2025-03-13 15:07:05,477	[INFO]	[algo_reco.train]	[t5_pegasus_finetune.second_stage.lcsts.py:262] Iter 1800:  Training Loss: 2.926551580429077
2025-03-13 15:07:15,235	[INFO]	[algo_reco.train]	[t5_pegasus_finetune.second_stage.lcsts.py:262] Iter 1900:  Training Loss: 3.228123426437378
2025-03-13 15:07:25,062	[INFO]	[algo_reco.train]	[t5_pegasus_finetune.second_stage.lcsts.py:262] Iter 2000:  Training Loss: 2.806344747543335
2025-03-13 15:07:34,898	[INFO]	[algo_reco.train]	[t5_pegasus_finetune.second_stage.lcsts.py:262] Iter 2100:  Training Loss: 2.0188612937927246
2025-03-13 15:07:44,605	[INFO]	[algo_reco.train]	[t5_pegasus_finetune.second_stage.lcsts.py:262] Iter 2200:  Training Loss: 2.8771495819091797
2025-03-13 15:08:58,534	[INFO]	[algo_reco.train]	[t5_pegasus_finetune.second_stage.lcsts.py:303] Validation Loss: {'rouge-1': 0.3354255771995889, 'rouge-2': 0.19024191639530896, 'rouge-l': 0.30543929783262536}
2025-03-13 15:09:00,114	[INFO]	[algo_reco.train]	[t5_pegasus_finetune.second_stage.lcsts.py:262] Iter 0:  Training Loss: 2.0886874198913574
2025-03-13 15:09:09,690	[INFO]	[algo_reco.train]	[t5_pegasus_finetune.second_stage.lcsts.py:262] Iter 100:  Training Loss: 1.2967220544815063
2025-03-13 15:09:19,327	[INFO]	[algo_reco.train]	[t5_pegasus_finetune.second_stage.lcsts.py:262] Iter 200:  Training Loss: 2.6373684406280518
2025-03-13 15:09:28,993	[INFO]	[algo_reco.train]	[t5_pegasus_finetune.second_stage.lcsts.py:262] Iter 300:  Training Loss: 2.2837796211242676
2025-03-13 15:09:38,788	[INFO]	[algo_reco.train]	[t5_pegasus_finetune.second_stage.lcsts.py:262] Iter 400:  Training Loss: 1.3103150129318237
2025-03-13 15:09:48,678	[INFO]	[algo_reco.train]	[t5_pegasus_finetune.second_stage.lcsts.py:262] Iter 500:  Training Loss: 2.3860268592834473
2025-03-13 15:09:58,431	[INFO]	[algo_reco.train]	[t5_pegasus_finetune.second_stage.lcsts.py:262] Iter 600:  Training Loss: 1.8190091848373413
2025-03-13 15:10:08,141	[INFO]	[algo_reco.train]	[t5_pegasus_finetune.second_stage.lcsts.py:262] Iter 700:  Training Loss: 1.2971194982528687
2025-03-13 15:10:17,982	[INFO]	[algo_reco.train]	[t5_pegasus_finetune.second_stage.lcsts.py:262] Iter 800:  Training Loss: 2.2308552265167236
2025-03-13 15:10:27,675	[INFO]	[algo_reco.train]	[t5_pegasus_finetune.second_stage.lcsts.py:262] Iter 900:  Training Loss: 2.9014482498168945
2025-03-13 15:10:37,418	[INFO]	[algo_reco.train]	[t5_pegasus_finetune.second_stage.lcsts.py:262] Iter 1000:  Training Loss: 3.123589038848877
2025-03-13 15:10:47,111	[INFO]	[algo_reco.train]	[t5_pegasus_finetune.second_stage.lcsts.py:262] Iter 1100:  Training Loss: 1.1116772890090942
2025-03-13 15:10:56,912	[INFO]	[algo_reco.train]	[t5_pegasus_finetune.second_stage.lcsts.py:262] Iter 1200:  Training Loss: 1.7811492681503296
2025-03-13 15:11:06,680	[INFO]	[algo_reco.train]	[t5_pegasus_finetune.second_stage.lcsts.py:262] Iter 1300:  Training Loss: 2.160384178161621
2025-03-13 15:11:16,471	[INFO]	[algo_reco.train]	[t5_pegasus_finetune.second_stage.lcsts.py:262] Iter 1400:  Training Loss: 1.202477216720581
2025-03-13 15:11:26,149	[INFO]	[algo_reco.train]	[t5_pegasus_finetune.second_stage.lcsts.py:262] Iter 1500:  Training Loss: 1.7706809043884277
2025-03-13 15:11:35,821	[INFO]	[algo_reco.train]	[t5_pegasus_finetune.second_stage.lcsts.py:262] Iter 1600:  Training Loss: 1.4224612712860107
2025-03-13 15:11:45,397	[INFO]	[algo_reco.train]	[t5_pegasus_finetune.second_stage.lcsts.py:262] Iter 1700:  Training Loss: 2.283212900161743
2025-03-13 15:11:55,069	[INFO]	[algo_reco.train]	[t5_pegasus_finetune.second_stage.lcsts.py:262] Iter 1800:  Training Loss: 2.226482391357422
2025-03-13 15:12:04,725	[INFO]	[algo_reco.train]	[t5_pegasus_finetune.second_stage.lcsts.py:262] Iter 1900:  Training Loss: 2.228276491165161
2025-03-13 15:12:14,461	[INFO]	[algo_reco.train]	[t5_pegasus_finetune.second_stage.lcsts.py:262] Iter 2000:  Training Loss: 2.0108890533447266
2025-03-13 15:12:24,345	[INFO]	[algo_reco.train]	[t5_pegasus_finetune.second_stage.lcsts.py:262] Iter 2100:  Training Loss: 1.8005025386810303
2025-03-13 15:12:34,248	[INFO]	[algo_reco.train]	[t5_pegasus_finetune.second_stage.lcsts.py:262] Iter 2200:  Training Loss: 1.6683158874511719
2025-03-13 15:13:33,460	[INFO]	[algo_reco.train]	[t5_pegasus_finetune.second_stage.lcsts.py:303] Validation Loss: {'rouge-1': 0.33454523389815605, 'rouge-2': 0.18662119332211374, 'rouge-l': 0.3014570101042344}
2025-03-13 15:13:33,497	[INFO]	[algo_reco.train]	[t5_pegasus_finetune.second_stage.lcsts.py:262] Iter 0:  Training Loss: 1.2027311325073242
2025-03-13 15:13:43,253	[INFO]	[algo_reco.train]	[t5_pegasus_finetune.second_stage.lcsts.py:262] Iter 100:  Training Loss: 0.7457761168479919
2025-03-13 15:13:52,869	[INFO]	[algo_reco.train]	[t5_pegasus_finetune.second_stage.lcsts.py:262] Iter 200:  Training Loss: 1.9168082475662231
2025-03-13 15:14:02,523	[INFO]	[algo_reco.train]	[t5_pegasus_finetune.second_stage.lcsts.py:262] Iter 300:  Training Loss: 1.551267385482788
2025-03-13 15:14:12,071	[INFO]	[algo_reco.train]	[t5_pegasus_finetune.second_stage.lcsts.py:262] Iter 400:  Training Loss: 1.1456736326217651
2025-03-13 15:14:21,867	[INFO]	[algo_reco.train]	[t5_pegasus_finetune.second_stage.lcsts.py:262] Iter 500:  Training Loss: 1.7710680961608887
2025-03-13 15:14:31,628	[INFO]	[algo_reco.train]	[t5_pegasus_finetune.second_stage.lcsts.py:262] Iter 600:  Training Loss: 1.1264933347702026
2025-03-13 15:14:41,385	[INFO]	[algo_reco.train]	[t5_pegasus_finetune.second_stage.lcsts.py:262] Iter 700:  Training Loss: 0.9533926844596863
2025-03-13 15:14:51,116	[INFO]	[algo_reco.train]	[t5_pegasus_finetune.second_stage.lcsts.py:262] Iter 800:  Training Loss: 1.4413042068481445
2025-03-13 15:15:00,907	[INFO]	[algo_reco.train]	[t5_pegasus_finetune.second_stage.lcsts.py:262] Iter 900:  Training Loss: 1.612045407295227
2025-03-13 15:15:10,655	[INFO]	[algo_reco.train]	[t5_pegasus_finetune.second_stage.lcsts.py:262] Iter 1000:  Training Loss: 2.390326738357544
2025-03-13 15:15:20,487	[INFO]	[algo_reco.train]	[t5_pegasus_finetune.second_stage.lcsts.py:262] Iter 1100:  Training Loss: 0.7545980215072632
2025-03-13 15:15:30,237	[INFO]	[algo_reco.train]	[t5_pegasus_finetune.second_stage.lcsts.py:262] Iter 1200:  Training Loss: 0.843643844127655
2025-03-13 15:15:39,950	[INFO]	[algo_reco.train]	[t5_pegasus_finetune.second_stage.lcsts.py:262] Iter 1300:  Training Loss: 1.5442396402359009
2025-03-13 15:15:49,697	[INFO]	[algo_reco.train]	[t5_pegasus_finetune.second_stage.lcsts.py:262] Iter 1400:  Training Loss: 0.8810471892356873
2025-03-13 15:15:59,480	[INFO]	[algo_reco.train]	[t5_pegasus_finetune.second_stage.lcsts.py:262] Iter 1500:  Training Loss: 1.4746050834655762
2025-03-13 15:16:09,139	[INFO]	[algo_reco.train]	[t5_pegasus_finetune.second_stage.lcsts.py:262] Iter 1600:  Training Loss: 0.606650710105896
2025-03-13 15:16:18,773	[INFO]	[algo_reco.train]	[t5_pegasus_finetune.second_stage.lcsts.py:262] Iter 1700:  Training Loss: 1.6801140308380127
2025-03-13 15:16:28,249	[INFO]	[algo_reco.train]	[t5_pegasus_finetune.second_stage.lcsts.py:262] Iter 1800:  Training Loss: 1.3912758827209473
2025-03-13 15:16:37,796	[INFO]	[algo_reco.train]	[t5_pegasus_finetune.second_stage.lcsts.py:262] Iter 1900:  Training Loss: 1.3436795473098755
2025-03-13 15:16:47,549	[INFO]	[algo_reco.train]	[t5_pegasus_finetune.second_stage.lcsts.py:262] Iter 2000:  Training Loss: 1.7496657371520996
2025-03-13 15:16:57,285	[INFO]	[algo_reco.train]	[t5_pegasus_finetune.second_stage.lcsts.py:262] Iter 2100:  Training Loss: 1.1467130184173584
2025-03-13 15:17:07,008	[INFO]	[algo_reco.train]	[t5_pegasus_finetune.second_stage.lcsts.py:262] Iter 2200:  Training Loss: 0.9775524139404297
2025-03-13 15:18:05,136	[INFO]	[algo_reco.train]	[t5_pegasus_finetune.second_stage.lcsts.py:303] Validation Loss: {'rouge-1': 0.3209341810141942, 'rouge-2': 0.17722910200586803, 'rouge-l': 0.2885362134581001}
2025-03-13 15:18:05,169	[INFO]	[algo_reco.train]	[t5_pegasus_finetune.second_stage.lcsts.py:262] Iter 0:  Training Loss: 1.2512102127075195
2025-03-13 15:18:14,852	[INFO]	[algo_reco.train]	[t5_pegasus_finetune.second_stage.lcsts.py:262] Iter 100:  Training Loss: 0.3633149266242981
2025-03-13 15:18:24,555	[INFO]	[algo_reco.train]	[t5_pegasus_finetune.second_stage.lcsts.py:262] Iter 200:  Training Loss: 1.052721619606018
2025-03-13 15:18:34,280	[INFO]	[algo_reco.train]	[t5_pegasus_finetune.second_stage.lcsts.py:262] Iter 300:  Training Loss: 0.9776030778884888
2025-03-13 15:18:43,897	[INFO]	[algo_reco.train]	[t5_pegasus_finetune.second_stage.lcsts.py:262] Iter 400:  Training Loss: 0.7976198196411133
2025-03-13 15:18:53,448	[INFO]	[algo_reco.train]	[t5_pegasus_finetune.second_stage.lcsts.py:262] Iter 500:  Training Loss: 1.2657098770141602
2025-03-13 15:19:03,042	[INFO]	[algo_reco.train]	[t5_pegasus_finetune.second_stage.lcsts.py:262] Iter 600:  Training Loss: 0.7955909371376038
2025-03-13 15:19:12,730	[INFO]	[algo_reco.train]	[t5_pegasus_finetune.second_stage.lcsts.py:262] Iter 700:  Training Loss: 0.5161660313606262
2025-03-13 15:19:22,508	[INFO]	[algo_reco.train]	[t5_pegasus_finetune.second_stage.lcsts.py:262] Iter 800:  Training Loss: 1.0337944030761719
2025-03-13 15:19:32,204	[INFO]	[algo_reco.train]	[t5_pegasus_finetune.second_stage.lcsts.py:262] Iter 900:  Training Loss: 1.156071662902832
2025-03-13 15:19:41,966	[INFO]	[algo_reco.train]	[t5_pegasus_finetune.second_stage.lcsts.py:262] Iter 1000:  Training Loss: 1.5168424844741821
2025-03-13 15:19:51,671	[INFO]	[algo_reco.train]	[t5_pegasus_finetune.second_stage.lcsts.py:262] Iter 1100:  Training Loss: 0.9357973337173462
2025-03-13 15:20:01,396	[INFO]	[algo_reco.train]	[t5_pegasus_finetune.second_stage.lcsts.py:262] Iter 1200:  Training Loss: 0.5463643074035645
2025-03-13 15:20:11,052	[INFO]	[algo_reco.train]	[t5_pegasus_finetune.second_stage.lcsts.py:262] Iter 1300:  Training Loss: 0.9976929426193237
2025-03-13 15:20:20,856	[INFO]	[algo_reco.train]	[t5_pegasus_finetune.second_stage.lcsts.py:262] Iter 1400:  Training Loss: 0.544910728931427
2025-03-13 15:20:30,521	[INFO]	[algo_reco.train]	[t5_pegasus_finetune.second_stage.lcsts.py:262] Iter 1500:  Training Loss: 0.7712336182594299
2025-03-13 15:20:40,240	[INFO]	[algo_reco.train]	[t5_pegasus_finetune.second_stage.lcsts.py:262] Iter 1600:  Training Loss: 0.3252776265144348
2025-03-13 15:20:50,045	[INFO]	[algo_reco.train]	[t5_pegasus_finetune.second_stage.lcsts.py:262] Iter 1700:  Training Loss: 1.0784517526626587
2025-03-13 15:20:59,841	[INFO]	[algo_reco.train]	[t5_pegasus_finetune.second_stage.lcsts.py:262] Iter 1800:  Training Loss: 1.1498934030532837
2025-03-13 15:21:09,352	[INFO]	[algo_reco.train]	[t5_pegasus_finetune.second_stage.lcsts.py:262] Iter 1900:  Training Loss: 0.9167588353157043
2025-03-13 15:21:18,919	[INFO]	[algo_reco.train]	[t5_pegasus_finetune.second_stage.lcsts.py:262] Iter 2000:  Training Loss: 1.0863715410232544
2025-03-13 15:21:28,466	[INFO]	[algo_reco.train]	[t5_pegasus_finetune.second_stage.lcsts.py:262] Iter 2100:  Training Loss: 0.8217563033103943
2025-03-13 15:21:38,241	[INFO]	[algo_reco.train]	[t5_pegasus_finetune.second_stage.lcsts.py:262] Iter 2200:  Training Loss: 0.6376343369483948
2025-03-13 15:22:37,329	[INFO]	[algo_reco.train]	[t5_pegasus_finetune.second_stage.lcsts.py:303] Validation Loss: {'rouge-1': 0.3071658364148266, 'rouge-2': 0.16853236169224792, 'rouge-l': 0.27765485827056163}
2025-03-13 15:22:37,363	[INFO]	[algo_reco.train]	[t5_pegasus_finetune.second_stage.lcsts.py:262] Iter 0:  Training Loss: 0.610802948474884
2025-03-13 15:22:47,147	[INFO]	[algo_reco.train]	[t5_pegasus_finetune.second_stage.lcsts.py:262] Iter 100:  Training Loss: 0.18194356560707092
2025-03-13 15:22:56,827	[INFO]	[algo_reco.train]	[t5_pegasus_finetune.second_stage.lcsts.py:262] Iter 200:  Training Loss: 0.6645873188972473
2025-03-13 15:23:06,577	[INFO]	[algo_reco.train]	[t5_pegasus_finetune.second_stage.lcsts.py:262] Iter 300:  Training Loss: 0.7625565528869629
2025-03-13 15:23:16,223	[INFO]	[algo_reco.train]	[t5_pegasus_finetune.second_stage.lcsts.py:262] Iter 400:  Training Loss: 0.5846532583236694
2025-03-13 15:23:25,957	[INFO]	[algo_reco.train]	[t5_pegasus_finetune.second_stage.lcsts.py:262] Iter 500:  Training Loss: 0.8722805380821228
2025-03-13 15:23:35,604	[INFO]	[algo_reco.train]	[t5_pegasus_finetune.second_stage.lcsts.py:262] Iter 600:  Training Loss: 0.7995676398277283
2025-03-13 15:23:45,235	[INFO]	[algo_reco.train]	[t5_pegasus_finetune.second_stage.lcsts.py:262] Iter 700:  Training Loss: 0.46919944882392883
2025-03-13 15:23:54,721	[INFO]	[algo_reco.train]	[t5_pegasus_finetune.second_stage.lcsts.py:262] Iter 800:  Training Loss: 0.6074841618537903
2025-03-13 15:24:04,504	[INFO]	[algo_reco.train]	[t5_pegasus_finetune.second_stage.lcsts.py:262] Iter 900:  Training Loss: 1.0497822761535645
2025-03-13 15:24:14,250	[INFO]	[algo_reco.train]	[t5_pegasus_finetune.second_stage.lcsts.py:262] Iter 1000:  Training Loss: 1.048774003982544
2025-03-13 15:24:23,950	[INFO]	[algo_reco.train]	[t5_pegasus_finetune.second_stage.lcsts.py:262] Iter 1100:  Training Loss: 0.45628979802131653
2025-03-13 15:24:33,617	[INFO]	[algo_reco.train]	[t5_pegasus_finetune.second_stage.lcsts.py:262] Iter 1200:  Training Loss: 0.3824629485607147
2025-03-13 15:24:43,325	[INFO]	[algo_reco.train]	[t5_pegasus_finetune.second_stage.lcsts.py:262] Iter 1300:  Training Loss: 0.8456605076789856
2025-03-13 15:24:52,983	[INFO]	[algo_reco.train]	[t5_pegasus_finetune.second_stage.lcsts.py:262] Iter 1400:  Training Loss: 0.10384073853492737
2025-03-13 15:25:02,715	[INFO]	[algo_reco.train]	[t5_pegasus_finetune.second_stage.lcsts.py:262] Iter 1500:  Training Loss: 0.7329305410385132
2025-03-13 15:25:12,383	[INFO]	[algo_reco.train]	[t5_pegasus_finetune.second_stage.lcsts.py:262] Iter 1600:  Training Loss: 0.46951526403427124
2025-03-13 15:25:22,100	[INFO]	[algo_reco.train]	[t5_pegasus_finetune.second_stage.lcsts.py:262] Iter 1700:  Training Loss: 0.9253084063529968
2025-03-13 15:25:31,747	[INFO]	[algo_reco.train]	[t5_pegasus_finetune.second_stage.lcsts.py:262] Iter 1800:  Training Loss: 0.7292181253433228
2025-03-13 15:25:41,423	[INFO]	[algo_reco.train]	[t5_pegasus_finetune.second_stage.lcsts.py:262] Iter 1900:  Training Loss: 0.5360879898071289
2025-03-13 15:25:51,128	[INFO]	[algo_reco.train]	[t5_pegasus_finetune.second_stage.lcsts.py:262] Iter 2000:  Training Loss: 0.8093082308769226
2025-03-13 15:26:00,713	[INFO]	[algo_reco.train]	[t5_pegasus_finetune.second_stage.lcsts.py:262] Iter 2100:  Training Loss: 0.899248480796814
2025-03-13 15:26:10,291	[INFO]	[algo_reco.train]	[t5_pegasus_finetune.second_stage.lcsts.py:262] Iter 2200:  Training Loss: 0.9652889966964722
2025-03-13 15:27:10,516	[INFO]	[algo_reco.train]	[t5_pegasus_finetune.second_stage.lcsts.py:303] Validation Loss: {'rouge-1': 0.3038988842492271, 'rouge-2': 0.16416772799719176, 'rouge-l': 0.27331009470301054}
2025-03-13 15:27:10,551	[INFO]	[algo_reco.train]	[t5_pegasus_finetune.second_stage.lcsts.py:262] Iter 0:  Training Loss: 0.5020495057106018
2025-03-13 15:27:20,327	[INFO]	[algo_reco.train]	[t5_pegasus_finetune.second_stage.lcsts.py:262] Iter 100:  Training Loss: 0.22634398937225342
2025-03-13 15:27:29,995	[INFO]	[algo_reco.train]	[t5_pegasus_finetune.second_stage.lcsts.py:262] Iter 200:  Training Loss: 0.3754173517227173
2025-03-13 15:27:39,695	[INFO]	[algo_reco.train]	[t5_pegasus_finetune.second_stage.lcsts.py:262] Iter 300:  Training Loss: 0.48044878244400024
2025-03-13 15:27:49,530	[INFO]	[algo_reco.train]	[t5_pegasus_finetune.second_stage.lcsts.py:262] Iter 400:  Training Loss: 0.4493500590324402
2025-03-13 15:27:59,189	[INFO]	[algo_reco.train]	[t5_pegasus_finetune.second_stage.lcsts.py:262] Iter 500:  Training Loss: 1.7632813453674316
2025-03-13 15:28:08,928	[INFO]	[algo_reco.train]	[t5_pegasus_finetune.second_stage.lcsts.py:262] Iter 600:  Training Loss: 0.579145073890686
2025-03-13 15:28:18,536	[INFO]	[algo_reco.train]	[t5_pegasus_finetune.second_stage.lcsts.py:262] Iter 700:  Training Loss: 0.3972506821155548
2025-03-13 15:28:28,131	[INFO]	[algo_reco.train]	[t5_pegasus_finetune.second_stage.lcsts.py:262] Iter 800:  Training Loss: 0.5516448020935059
2025-03-13 15:28:37,696	[INFO]	[algo_reco.train]	[t5_pegasus_finetune.second_stage.lcsts.py:262] Iter 900:  Training Loss: 0.651033341884613
2025-03-13 15:28:47,371	[INFO]	[algo_reco.train]	[t5_pegasus_finetune.second_stage.lcsts.py:262] Iter 1000:  Training Loss: 0.5918228626251221
2025-03-13 15:28:57,094	[INFO]	[algo_reco.train]	[t5_pegasus_finetune.second_stage.lcsts.py:262] Iter 1100:  Training Loss: 0.2952043414115906
2025-03-13 15:29:06,792	[INFO]	[algo_reco.train]	[t5_pegasus_finetune.second_stage.lcsts.py:262] Iter 1200:  Training Loss: 0.5364676713943481
2025-03-13 15:29:16,570	[INFO]	[algo_reco.train]	[t5_pegasus_finetune.second_stage.lcsts.py:262] Iter 1300:  Training Loss: 0.7395196557044983
2025-03-13 15:29:26,294	[INFO]	[algo_reco.train]	[t5_pegasus_finetune.second_stage.lcsts.py:262] Iter 1400:  Training Loss: 0.3807259500026703
2025-03-13 15:29:36,000	[INFO]	[algo_reco.train]	[t5_pegasus_finetune.second_stage.lcsts.py:262] Iter 1500:  Training Loss: 1.1478188037872314
2025-03-13 15:29:45,789	[INFO]	[algo_reco.train]	[t5_pegasus_finetune.second_stage.lcsts.py:262] Iter 1600:  Training Loss: 0.5044665336608887
2025-03-13 15:29:55,459	[INFO]	[algo_reco.train]	[t5_pegasus_finetune.second_stage.lcsts.py:262] Iter 1700:  Training Loss: 0.6571773886680603
2025-03-13 15:30:05,133	[INFO]	[algo_reco.train]	[t5_pegasus_finetune.second_stage.lcsts.py:262] Iter 1800:  Training Loss: 0.7777087092399597
2025-03-13 15:30:14,820	[INFO]	[algo_reco.train]	[t5_pegasus_finetune.second_stage.lcsts.py:262] Iter 1900:  Training Loss: 0.4085244834423065
2025-03-13 15:30:24,546	[INFO]	[algo_reco.train]	[t5_pegasus_finetune.second_stage.lcsts.py:262] Iter 2000:  Training Loss: 0.6313723921775818
2025-03-13 15:30:34,196	[INFO]	[algo_reco.train]	[t5_pegasus_finetune.second_stage.lcsts.py:262] Iter 2100:  Training Loss: 0.5350331664085388
2025-03-13 15:30:43,874	[INFO]	[algo_reco.train]	[t5_pegasus_finetune.second_stage.lcsts.py:262] Iter 2200:  Training Loss: 0.5876891613006592
2025-03-13 15:31:44,028	[INFO]	[algo_reco.train]	[t5_pegasus_finetune.second_stage.lcsts.py:303] Validation Loss: {'rouge-1': 0.29883731899152133, 'rouge-2': 0.1662500877756423, 'rouge-l': 0.2713278565895034}
2025-03-13 15:31:44,062	[INFO]	[algo_reco.train]	[t5_pegasus_finetune.second_stage.lcsts.py:262] Iter 0:  Training Loss: 0.7174495458602905
2025-03-13 15:31:53,748	[INFO]	[algo_reco.train]	[t5_pegasus_finetune.second_stage.lcsts.py:262] Iter 100:  Training Loss: 0.20645765960216522
2025-03-13 15:32:03,424	[INFO]	[algo_reco.train]	[t5_pegasus_finetune.second_stage.lcsts.py:262] Iter 200:  Training Loss: 0.5925967693328857
2025-03-13 15:32:13,157	[INFO]	[algo_reco.train]	[t5_pegasus_finetune.second_stage.lcsts.py:262] Iter 300:  Training Loss: 0.7338449358940125
2025-03-13 15:32:22,810	[INFO]	[algo_reco.train]	[t5_pegasus_finetune.second_stage.lcsts.py:262] Iter 400:  Training Loss: 0.1413005143404007
2025-03-13 15:32:32,509	[INFO]	[algo_reco.train]	[t5_pegasus_finetune.second_stage.lcsts.py:262] Iter 500:  Training Loss: 0.3906690776348114
2025-03-13 15:32:42,138	[INFO]	[algo_reco.train]	[t5_pegasus_finetune.second_stage.lcsts.py:262] Iter 600:  Training Loss: 0.6692076325416565
2025-03-13 15:32:51,837	[INFO]	[algo_reco.train]	[t5_pegasus_finetune.second_stage.lcsts.py:262] Iter 700:  Training Loss: 0.2749409079551697
2025-03-13 15:33:01,499	[INFO]	[algo_reco.train]	[t5_pegasus_finetune.second_stage.lcsts.py:262] Iter 800:  Training Loss: 0.20909908413887024
2025-03-13 15:33:11,145	[INFO]	[algo_reco.train]	[t5_pegasus_finetune.second_stage.lcsts.py:262] Iter 900:  Training Loss: 0.21662668883800507
2025-03-13 15:33:20,601	[INFO]	[algo_reco.train]	[t5_pegasus_finetune.second_stage.lcsts.py:262] Iter 1000:  Training Loss: 0.47982844710350037
2025-03-13 15:33:30,225	[INFO]	[algo_reco.train]	[t5_pegasus_finetune.second_stage.lcsts.py:262] Iter 1100:  Training Loss: 0.2433040589094162
2025-03-13 15:33:39,961	[INFO]	[algo_reco.train]	[t5_pegasus_finetune.second_stage.lcsts.py:262] Iter 1200:  Training Loss: 0.36904534697532654
2025-03-13 15:33:49,983	[INFO]	[algo_reco.train]	[t5_pegasus_finetune.second_stage.lcsts.py:262] Iter 1300:  Training Loss: 0.5967598557472229
2025-03-13 15:33:59,980	[INFO]	[algo_reco.train]	[t5_pegasus_finetune.second_stage.lcsts.py:262] Iter 1400:  Training Loss: 0.46953335404396057
2025-03-13 15:34:09,813	[INFO]	[algo_reco.train]	[t5_pegasus_finetune.second_stage.lcsts.py:262] Iter 1500:  Training Loss: 0.21082039177417755
2025-03-13 15:34:19,509	[INFO]	[algo_reco.train]	[t5_pegasus_finetune.second_stage.lcsts.py:262] Iter 1600:  Training Loss: 0.32956674695014954
2025-03-13 15:34:29,291	[INFO]	[algo_reco.train]	[t5_pegasus_finetune.second_stage.lcsts.py:262] Iter 1700:  Training Loss: 0.5235336422920227
2025-03-13 15:34:39,004	[INFO]	[algo_reco.train]	[t5_pegasus_finetune.second_stage.lcsts.py:262] Iter 1800:  Training Loss: 0.4398401975631714
2025-03-13 15:34:48,658	[INFO]	[algo_reco.train]	[t5_pegasus_finetune.second_stage.lcsts.py:262] Iter 1900:  Training Loss: 0.2314421683549881
2025-03-13 15:34:58,327	[INFO]	[algo_reco.train]	[t5_pegasus_finetune.second_stage.lcsts.py:262] Iter 2000:  Training Loss: 0.4979603886604309
2025-03-13 15:35:07,988	[INFO]	[algo_reco.train]	[t5_pegasus_finetune.second_stage.lcsts.py:262] Iter 2100:  Training Loss: 0.2300173044204712
2025-03-13 15:35:17,687	[INFO]	[algo_reco.train]	[t5_pegasus_finetune.second_stage.lcsts.py:262] Iter 2200:  Training Loss: 0.216206356883049
2025-03-13 15:36:16,310	[INFO]	[algo_reco.train]	[t5_pegasus_finetune.second_stage.lcsts.py:303] Validation Loss: {'rouge-1': 0.306487048439683, 'rouge-2': 0.16855610393329945, 'rouge-l': 0.2767038385403172}
2025-03-13 15:36:16,344	[INFO]	[algo_reco.train]	[t5_pegasus_finetune.second_stage.lcsts.py:262] Iter 0:  Training Loss: 0.4576910734176636
2025-03-13 15:36:25,991	[INFO]	[algo_reco.train]	[t5_pegasus_finetune.second_stage.lcsts.py:262] Iter 100:  Training Loss: 0.29741421341896057
2025-03-13 15:36:35,658	[INFO]	[algo_reco.train]	[t5_pegasus_finetune.second_stage.lcsts.py:262] Iter 200:  Training Loss: 0.1329861283302307
2025-03-13 15:36:45,322	[INFO]	[algo_reco.train]	[t5_pegasus_finetune.second_stage.lcsts.py:262] Iter 300:  Training Loss: 0.49346253275871277
2025-03-13 15:36:55,261	[INFO]	[algo_reco.train]	[t5_pegasus_finetune.second_stage.lcsts.py:262] Iter 400:  Training Loss: 0.12844888865947723
2025-03-13 15:37:05,273	[INFO]	[algo_reco.train]	[t5_pegasus_finetune.second_stage.lcsts.py:262] Iter 500:  Training Loss: 0.8462545871734619
2025-03-13 15:37:15,297	[INFO]	[algo_reco.train]	[t5_pegasus_finetune.second_stage.lcsts.py:262] Iter 600:  Training Loss: 0.4967181980609894
2025-03-13 15:37:25,323	[INFO]	[algo_reco.train]	[t5_pegasus_finetune.second_stage.lcsts.py:262] Iter 700:  Training Loss: 0.15835238993167877
2025-03-13 15:37:35,432	[INFO]	[algo_reco.train]	[t5_pegasus_finetune.second_stage.lcsts.py:262] Iter 800:  Training Loss: 0.36373618245124817
2025-03-13 15:37:45,397	[INFO]	[algo_reco.train]	[t5_pegasus_finetune.second_stage.lcsts.py:262] Iter 900:  Training Loss: 0.32546892762184143
2025-03-13 15:37:55,158	[INFO]	[algo_reco.train]	[t5_pegasus_finetune.second_stage.lcsts.py:262] Iter 1000:  Training Loss: 0.1966867446899414
2025-03-13 15:38:04,691	[INFO]	[algo_reco.train]	[t5_pegasus_finetune.second_stage.lcsts.py:262] Iter 1100:  Training Loss: 0.1189514622092247
2025-03-13 15:38:14,325	[INFO]	[algo_reco.train]	[t5_pegasus_finetune.second_stage.lcsts.py:262] Iter 1200:  Training Loss: 0.12441211938858032
2025-03-13 15:38:23,846	[INFO]	[algo_reco.train]	[t5_pegasus_finetune.second_stage.lcsts.py:262] Iter 1300:  Training Loss: 0.21272866427898407
2025-03-13 15:38:33,593	[INFO]	[algo_reco.train]	[t5_pegasus_finetune.second_stage.lcsts.py:262] Iter 1400:  Training Loss: 0.39635151624679565
2025-03-13 15:38:43,273	[INFO]	[algo_reco.train]	[t5_pegasus_finetune.second_stage.lcsts.py:262] Iter 1500:  Training Loss: 0.2038949579000473
2025-03-13 15:38:53,046	[INFO]	[algo_reco.train]	[t5_pegasus_finetune.second_stage.lcsts.py:262] Iter 1600:  Training Loss: 0.07264383137226105
2025-03-13 15:39:02,786	[INFO]	[algo_reco.train]	[t5_pegasus_finetune.second_stage.lcsts.py:262] Iter 1700:  Training Loss: 0.5769082307815552
2025-03-13 15:39:12,546	[INFO]	[algo_reco.train]	[t5_pegasus_finetune.second_stage.lcsts.py:262] Iter 1800:  Training Loss: 0.5427592396736145
2025-03-13 15:39:22,255	[INFO]	[algo_reco.train]	[t5_pegasus_finetune.second_stage.lcsts.py:262] Iter 1900:  Training Loss: 0.10735677182674408
2025-03-13 15:39:32,002	[INFO]	[algo_reco.train]	[t5_pegasus_finetune.second_stage.lcsts.py:262] Iter 2000:  Training Loss: 0.17708171904087067
2025-03-13 15:39:41,827	[INFO]	[algo_reco.train]	[t5_pegasus_finetune.second_stage.lcsts.py:262] Iter 2100:  Training Loss: 0.3125740885734558
2025-03-13 15:39:51,848	[INFO]	[algo_reco.train]	[t5_pegasus_finetune.second_stage.lcsts.py:262] Iter 2200:  Training Loss: 0.13289624452590942
2025-03-13 15:40:49,356	[INFO]	[algo_reco.train]	[t5_pegasus_finetune.second_stage.lcsts.py:303] Validation Loss: {'rouge-1': 0.3052565688599372, 'rouge-2': 0.16897215769152663, 'rouge-l': 0.2768948978077115}
2025-03-13 15:40:49,391	[INFO]	[algo_reco.train]	[t5_pegasus_finetune.second_stage.lcsts.py:262] Iter 0:  Training Loss: 0.4178515374660492
2025-03-13 15:40:59,342	[INFO]	[algo_reco.train]	[t5_pegasus_finetune.second_stage.lcsts.py:262] Iter 100:  Training Loss: 0.41041773557662964
2025-03-13 15:41:09,332	[INFO]	[algo_reco.train]	[t5_pegasus_finetune.second_stage.lcsts.py:262] Iter 200:  Training Loss: 0.31674250960350037
2025-03-13 15:41:19,219	[INFO]	[algo_reco.train]	[t5_pegasus_finetune.second_stage.lcsts.py:262] Iter 300:  Training Loss: 0.18664897978305817
2025-03-13 15:41:28,874	[INFO]	[algo_reco.train]	[t5_pegasus_finetune.second_stage.lcsts.py:262] Iter 400:  Training Loss: 0.2078980654478073
2025-03-13 15:41:38,659	[INFO]	[algo_reco.train]	[t5_pegasus_finetune.second_stage.lcsts.py:262] Iter 500:  Training Loss: 0.4120975434780121
2025-03-13 15:41:48,361	[INFO]	[algo_reco.train]	[t5_pegasus_finetune.second_stage.lcsts.py:262] Iter 600:  Training Loss: 0.42936474084854126
2025-03-13 15:41:58,180	[INFO]	[algo_reco.train]	[t5_pegasus_finetune.second_stage.lcsts.py:262] Iter 700:  Training Loss: 0.13347284495830536
2025-03-13 15:42:08,009	[INFO]	[algo_reco.train]	[t5_pegasus_finetune.second_stage.lcsts.py:262] Iter 800:  Training Loss: 0.12259072065353394
2025-03-13 15:42:17,887	[INFO]	[algo_reco.train]	[t5_pegasus_finetune.second_stage.lcsts.py:262] Iter 900:  Training Loss: 0.4235016703605652
2025-03-13 15:42:27,533	[INFO]	[algo_reco.train]	[t5_pegasus_finetune.second_stage.lcsts.py:262] Iter 1000:  Training Loss: 0.3627556264400482
2025-03-13 15:42:37,281	[INFO]	[algo_reco.train]	[t5_pegasus_finetune.second_stage.lcsts.py:262] Iter 1100:  Training Loss: 0.23306778073310852
2025-03-13 15:42:46,941	[INFO]	[algo_reco.train]	[t5_pegasus_finetune.second_stage.lcsts.py:262] Iter 1200:  Training Loss: 0.14670376479625702
2025-03-13 15:42:56,595	[INFO]	[algo_reco.train]	[t5_pegasus_finetune.second_stage.lcsts.py:262] Iter 1300:  Training Loss: 0.3141247034072876
2025-03-13 15:43:06,151	[INFO]	[algo_reco.train]	[t5_pegasus_finetune.second_stage.lcsts.py:262] Iter 1400:  Training Loss: 0.28253185749053955
2025-03-13 15:43:15,727	[INFO]	[algo_reco.train]	[t5_pegasus_finetune.second_stage.lcsts.py:262] Iter 1500:  Training Loss: 0.21247094869613647
2025-03-13 15:43:25,576	[INFO]	[algo_reco.train]	[t5_pegasus_finetune.second_stage.lcsts.py:262] Iter 1600:  Training Loss: 0.2368227243423462
2025-03-13 15:43:35,332	[INFO]	[algo_reco.train]	[t5_pegasus_finetune.second_stage.lcsts.py:262] Iter 1700:  Training Loss: 0.6825374364852905
2025-03-13 15:43:45,042	[INFO]	[algo_reco.train]	[t5_pegasus_finetune.second_stage.lcsts.py:262] Iter 1800:  Training Loss: 0.17530208826065063
2025-03-13 15:43:54,722	[INFO]	[algo_reco.train]	[t5_pegasus_finetune.second_stage.lcsts.py:262] Iter 1900:  Training Loss: 0.2881839871406555
2025-03-13 15:44:04,445	[INFO]	[algo_reco.train]	[t5_pegasus_finetune.second_stage.lcsts.py:262] Iter 2000:  Training Loss: 0.31344911456108093
2025-03-13 15:44:14,173	[INFO]	[algo_reco.train]	[t5_pegasus_finetune.second_stage.lcsts.py:262] Iter 2100:  Training Loss: 0.2760724425315857
2025-03-13 15:44:23,895	[INFO]	[algo_reco.train]	[t5_pegasus_finetune.second_stage.lcsts.py:262] Iter 2200:  Training Loss: 0.21481303870677948
2025-03-13 15:45:19,478	[INFO]	[algo_reco.train]	[t5_pegasus_finetune.second_stage.lcsts.py:303] Validation Loss: {'rouge-1': 0.29820341142883355, 'rouge-2': 0.16340649556994521, 'rouge-l': 0.27161304240616835}
2025-03-13 15:45:19,512	[INFO]	[algo_reco.train]	[t5_pegasus_finetune.second_stage.lcsts.py:262] Iter 0:  Training Loss: 0.07178423553705215
2025-03-13 15:45:29,094	[INFO]	[algo_reco.train]	[t5_pegasus_finetune.second_stage.lcsts.py:262] Iter 100:  Training Loss: 0.28035464882850647
2025-03-13 15:45:38,725	[INFO]	[algo_reco.train]	[t5_pegasus_finetune.second_stage.lcsts.py:262] Iter 200:  Training Loss: 0.1407833844423294
2025-03-13 15:45:48,361	[INFO]	[algo_reco.train]	[t5_pegasus_finetune.second_stage.lcsts.py:262] Iter 300:  Training Loss: 0.13438870012760162
2025-03-13 15:45:58,092	[INFO]	[algo_reco.train]	[t5_pegasus_finetune.second_stage.lcsts.py:262] Iter 400:  Training Loss: 0.12081968784332275
2025-03-13 15:46:07,783	[INFO]	[algo_reco.train]	[t5_pegasus_finetune.second_stage.lcsts.py:262] Iter 500:  Training Loss: 0.26470690965652466
2025-03-13 15:46:17,567	[INFO]	[algo_reco.train]	[t5_pegasus_finetune.second_stage.lcsts.py:262] Iter 600:  Training Loss: 0.3426884114742279
2025-03-13 15:46:27,268	[INFO]	[algo_reco.train]	[t5_pegasus_finetune.second_stage.lcsts.py:262] Iter 700:  Training Loss: 0.18851637840270996
2025-03-13 15:46:36,979	[INFO]	[algo_reco.train]	[t5_pegasus_finetune.second_stage.lcsts.py:262] Iter 800:  Training Loss: 0.3418591320514679
2025-03-13 15:46:46,712	[INFO]	[algo_reco.train]	[t5_pegasus_finetune.second_stage.lcsts.py:262] Iter 900:  Training Loss: 0.40201011300086975
2025-03-13 15:46:56,402	[INFO]	[algo_reco.train]	[t5_pegasus_finetune.second_stage.lcsts.py:262] Iter 1000:  Training Loss: 0.4130798280239105
2025-03-13 15:47:06,127	[INFO]	[algo_reco.train]	[t5_pegasus_finetune.second_stage.lcsts.py:262] Iter 1100:  Training Loss: 0.24460983276367188
2025-03-13 15:47:15,845	[INFO]	[algo_reco.train]	[t5_pegasus_finetune.second_stage.lcsts.py:262] Iter 1200:  Training Loss: 0.15217311680316925
2025-03-13 15:47:25,594	[INFO]	[algo_reco.train]	[t5_pegasus_finetune.second_stage.lcsts.py:262] Iter 1300:  Training Loss: 0.3209477961063385
2025-03-13 15:47:35,299	[INFO]	[algo_reco.train]	[t5_pegasus_finetune.second_stage.lcsts.py:262] Iter 1400:  Training Loss: 0.05738223344087601
2025-03-13 15:47:44,994	[INFO]	[algo_reco.train]	[t5_pegasus_finetune.second_stage.lcsts.py:262] Iter 1500:  Training Loss: 0.32331153750419617
2025-03-13 15:47:54,573	[INFO]	[algo_reco.train]	[t5_pegasus_finetune.second_stage.lcsts.py:262] Iter 1600:  Training Loss: 0.478581964969635
2025-03-13 15:48:04,216	[INFO]	[algo_reco.train]	[t5_pegasus_finetune.second_stage.lcsts.py:262] Iter 1700:  Training Loss: 0.5990151166915894
2025-03-13 15:48:13,889	[INFO]	[algo_reco.train]	[t5_pegasus_finetune.second_stage.lcsts.py:262] Iter 1800:  Training Loss: 0.16770237684249878
2025-03-13 15:48:23,786	[INFO]	[algo_reco.train]	[t5_pegasus_finetune.second_stage.lcsts.py:262] Iter 1900:  Training Loss: 0.3315136432647705
2025-03-13 15:48:33,492	[INFO]	[algo_reco.train]	[t5_pegasus_finetune.second_stage.lcsts.py:262] Iter 2000:  Training Loss: 0.3374365568161011
2025-03-13 15:48:43,211	[INFO]	[algo_reco.train]	[t5_pegasus_finetune.second_stage.lcsts.py:262] Iter 2100:  Training Loss: 0.4294413626194
2025-03-13 15:48:52,880	[INFO]	[algo_reco.train]	[t5_pegasus_finetune.second_stage.lcsts.py:262] Iter 2200:  Training Loss: 0.419429212808609
2025-03-13 15:49:51,527	[INFO]	[algo_reco.train]	[t5_pegasus_finetune.second_stage.lcsts.py:303] Validation Loss: {'rouge-1': 0.27317347327745767, 'rouge-2': 0.14662682400038687, 'rouge-l': 0.24997497150310252}
2025-03-13 15:49:51,562	[INFO]	[algo_reco.train]	[t5_pegasus_finetune.second_stage.lcsts.py:262] Iter 0:  Training Loss: 0.17460530996322632
2025-03-13 15:50:01,260	[INFO]	[algo_reco.train]	[t5_pegasus_finetune.second_stage.lcsts.py:262] Iter 100:  Training Loss: 0.42451953887939453
2025-03-13 15:50:10,840	[INFO]	[algo_reco.train]	[t5_pegasus_finetune.second_stage.lcsts.py:262] Iter 200:  Training Loss: 0.4980536997318268
2025-03-13 15:50:20,432	[INFO]	[algo_reco.train]	[t5_pegasus_finetune.second_stage.lcsts.py:262] Iter 300:  Training Loss: 0.2953964173793793
2025-03-13 15:50:30,050	[INFO]	[algo_reco.train]	[t5_pegasus_finetune.second_stage.lcsts.py:262] Iter 400:  Training Loss: 0.4099012613296509
2025-03-13 15:50:39,786	[INFO]	[algo_reco.train]	[t5_pegasus_finetune.second_stage.lcsts.py:262] Iter 500:  Training Loss: 0.4668883681297302
2025-03-13 15:50:49,540	[INFO]	[algo_reco.train]	[t5_pegasus_finetune.second_stage.lcsts.py:262] Iter 600:  Training Loss: 0.22862499952316284
2025-03-13 15:50:59,296	[INFO]	[algo_reco.train]	[t5_pegasus_finetune.second_stage.lcsts.py:262] Iter 700:  Training Loss: 0.430755078792572
2025-03-13 15:51:09,073	[INFO]	[algo_reco.train]	[t5_pegasus_finetune.second_stage.lcsts.py:262] Iter 800:  Training Loss: 0.33922097086906433
2025-03-13 15:51:18,835	[INFO]	[algo_reco.train]	[t5_pegasus_finetune.second_stage.lcsts.py:262] Iter 900:  Training Loss: 0.3056301474571228
2025-03-13 15:51:28,634	[INFO]	[algo_reco.train]	[t5_pegasus_finetune.second_stage.lcsts.py:262] Iter 1000:  Training Loss: 0.3260398209095001
2025-03-13 15:51:38,348	[INFO]	[algo_reco.train]	[t5_pegasus_finetune.second_stage.lcsts.py:262] Iter 1100:  Training Loss: 0.033412303775548935
2025-03-13 15:51:48,087	[INFO]	[algo_reco.train]	[t5_pegasus_finetune.second_stage.lcsts.py:262] Iter 1200:  Training Loss: 0.414212703704834
2025-03-13 15:51:57,770	[INFO]	[algo_reco.train]	[t5_pegasus_finetune.second_stage.lcsts.py:262] Iter 1300:  Training Loss: 0.3546508252620697
2025-03-13 15:52:07,588	[INFO]	[algo_reco.train]	[t5_pegasus_finetune.second_stage.lcsts.py:262] Iter 1400:  Training Loss: 0.2690683603286743
2025-03-13 15:52:17,352	[INFO]	[algo_reco.train]	[t5_pegasus_finetune.second_stage.lcsts.py:262] Iter 1500:  Training Loss: 0.5854163765907288
2025-03-13 15:52:27,241	[INFO]	[algo_reco.train]	[t5_pegasus_finetune.second_stage.lcsts.py:262] Iter 1600:  Training Loss: 0.5277144312858582
2025-03-13 15:52:36,824	[INFO]	[algo_reco.train]	[t5_pegasus_finetune.second_stage.lcsts.py:262] Iter 1700:  Training Loss: 0.312273234128952
2025-03-13 15:52:46,402	[INFO]	[algo_reco.train]	[t5_pegasus_finetune.second_stage.lcsts.py:262] Iter 1800:  Training Loss: 0.4522685706615448
2025-03-13 15:52:56,013	[INFO]	[algo_reco.train]	[t5_pegasus_finetune.second_stage.lcsts.py:262] Iter 1900:  Training Loss: 0.13212323188781738
2025-03-13 15:53:05,752	[INFO]	[algo_reco.train]	[t5_pegasus_finetune.second_stage.lcsts.py:262] Iter 2000:  Training Loss: 0.4295666813850403
2025-03-13 15:53:15,384	[INFO]	[algo_reco.train]	[t5_pegasus_finetune.second_stage.lcsts.py:262] Iter 2100:  Training Loss: 0.33540189266204834
2025-03-13 15:53:25,124	[INFO]	[algo_reco.train]	[t5_pegasus_finetune.second_stage.lcsts.py:262] Iter 2200:  Training Loss: 0.12980905175209045
2025-03-13 15:54:24,668	[INFO]	[algo_reco.train]	[t5_pegasus_finetune.second_stage.lcsts.py:303] Validation Loss: {'rouge-1': 0.2833632229539899, 'rouge-2': 0.14917781934817614, 'rouge-l': 0.2555836560516433}
2025-03-13 15:54:24,705	[INFO]	[algo_reco.train]	[t5_pegasus_finetune.second_stage.lcsts.py:262] Iter 0:  Training Loss: 0.17833246290683746
2025-03-13 15:54:34,377	[INFO]	[algo_reco.train]	[t5_pegasus_finetune.second_stage.lcsts.py:262] Iter 100:  Training Loss: 0.12158377468585968
2025-03-13 15:54:44,143	[INFO]	[algo_reco.train]	[t5_pegasus_finetune.second_stage.lcsts.py:262] Iter 200:  Training Loss: 0.4891325533390045
2025-03-13 15:54:53,830	[INFO]	[algo_reco.train]	[t5_pegasus_finetune.second_stage.lcsts.py:262] Iter 300:  Training Loss: 0.4261482059955597
2025-03-13 15:55:03,481	[INFO]	[algo_reco.train]	[t5_pegasus_finetune.second_stage.lcsts.py:262] Iter 400:  Training Loss: 0.18831706047058105
2025-03-13 15:55:13,194	[INFO]	[algo_reco.train]	[t5_pegasus_finetune.second_stage.lcsts.py:262] Iter 500:  Training Loss: 0.13404330611228943
2025-03-13 15:55:22,769	[INFO]	[algo_reco.train]	[t5_pegasus_finetune.second_stage.lcsts.py:262] Iter 600:  Training Loss: 0.06290329247713089
2025-03-13 15:55:32,427	[INFO]	[algo_reco.train]	[t5_pegasus_finetune.second_stage.lcsts.py:262] Iter 700:  Training Loss: 0.021601609885692596
2025-03-13 15:55:42,106	[INFO]	[algo_reco.train]	[t5_pegasus_finetune.second_stage.lcsts.py:262] Iter 800:  Training Loss: 0.18230026960372925
2025-03-13 15:55:51,815	[INFO]	[algo_reco.train]	[t5_pegasus_finetune.second_stage.lcsts.py:262] Iter 900:  Training Loss: 0.19311384856700897
2025-03-13 15:56:01,537	[INFO]	[algo_reco.train]	[t5_pegasus_finetune.second_stage.lcsts.py:262] Iter 1000:  Training Loss: 0.11789406090974808
2025-03-13 15:56:11,266	[INFO]	[algo_reco.train]	[t5_pegasus_finetune.second_stage.lcsts.py:262] Iter 1100:  Training Loss: 0.21914292871952057
2025-03-13 15:56:20,954	[INFO]	[algo_reco.train]	[t5_pegasus_finetune.second_stage.lcsts.py:262] Iter 1200:  Training Loss: 0.3590608835220337
2025-03-13 15:56:30,679	[INFO]	[algo_reco.train]	[t5_pegasus_finetune.second_stage.lcsts.py:262] Iter 1300:  Training Loss: 0.1037563607096672
2025-03-13 15:56:40,376	[INFO]	[algo_reco.train]	[t5_pegasus_finetune.second_stage.lcsts.py:262] Iter 1400:  Training Loss: 0.09986966848373413
2025-03-13 15:56:50,127	[INFO]	[algo_reco.train]	[t5_pegasus_finetune.second_stage.lcsts.py:262] Iter 1500:  Training Loss: 0.23453189432621002
2025-03-13 15:56:59,820	[INFO]	[algo_reco.train]	[t5_pegasus_finetune.second_stage.lcsts.py:262] Iter 1600:  Training Loss: 0.3924635052680969
2025-03-13 15:57:09,565	[INFO]	[algo_reco.train]	[t5_pegasus_finetune.second_stage.lcsts.py:262] Iter 1700:  Training Loss: 0.4108421206474304
2025-03-13 15:57:19,275	[INFO]	[algo_reco.train]	[t5_pegasus_finetune.second_stage.lcsts.py:262] Iter 1800:  Training Loss: 0.13957498967647552
2025-03-13 15:57:28,789	[INFO]	[algo_reco.train]	[t5_pegasus_finetune.second_stage.lcsts.py:262] Iter 1900:  Training Loss: 0.12061852216720581
2025-03-13 15:57:38,351	[INFO]	[algo_reco.train]	[t5_pegasus_finetune.second_stage.lcsts.py:262] Iter 2000:  Training Loss: 0.3609732389450073
2025-03-13 15:57:47,833	[INFO]	[algo_reco.train]	[t5_pegasus_finetune.second_stage.lcsts.py:262] Iter 2100:  Training Loss: 0.12310713529586792
2025-03-13 15:57:57,429	[INFO]	[algo_reco.train]	[t5_pegasus_finetune.second_stage.lcsts.py:262] Iter 2200:  Training Loss: 0.07197818905115128
2025-03-13 15:58:55,512	[INFO]	[algo_reco.train]	[t5_pegasus_finetune.second_stage.lcsts.py:303] Validation Loss: {'rouge-1': 0.27892882495403437, 'rouge-2': 0.1496395354875743, 'rouge-l': 0.25231742278232816}
2025-03-13 15:58:55,547	[INFO]	[algo_reco.train]	[t5_pegasus_finetune.second_stage.lcsts.py:262] Iter 0:  Training Loss: 0.33102962374687195
2025-03-13 15:59:05,209	[INFO]	[algo_reco.train]	[t5_pegasus_finetune.second_stage.lcsts.py:262] Iter 100:  Training Loss: 0.05478481203317642
2025-03-13 15:59:14,800	[INFO]	[algo_reco.train]	[t5_pegasus_finetune.second_stage.lcsts.py:262] Iter 200:  Training Loss: 0.22242802381515503
2025-03-13 15:59:24,503	[INFO]	[algo_reco.train]	[t5_pegasus_finetune.second_stage.lcsts.py:262] Iter 300:  Training Loss: 0.17483630776405334
2025-03-13 15:59:34,134	[INFO]	[algo_reco.train]	[t5_pegasus_finetune.second_stage.lcsts.py:262] Iter 400:  Training Loss: 0.1519215703010559
2025-03-13 15:59:43,879	[INFO]	[algo_reco.train]	[t5_pegasus_finetune.second_stage.lcsts.py:262] Iter 500:  Training Loss: 0.14103704690933228
2025-03-13 15:59:53,425	[INFO]	[algo_reco.train]	[t5_pegasus_finetune.second_stage.lcsts.py:262] Iter 600:  Training Loss: 0.05659860372543335
2025-03-13 16:00:02,974	[INFO]	[algo_reco.train]	[t5_pegasus_finetune.second_stage.lcsts.py:262] Iter 700:  Training Loss: 0.42989271879196167
2025-03-13 16:00:12,519	[INFO]	[algo_reco.train]	[t5_pegasus_finetune.second_stage.lcsts.py:262] Iter 800:  Training Loss: 0.14825287461280823
2025-03-13 16:00:22,257	[INFO]	[algo_reco.train]	[t5_pegasus_finetune.second_stage.lcsts.py:262] Iter 900:  Training Loss: 0.3409873843193054
2025-03-13 16:00:31,924	[INFO]	[algo_reco.train]	[t5_pegasus_finetune.second_stage.lcsts.py:262] Iter 1000:  Training Loss: 0.3447284400463104
2025-03-13 16:00:41,634	[INFO]	[algo_reco.train]	[t5_pegasus_finetune.second_stage.lcsts.py:262] Iter 1100:  Training Loss: 0.15227054059505463
2025-03-13 16:00:51,356	[INFO]	[algo_reco.train]	[t5_pegasus_finetune.second_stage.lcsts.py:262] Iter 1200:  Training Loss: 0.24825860559940338
2025-03-13 16:01:01,026	[INFO]	[algo_reco.train]	[t5_pegasus_finetune.second_stage.lcsts.py:262] Iter 1300:  Training Loss: 0.47255927324295044
2025-03-13 16:01:10,752	[INFO]	[algo_reco.train]	[t5_pegasus_finetune.second_stage.lcsts.py:262] Iter 1400:  Training Loss: 0.08649727702140808
2025-03-13 16:01:20,439	[INFO]	[algo_reco.train]	[t5_pegasus_finetune.second_stage.lcsts.py:262] Iter 1500:  Training Loss: 0.2069174349308014
2025-03-13 16:01:30,215	[INFO]	[algo_reco.train]	[t5_pegasus_finetune.second_stage.lcsts.py:262] Iter 1600:  Training Loss: 0.8303616642951965
2025-03-13 16:01:39,881	[INFO]	[algo_reco.train]	[t5_pegasus_finetune.second_stage.lcsts.py:262] Iter 1700:  Training Loss: 0.18793055415153503
2025-03-13 16:01:49,612	[INFO]	[algo_reco.train]	[t5_pegasus_finetune.second_stage.lcsts.py:262] Iter 1800:  Training Loss: 0.17773224413394928
2025-03-13 16:01:59,270	[INFO]	[algo_reco.train]	[t5_pegasus_finetune.second_stage.lcsts.py:262] Iter 1900:  Training Loss: 0.21308515965938568
2025-03-13 16:02:08,994	[INFO]	[algo_reco.train]	[t5_pegasus_finetune.second_stage.lcsts.py:262] Iter 2000:  Training Loss: 0.25609397888183594
2025-03-13 16:02:18,557	[INFO]	[algo_reco.train]	[t5_pegasus_finetune.second_stage.lcsts.py:262] Iter 2100:  Training Loss: 0.339507520198822
2025-03-13 16:02:28,139	[INFO]	[algo_reco.train]	[t5_pegasus_finetune.second_stage.lcsts.py:262] Iter 2200:  Training Loss: 0.1991337686777115
2025-03-13 16:03:24,189	[INFO]	[algo_reco.train]	[t5_pegasus_finetune.second_stage.lcsts.py:303] Validation Loss: {'rouge-1': 0.2791836751013084, 'rouge-2': 0.14911508793833933, 'rouge-l': 0.25341729102429317}
2025-03-13 16:03:24,224	[INFO]	[algo_reco.train]	[t5_pegasus_finetune.second_stage.lcsts.py:262] Iter 0:  Training Loss: 0.14314526319503784
2025-03-13 16:03:33,840	[INFO]	[algo_reco.train]	[t5_pegasus_finetune.second_stage.lcsts.py:262] Iter 100:  Training Loss: 0.04396548867225647
2025-03-13 16:03:43,527	[INFO]	[algo_reco.train]	[t5_pegasus_finetune.second_stage.lcsts.py:262] Iter 200:  Training Loss: 0.0399809330701828
2025-03-13 16:03:53,267	[INFO]	[algo_reco.train]	[t5_pegasus_finetune.second_stage.lcsts.py:262] Iter 300:  Training Loss: 0.14347563683986664
2025-03-13 16:04:03,015	[INFO]	[algo_reco.train]	[t5_pegasus_finetune.second_stage.lcsts.py:262] Iter 400:  Training Loss: 0.09627479314804077
2025-03-13 16:04:12,807	[INFO]	[algo_reco.train]	[t5_pegasus_finetune.second_stage.lcsts.py:262] Iter 500:  Training Loss: 0.037269797176122665
2025-03-13 16:04:22,531	[INFO]	[algo_reco.train]	[t5_pegasus_finetune.second_stage.lcsts.py:262] Iter 600:  Training Loss: 0.39729541540145874
2025-03-13 16:04:32,219	[INFO]	[algo_reco.train]	[t5_pegasus_finetune.second_stage.lcsts.py:262] Iter 700:  Training Loss: 0.0783461257815361
2025-03-13 16:04:41,840	[INFO]	[algo_reco.train]	[t5_pegasus_finetune.second_stage.lcsts.py:262] Iter 800:  Training Loss: 0.24055688083171844
2025-03-13 16:04:51,588	[INFO]	[algo_reco.train]	[t5_pegasus_finetune.second_stage.lcsts.py:262] Iter 900:  Training Loss: 0.25724855065345764
2025-03-13 16:05:01,184	[INFO]	[algo_reco.train]	[t5_pegasus_finetune.second_stage.lcsts.py:262] Iter 1000:  Training Loss: 0.15477454662322998
2025-03-13 16:05:10,910	[INFO]	[algo_reco.train]	[t5_pegasus_finetune.second_stage.lcsts.py:262] Iter 1100:  Training Loss: 0.07390588521957397
2025-03-13 16:05:20,612	[INFO]	[algo_reco.train]	[t5_pegasus_finetune.second_stage.lcsts.py:262] Iter 1200:  Training Loss: 0.10932832956314087
2025-03-13 16:05:30,436	[INFO]	[algo_reco.train]	[t5_pegasus_finetune.second_stage.lcsts.py:262] Iter 1300:  Training Loss: 0.2537996470928192
2025-03-13 16:05:40,125	[INFO]	[algo_reco.train]	[t5_pegasus_finetune.second_stage.lcsts.py:262] Iter 1400:  Training Loss: 0.32814672589302063
2025-03-13 16:05:49,880	[INFO]	[algo_reco.train]	[t5_pegasus_finetune.second_stage.lcsts.py:262] Iter 1500:  Training Loss: 0.04859263077378273
2025-03-13 16:05:59,581	[INFO]	[algo_reco.train]	[t5_pegasus_finetune.second_stage.lcsts.py:262] Iter 1600:  Training Loss: 0.13383713364601135
2025-03-13 16:06:09,346	[INFO]	[algo_reco.train]	[t5_pegasus_finetune.second_stage.lcsts.py:262] Iter 1700:  Training Loss: 0.2762136161327362
2025-03-13 16:06:19,009	[INFO]	[algo_reco.train]	[t5_pegasus_finetune.second_stage.lcsts.py:262] Iter 1800:  Training Loss: 0.05401638522744179
2025-03-13 16:06:28,785	[INFO]	[algo_reco.train]	[t5_pegasus_finetune.second_stage.lcsts.py:262] Iter 1900:  Training Loss: 0.19033877551555634
2025-03-13 16:06:38,435	[INFO]	[algo_reco.train]	[t5_pegasus_finetune.second_stage.lcsts.py:262] Iter 2000:  Training Loss: 0.21586216986179352
2025-03-13 16:06:48,136	[INFO]	[algo_reco.train]	[t5_pegasus_finetune.second_stage.lcsts.py:262] Iter 2100:  Training Loss: 0.053947992622852325
2025-03-13 16:06:57,862	[INFO]	[algo_reco.train]	[t5_pegasus_finetune.second_stage.lcsts.py:262] Iter 2200:  Training Loss: 0.47809654474258423
2025-03-13 16:07:54,087	[INFO]	[algo_reco.train]	[t5_pegasus_finetune.second_stage.lcsts.py:303] Validation Loss: {'rouge-1': 0.2770760967928561, 'rouge-2': 0.14730928413112052, 'rouge-l': 0.24994738381403708}
2025-03-13 16:07:54,121	[INFO]	[algo_reco.train]	[t5_pegasus_finetune.second_stage.lcsts.py:262] Iter 0:  Training Loss: 0.18183457851409912
2025-03-13 16:08:03,902	[INFO]	[algo_reco.train]	[t5_pegasus_finetune.second_stage.lcsts.py:262] Iter 100:  Training Loss: 0.06285769492387772
2025-03-13 16:08:13,605	[INFO]	[algo_reco.train]	[t5_pegasus_finetune.second_stage.lcsts.py:262] Iter 200:  Training Loss: 0.037023015320301056
2025-03-13 16:08:23,273	[INFO]	[algo_reco.train]	[t5_pegasus_finetune.second_stage.lcsts.py:262] Iter 300:  Training Loss: 0.0825653150677681
2025-03-13 16:08:32,998	[INFO]	[algo_reco.train]	[t5_pegasus_finetune.second_stage.lcsts.py:262] Iter 400:  Training Loss: 0.05952367186546326
2025-03-13 16:08:42,672	[INFO]	[algo_reco.train]	[t5_pegasus_finetune.second_stage.lcsts.py:262] Iter 500:  Training Loss: 0.23437416553497314
2025-03-13 16:08:52,397	[INFO]	[algo_reco.train]	[t5_pegasus_finetune.second_stage.lcsts.py:262] Iter 600:  Training Loss: 0.09285447001457214
2025-03-13 16:09:02,070	[INFO]	[algo_reco.train]	[t5_pegasus_finetune.second_stage.lcsts.py:262] Iter 700:  Training Loss: 0.15860746800899506
2025-03-13 16:09:11,751	[INFO]	[algo_reco.train]	[t5_pegasus_finetune.second_stage.lcsts.py:262] Iter 800:  Training Loss: 0.17567628622055054
2025-03-13 16:09:21,433	[INFO]	[algo_reco.train]	[t5_pegasus_finetune.second_stage.lcsts.py:262] Iter 900:  Training Loss: 0.08595656603574753
2025-03-13 16:09:31,096	[INFO]	[algo_reco.train]	[t5_pegasus_finetune.second_stage.lcsts.py:262] Iter 1000:  Training Loss: 0.0664166510105133
2025-03-13 16:09:40,680	[INFO]	[algo_reco.train]	[t5_pegasus_finetune.second_stage.lcsts.py:262] Iter 1100:  Training Loss: 0.17498600482940674
2025-03-13 16:09:50,302	[INFO]	[algo_reco.train]	[t5_pegasus_finetune.second_stage.lcsts.py:262] Iter 1200:  Training Loss: 0.032941583544015884
2025-03-13 16:09:59,924	[INFO]	[algo_reco.train]	[t5_pegasus_finetune.second_stage.lcsts.py:262] Iter 1300:  Training Loss: 0.23755884170532227
2025-03-13 16:10:09,681	[INFO]	[algo_reco.train]	[t5_pegasus_finetune.second_stage.lcsts.py:262] Iter 1400:  Training Loss: 0.0030635737348347902
2025-03-13 16:10:19,281	[INFO]	[algo_reco.train]	[t5_pegasus_finetune.second_stage.lcsts.py:262] Iter 1500:  Training Loss: 0.18020740151405334
2025-03-13 16:10:28,930	[INFO]	[algo_reco.train]	[t5_pegasus_finetune.second_stage.lcsts.py:262] Iter 1600:  Training Loss: 0.03649746999144554
2025-03-13 16:10:38,573	[INFO]	[algo_reco.train]	[t5_pegasus_finetune.second_stage.lcsts.py:262] Iter 1700:  Training Loss: 0.12271828949451447
2025-03-13 16:10:48,280	[INFO]	[algo_reco.train]	[t5_pegasus_finetune.second_stage.lcsts.py:262] Iter 1800:  Training Loss: 0.16586369276046753
2025-03-13 16:10:57,904	[INFO]	[algo_reco.train]	[t5_pegasus_finetune.second_stage.lcsts.py:262] Iter 1900:  Training Loss: 0.27353671193122864
2025-03-13 16:11:07,635	[INFO]	[algo_reco.train]	[t5_pegasus_finetune.second_stage.lcsts.py:262] Iter 2000:  Training Loss: 0.11125049740076065
2025-03-13 16:11:17,269	[INFO]	[algo_reco.train]	[t5_pegasus_finetune.second_stage.lcsts.py:262] Iter 2100:  Training Loss: 0.03720837086439133
2025-03-13 16:11:26,965	[INFO]	[algo_reco.train]	[t5_pegasus_finetune.second_stage.lcsts.py:262] Iter 2200:  Training Loss: 0.02816406823694706
2025-03-13 16:12:24,343	[INFO]	[algo_reco.train]	[t5_pegasus_finetune.second_stage.lcsts.py:303] Validation Loss: {'rouge-1': 0.26680699226077687, 'rouge-2': 0.14271462685672842, 'rouge-l': 0.24335780998509465}
2025-03-13 16:12:24,377	[INFO]	[algo_reco.train]	[t5_pegasus_finetune.second_stage.lcsts.py:262] Iter 0:  Training Loss: 0.16008654236793518
2025-03-13 16:12:34,044	[INFO]	[algo_reco.train]	[t5_pegasus_finetune.second_stage.lcsts.py:262] Iter 100:  Training Loss: 0.10503290593624115
2025-03-13 16:12:43,678	[INFO]	[algo_reco.train]	[t5_pegasus_finetune.second_stage.lcsts.py:262] Iter 200:  Training Loss: 0.10661187022924423
2025-03-13 16:12:53,408	[INFO]	[algo_reco.train]	[t5_pegasus_finetune.second_stage.lcsts.py:262] Iter 300:  Training Loss: 0.10602087527513504
2025-03-13 16:13:03,031	[INFO]	[algo_reco.train]	[t5_pegasus_finetune.second_stage.lcsts.py:262] Iter 400:  Training Loss: 0.05540311709046364
2025-03-13 16:13:12,765	[INFO]	[algo_reco.train]	[t5_pegasus_finetune.second_stage.lcsts.py:262] Iter 500:  Training Loss: 0.13905224204063416
2025-03-13 16:13:22,448	[INFO]	[algo_reco.train]	[t5_pegasus_finetune.second_stage.lcsts.py:262] Iter 600:  Training Loss: 0.32219091057777405
2025-03-13 16:13:32,145	[INFO]	[algo_reco.train]	[t5_pegasus_finetune.second_stage.lcsts.py:262] Iter 700:  Training Loss: 0.13791300356388092
2025-03-13 16:13:41,779	[INFO]	[algo_reco.train]	[t5_pegasus_finetune.second_stage.lcsts.py:262] Iter 800:  Training Loss: 0.054791100323200226
2025-03-13 16:13:51,476	[INFO]	[algo_reco.train]	[t5_pegasus_finetune.second_stage.lcsts.py:262] Iter 900:  Training Loss: 0.2623196244239807
2025-03-13 16:14:01,121	[INFO]	[algo_reco.train]	[t5_pegasus_finetune.second_stage.lcsts.py:262] Iter 1000:  Training Loss: 0.07472775876522064
2025-03-13 16:14:10,868	[INFO]	[algo_reco.train]	[t5_pegasus_finetune.second_stage.lcsts.py:262] Iter 1100:  Training Loss: 0.21681079268455505
2025-03-13 16:14:20,518	[INFO]	[algo_reco.train]	[t5_pegasus_finetune.second_stage.lcsts.py:262] Iter 1200:  Training Loss: 0.1313001811504364
2025-03-13 16:14:30,093	[INFO]	[algo_reco.train]	[t5_pegasus_finetune.second_stage.lcsts.py:262] Iter 1300:  Training Loss: 0.061997607350349426
2025-03-13 16:14:39,631	[INFO]	[algo_reco.train]	[t5_pegasus_finetune.second_stage.lcsts.py:262] Iter 1400:  Training Loss: 0.26619818806648254
2025-03-13 16:14:49,205	[INFO]	[algo_reco.train]	[t5_pegasus_finetune.second_stage.lcsts.py:262] Iter 1500:  Training Loss: 0.12105714529752731
2025-03-13 16:14:58,886	[INFO]	[algo_reco.train]	[t5_pegasus_finetune.second_stage.lcsts.py:262] Iter 1600:  Training Loss: 0.06631535291671753
2025-03-13 16:15:08,624	[INFO]	[algo_reco.train]	[t5_pegasus_finetune.second_stage.lcsts.py:262] Iter 1700:  Training Loss: 0.2789520025253296
2025-03-13 16:15:18,299	[INFO]	[algo_reco.train]	[t5_pegasus_finetune.second_stage.lcsts.py:262] Iter 1800:  Training Loss: 0.39692750573158264
2025-03-13 16:15:27,996	[INFO]	[algo_reco.train]	[t5_pegasus_finetune.second_stage.lcsts.py:262] Iter 1900:  Training Loss: 0.16001318395137787
2025-03-13 16:15:37,655	[INFO]	[algo_reco.train]	[t5_pegasus_finetune.second_stage.lcsts.py:262] Iter 2000:  Training Loss: 0.2093363255262375
2025-03-13 16:15:47,375	[INFO]	[algo_reco.train]	[t5_pegasus_finetune.second_stage.lcsts.py:262] Iter 2100:  Training Loss: 0.16046497225761414
2025-03-13 16:15:57,105	[INFO]	[algo_reco.train]	[t5_pegasus_finetune.second_stage.lcsts.py:262] Iter 2200:  Training Loss: 0.10676071047782898
2025-03-13 16:16:54,567	[INFO]	[algo_reco.train]	[t5_pegasus_finetune.second_stage.lcsts.py:303] Validation Loss: {'rouge-1': 0.26963912757466757, 'rouge-2': 0.14292152359570603, 'rouge-l': 0.24699963729868146}
2025-03-13 16:16:54,601	[INFO]	[algo_reco.train]	[t5_pegasus_finetune.second_stage.lcsts.py:262] Iter 0:  Training Loss: 0.12458919733762741
2025-03-13 16:17:04,161	[INFO]	[algo_reco.train]	[t5_pegasus_finetune.second_stage.lcsts.py:262] Iter 100:  Training Loss: 0.08836731314659119
2025-03-13 16:17:13,746	[INFO]	[algo_reco.train]	[t5_pegasus_finetune.second_stage.lcsts.py:262] Iter 200:  Training Loss: 0.31244900822639465
2025-03-13 16:17:23,417	[INFO]	[algo_reco.train]	[t5_pegasus_finetune.second_stage.lcsts.py:262] Iter 300:  Training Loss: 0.1120956540107727
2025-03-13 16:17:33,074	[INFO]	[algo_reco.train]	[t5_pegasus_finetune.second_stage.lcsts.py:262] Iter 400:  Training Loss: 0.24038751423358917
2025-03-13 16:17:42,767	[INFO]	[algo_reco.train]	[t5_pegasus_finetune.second_stage.lcsts.py:262] Iter 500:  Training Loss: 0.1781628429889679
2025-03-13 16:17:52,419	[INFO]	[algo_reco.train]	[t5_pegasus_finetune.second_stage.lcsts.py:262] Iter 600:  Training Loss: 0.11405476927757263
2025-03-13 16:18:02,076	[INFO]	[algo_reco.train]	[t5_pegasus_finetune.second_stage.lcsts.py:262] Iter 700:  Training Loss: 0.2158583402633667
2025-03-13 16:18:11,692	[INFO]	[algo_reco.train]	[t5_pegasus_finetune.second_stage.lcsts.py:262] Iter 800:  Training Loss: 0.1718350648880005
2025-03-13 16:18:21,395	[INFO]	[algo_reco.train]	[t5_pegasus_finetune.second_stage.lcsts.py:262] Iter 900:  Training Loss: 0.14318841695785522
2025-03-13 16:18:31,037	[INFO]	[algo_reco.train]	[t5_pegasus_finetune.second_stage.lcsts.py:262] Iter 1000:  Training Loss: 0.3209516704082489
2025-03-13 16:18:40,737	[INFO]	[algo_reco.train]	[t5_pegasus_finetune.second_stage.lcsts.py:262] Iter 1100:  Training Loss: 0.26451951265335083
2025-03-13 16:18:50,423	[INFO]	[algo_reco.train]	[t5_pegasus_finetune.second_stage.lcsts.py:262] Iter 1200:  Training Loss: 0.018948229029774666
2025-03-13 16:19:00,109	[INFO]	[algo_reco.train]	[t5_pegasus_finetune.second_stage.lcsts.py:262] Iter 1300:  Training Loss: 0.1502678096294403
2025-03-13 16:19:09,776	[INFO]	[algo_reco.train]	[t5_pegasus_finetune.second_stage.lcsts.py:262] Iter 1400:  Training Loss: 0.22961007058620453
2025-03-13 16:19:19,356	[INFO]	[algo_reco.train]	[t5_pegasus_finetune.second_stage.lcsts.py:262] Iter 1500:  Training Loss: 0.09447574615478516
2025-03-13 16:19:28,838	[INFO]	[algo_reco.train]	[t5_pegasus_finetune.second_stage.lcsts.py:262] Iter 1600:  Training Loss: 0.05479974299669266
2025-03-13 16:19:38,429	[INFO]	[algo_reco.train]	[t5_pegasus_finetune.second_stage.lcsts.py:262] Iter 1700:  Training Loss: 0.11556020379066467
2025-03-13 16:19:48,072	[INFO]	[algo_reco.train]	[t5_pegasus_finetune.second_stage.lcsts.py:262] Iter 1800:  Training Loss: 0.09512247145175934
2025-03-13 16:19:57,715	[INFO]	[algo_reco.train]	[t5_pegasus_finetune.second_stage.lcsts.py:262] Iter 1900:  Training Loss: 0.07544644922018051
2025-03-13 16:20:07,367	[INFO]	[algo_reco.train]	[t5_pegasus_finetune.second_stage.lcsts.py:262] Iter 2000:  Training Loss: 0.1488385647535324
2025-03-13 16:20:17,030	[INFO]	[algo_reco.train]	[t5_pegasus_finetune.second_stage.lcsts.py:262] Iter 2100:  Training Loss: 0.04019315540790558
2025-03-13 16:20:26,706	[INFO]	[algo_reco.train]	[t5_pegasus_finetune.second_stage.lcsts.py:262] Iter 2200:  Training Loss: 0.20589891076087952
2025-03-13 16:21:23,112	[INFO]	[algo_reco.train]	[t5_pegasus_finetune.second_stage.lcsts.py:303] Validation Loss: {'rouge-1': 0.26487182974311474, 'rouge-2': 0.1389512605170062, 'rouge-l': 0.2423402618033296}
2025-03-13 16:21:23,147	[INFO]	[algo_reco.train]	[t5_pegasus_finetune.second_stage.lcsts.py:262] Iter 0:  Training Loss: 0.30084899067878723
2025-03-13 16:21:32,870	[INFO]	[algo_reco.train]	[t5_pegasus_finetune.second_stage.lcsts.py:262] Iter 100:  Training Loss: 0.12810872495174408
2025-03-13 16:21:42,421	[INFO]	[algo_reco.train]	[t5_pegasus_finetune.second_stage.lcsts.py:262] Iter 200:  Training Loss: 0.04614684358239174
2025-03-13 16:21:52,059	[INFO]	[algo_reco.train]	[t5_pegasus_finetune.second_stage.lcsts.py:262] Iter 300:  Training Loss: 0.15759140253067017
2025-03-13 16:22:01,558	[INFO]	[algo_reco.train]	[t5_pegasus_finetune.second_stage.lcsts.py:262] Iter 400:  Training Loss: 0.0757891982793808
2025-03-13 16:22:11,612	[INFO]	[algo_reco.train]	[t5_pegasus_finetune.second_stage.lcsts.py:262] Iter 500:  Training Loss: 0.21485918760299683
2025-03-13 16:22:21,720	[INFO]	[algo_reco.train]	[t5_pegasus_finetune.second_stage.lcsts.py:262] Iter 600:  Training Loss: 0.22031578421592712
2025-03-13 16:22:31,619	[INFO]	[algo_reco.train]	[t5_pegasus_finetune.second_stage.lcsts.py:262] Iter 700:  Training Loss: 0.165565624833107
2025-03-13 16:22:41,460	[INFO]	[algo_reco.train]	[t5_pegasus_finetune.second_stage.lcsts.py:262] Iter 800:  Training Loss: 0.30523473024368286
2025-03-13 16:22:51,380	[INFO]	[algo_reco.train]	[t5_pegasus_finetune.second_stage.lcsts.py:262] Iter 900:  Training Loss: 0.283639520406723
2025-03-13 16:23:01,243	[INFO]	[algo_reco.train]	[t5_pegasus_finetune.second_stage.lcsts.py:262] Iter 1000:  Training Loss: 0.09241127222776413
2025-03-13 16:23:10,978	[INFO]	[algo_reco.train]	[t5_pegasus_finetune.second_stage.lcsts.py:262] Iter 1100:  Training Loss: 0.057860806584358215
2025-03-13 16:23:20,699	[INFO]	[algo_reco.train]	[t5_pegasus_finetune.second_stage.lcsts.py:262] Iter 1200:  Training Loss: 0.11933529376983643
2025-03-13 16:23:30,414	[INFO]	[algo_reco.train]	[t5_pegasus_finetune.second_stage.lcsts.py:262] Iter 1300:  Training Loss: 0.15787741541862488
2025-03-13 16:23:40,094	[INFO]	[algo_reco.train]	[t5_pegasus_finetune.second_stage.lcsts.py:262] Iter 1400:  Training Loss: 0.14709031581878662
2025-03-13 16:23:49,898	[INFO]	[algo_reco.train]	[t5_pegasus_finetune.second_stage.lcsts.py:262] Iter 1500:  Training Loss: 0.01251336932182312
2025-03-13 16:23:59,728	[INFO]	[algo_reco.train]	[t5_pegasus_finetune.second_stage.lcsts.py:262] Iter 1600:  Training Loss: 0.28747186064720154
2025-03-13 16:24:09,396	[INFO]	[algo_reco.train]	[t5_pegasus_finetune.second_stage.lcsts.py:262] Iter 1700:  Training Loss: 0.22364595532417297
2025-03-13 16:24:18,961	[INFO]	[algo_reco.train]	[t5_pegasus_finetune.second_stage.lcsts.py:262] Iter 1800:  Training Loss: 0.17806866765022278
2025-03-13 16:24:28,585	[INFO]	[algo_reco.train]	[t5_pegasus_finetune.second_stage.lcsts.py:262] Iter 1900:  Training Loss: 0.11456824094057083
2025-03-13 16:24:38,312	[INFO]	[algo_reco.train]	[t5_pegasus_finetune.second_stage.lcsts.py:262] Iter 2000:  Training Loss: 0.14710970222949982
2025-03-13 16:24:48,039	[INFO]	[algo_reco.train]	[t5_pegasus_finetune.second_stage.lcsts.py:262] Iter 2100:  Training Loss: 0.09651858359575272
2025-03-13 16:24:57,781	[INFO]	[algo_reco.train]	[t5_pegasus_finetune.second_stage.lcsts.py:262] Iter 2200:  Training Loss: 0.12544554471969604
2025-03-13 16:25:51,131	[INFO]	[algo_reco.train]	[t5_pegasus_finetune.second_stage.lcsts.py:303] Validation Loss: {'rouge-1': 0.2666692673097277, 'rouge-2': 0.14207383088812497, 'rouge-l': 0.24420374102379255}
2025-03-13 16:25:51,165	[INFO]	[algo_reco.train]	[t5_pegasus_finetune.second_stage.lcsts.py:262] Iter 0:  Training Loss: 0.1593339741230011
2025-03-13 16:26:00,861	[INFO]	[algo_reco.train]	[t5_pegasus_finetune.second_stage.lcsts.py:262] Iter 100:  Training Loss: 0.2101922482252121
2025-03-13 16:26:10,526	[INFO]	[algo_reco.train]	[t5_pegasus_finetune.second_stage.lcsts.py:262] Iter 200:  Training Loss: 0.12306443601846695
2025-03-13 16:26:20,219	[INFO]	[algo_reco.train]	[t5_pegasus_finetune.second_stage.lcsts.py:262] Iter 300:  Training Loss: 0.23311367630958557
2025-03-13 16:26:29,821	[INFO]	[algo_reco.train]	[t5_pegasus_finetune.second_stage.lcsts.py:262] Iter 400:  Training Loss: 0.11332601308822632
2025-03-13 16:26:39,435	[INFO]	[algo_reco.train]	[t5_pegasus_finetune.second_stage.lcsts.py:262] Iter 500:  Training Loss: 0.16532181203365326
2025-03-13 16:26:48,910	[INFO]	[algo_reco.train]	[t5_pegasus_finetune.second_stage.lcsts.py:262] Iter 600:  Training Loss: 0.060078177601099014
2025-03-13 16:26:58,571	[INFO]	[algo_reco.train]	[t5_pegasus_finetune.second_stage.lcsts.py:262] Iter 700:  Training Loss: 0.10685891658067703
2025-03-13 16:27:08,215	[INFO]	[algo_reco.train]	[t5_pegasus_finetune.second_stage.lcsts.py:262] Iter 800:  Training Loss: 0.08348869532346725
2025-03-13 16:27:17,879	[INFO]	[algo_reco.train]	[t5_pegasus_finetune.second_stage.lcsts.py:262] Iter 900:  Training Loss: 0.17600944638252258
2025-03-13 16:27:27,522	[INFO]	[algo_reco.train]	[t5_pegasus_finetune.second_stage.lcsts.py:262] Iter 1000:  Training Loss: 0.12129863351583481
2025-03-13 16:27:37,297	[INFO]	[algo_reco.train]	[t5_pegasus_finetune.second_stage.lcsts.py:262] Iter 1100:  Training Loss: 0.34392115473747253
2025-03-13 16:27:46,950	[INFO]	[algo_reco.train]	[t5_pegasus_finetune.second_stage.lcsts.py:262] Iter 1200:  Training Loss: 0.2827475368976593
2025-03-13 16:27:56,623	[INFO]	[algo_reco.train]	[t5_pegasus_finetune.second_stage.lcsts.py:262] Iter 1300:  Training Loss: 0.1734565645456314
2025-03-13 16:28:06,309	[INFO]	[algo_reco.train]	[t5_pegasus_finetune.second_stage.lcsts.py:262] Iter 1400:  Training Loss: 0.199588343501091
2025-03-13 16:28:16,003	[INFO]	[algo_reco.train]	[t5_pegasus_finetune.second_stage.lcsts.py:262] Iter 1500:  Training Loss: 0.025140179321169853
2025-03-13 16:28:25,661	[INFO]	[algo_reco.train]	[t5_pegasus_finetune.second_stage.lcsts.py:262] Iter 1600:  Training Loss: 0.16994066536426544
2025-03-13 16:28:35,349	[INFO]	[algo_reco.train]	[t5_pegasus_finetune.second_stage.lcsts.py:262] Iter 1700:  Training Loss: 0.111503966152668
2025-03-13 16:28:44,994	[INFO]	[algo_reco.train]	[t5_pegasus_finetune.second_stage.lcsts.py:262] Iter 1800:  Training Loss: 0.2045334130525589
2025-03-13 16:28:54,549	[INFO]	[algo_reco.train]	[t5_pegasus_finetune.second_stage.lcsts.py:262] Iter 1900:  Training Loss: 0.036163944751024246
2025-03-13 16:29:04,076	[INFO]	[algo_reco.train]	[t5_pegasus_finetune.second_stage.lcsts.py:262] Iter 2000:  Training Loss: 0.09207302331924438
2025-03-13 16:29:13,630	[INFO]	[algo_reco.train]	[t5_pegasus_finetune.second_stage.lcsts.py:262] Iter 2100:  Training Loss: 0.18279379606246948
2025-03-13 16:29:23,249	[INFO]	[algo_reco.train]	[t5_pegasus_finetune.second_stage.lcsts.py:262] Iter 2200:  Training Loss: 0.01046209130436182
2025-03-13 16:30:53,465	[INFO]	[algo_reco.train]	[t5_pegasus_finetune.second_stage.lcsts.py:303] Validation Loss: {'rouge-1': 0.2524858076510109, 'rouge-2': 0.13212192079482046, 'rouge-l': 0.22876742502602332}
