2025-05-03 15:21:02,256	[INFO]	[algo_reco.train]	[log.py:50] 
2025-05-03 15:21:02,256	[INFO]	[algo_reco.train]	[log.py:50] 
2025-05-03 15:21:02,256	[INFO]	[algo_reco.train]	[log.py:50] 
2025-05-03 15:21:02,256	[INFO]	[algo_reco.train]	[log.py:50] 
2025-05-03 15:21:02,256	[INFO]	[algo_reco.train]	[log.py:50] 
2025-05-03 15:21:02,256	[INFO]	[algo_reco.train]	[log.py:51] ========== new log ==========
2025-05-03 15:21:02,256	[DEBUG]	[algo_reco.train]	[log.py:52] logfile is [/root/news_summarization_data_pyramid/logs/t5_pegasus/v1.third_stage.predict.250503152102.log]
2025-05-03 15:21:02,256	[INFO]	[algo_reco.train]	[log.py:60] init logger done
2025-05-03 15:21:02,256	[INFO]	[algo_reco.train]	[log.py:61] 
2025-05-03 15:21:02,256	[DEBUG]	[algo_reco.train]	[t5_pegasus_predict.py:297] ===== input args =====
2025-05-03 15:21:02,256	[DEBUG]	[algo_reco.train]	[t5_pegasus_predict.py:299] test_data: data/THUCNews/companies_news_info_v2.test.txt
2025-05-03 15:21:02,256	[DEBUG]	[algo_reco.train]	[t5_pegasus_predict.py:299] result_file: data/THUCNews/companies_news_info_v2.test.direct_infer.third_stage.tsv
2025-05-03 15:21:02,256	[DEBUG]	[algo_reco.train]	[t5_pegasus_predict.py:299] pretrain_model: /root/news_summarization_data_pyramid/model/chinese_t5_pegasus_base_torch
2025-05-03 15:21:02,256	[DEBUG]	[algo_reco.train]	[t5_pegasus_predict.py:299] model_dir: /root/news_summarization_data_pyramid/model/saved_model
2025-05-03 15:21:02,256	[DEBUG]	[algo_reco.train]	[t5_pegasus_predict.py:299] model_specific_dir: t5_pegasus
2025-05-03 15:21:02,256	[DEBUG]	[algo_reco.train]	[t5_pegasus_predict.py:299] batch_size: 16
2025-05-03 15:21:02,256	[DEBUG]	[algo_reco.train]	[t5_pegasus_predict.py:299] max_len: 1024
2025-05-03 15:21:02,256	[DEBUG]	[algo_reco.train]	[t5_pegasus_predict.py:299] max_len_generate: 150
2025-05-03 15:21:02,256	[DEBUG]	[algo_reco.train]	[t5_pegasus_predict.py:299] length_penalty: 1.2
2025-05-03 15:21:02,256	[DEBUG]	[algo_reco.train]	[t5_pegasus_predict.py:299] use_multiprocess: False
2025-05-03 15:21:02,256	[DEBUG]	[algo_reco.train]	[t5_pegasus_predict.py:299] version: v1
2025-05-03 15:21:02,256	[DEBUG]	[algo_reco.train]	[t5_pegasus_predict.py:299] stage: third_stage
2025-05-03 15:21:02,256	[DEBUG]	[algo_reco.train]	[t5_pegasus_predict.py:300] 
