2025-01-11 17:13:24,575	[INFO]	[algo_reco.train]	[log.py:50] 
2025-01-11 17:13:24,575	[INFO]	[algo_reco.train]	[log.py:50] 
2025-01-11 17:13:24,575	[INFO]	[algo_reco.train]	[log.py:50] 
2025-01-11 17:13:24,576	[INFO]	[algo_reco.train]	[log.py:50] 
2025-01-11 17:13:24,576	[INFO]	[algo_reco.train]	[log.py:50] 
2025-01-11 17:13:24,576	[INFO]	[algo_reco.train]	[log.py:51] ========== new log ==========
2025-01-11 17:13:24,576	[DEBUG]	[algo_reco.train]	[log.py:52] logfile is [/root/develop/news_summarization_data_pyramid/logs/chinese_t5_pegasus_base_torch/250111171324.predict.log]
2025-01-11 17:13:24,576	[INFO]	[algo_reco.train]	[log.py:60] init logger done
2025-01-11 17:13:24,576	[INFO]	[algo_reco.train]	[log.py:61] 
2025-01-11 17:13:24,576	[DEBUG]	[algo_reco.train]	[t5_pegasus_predict.py:282] ===== input args =====
2025-01-11 17:13:24,576	[DEBUG]	[algo_reco.train]	[t5_pegasus_predict.py:284] test_data: data/THUCNews/companies_news_info_v2.test.txt
2025-01-11 17:13:24,576	[DEBUG]	[algo_reco.train]	[t5_pegasus_predict.py:284] result_file: data/THUCNews/companies_news_info_v2.test.direct_infer.tsv
2025-01-11 17:13:24,576	[DEBUG]	[algo_reco.train]	[t5_pegasus_predict.py:284] pretrain_model: /root/develop/news_summarization_data_pyramid/model/chinese_t5_pegasus_base_torch
2025-01-11 17:13:24,576	[DEBUG]	[algo_reco.train]	[t5_pegasus_predict.py:284] model_dir: /root/develop/news_summarization_data_pyramid/model
2025-01-11 17:13:24,576	[DEBUG]	[algo_reco.train]	[t5_pegasus_predict.py:284] model_specific_dir: chinese_t5_pegasus_base_torch
2025-01-11 17:13:24,576	[DEBUG]	[algo_reco.train]	[t5_pegasus_predict.py:284] batch_size: 16
2025-01-11 17:13:24,576	[DEBUG]	[algo_reco.train]	[t5_pegasus_predict.py:284] max_len: 512
2025-01-11 17:13:24,576	[DEBUG]	[algo_reco.train]	[t5_pegasus_predict.py:284] max_len_generate: 40
2025-01-11 17:13:24,576	[DEBUG]	[algo_reco.train]	[t5_pegasus_predict.py:284] use_multiprocess: False
2025-01-11 17:13:24,576	[DEBUG]	[algo_reco.train]	[t5_pegasus_predict.py:285] 
